{"/home/jr/Projetos/MestrAi/app/layout.tsx": {"path":"/home/jr/Projetos/MestrAi/app/layout.tsx","statementMap":{"0":{"start":{"line":12,"column":24},"end":{"line":12,"column":35}},"1":{"start":{"line":4,"column":13},"end":{"line":4,"column":21}},"2":{"start":{"line":1,"column":7},"end":{"line":1,"column":null}},"3":{"start":{"line":2,"column":18},"end":{"line":2,"column":null}},"4":{"start":{"line":4,"column":24},"end":{"line":10,"column":null}}},"fnMap":{"0":{"name":"RootLayout","decl":{"start":{"line":12,"column":24},"end":{"line":12,"column":35}},"loc":{"start":{"line":12,"column":78},"end":{"line":20,"column":1}}}},"branchMap":{},"s":{"0":0,"1":0,"2":0,"3":0,"4":0},"f":{"0":0},"b":{}}
,"/home/jr/Projetos/MestrAi/app/not-found.tsx": {"path":"/home/jr/Projetos/MestrAi/app/not-found.tsx","statementMap":{"0":{"start":{"line":1,"column":24},"end":{"line":1,"column":null}}},"fnMap":{"0":{"name":"NotFound","decl":{"start":{"line":1,"column":24},"end":{"line":1,"column":null}},"loc":{"start":{"line":1,"column":24},"end":{"line":7,"column":null}}}},"branchMap":{},"s":{"0":0},"f":{"0":0},"b":{}}
,"/home/jr/Projetos/MestrAi/app/page.tsx": {"path":"/home/jr/Projetos/MestrAi/app/page.tsx","statementMap":{"0":{"start":{"line":6,"column":24},"end":{"line":6,"column":null}},"1":{"start":{"line":3,"column":26},"end":{"line":3,"column":null}},"2":{"start":{"line":4,"column":28},"end":{"line":4,"column":null}},"3":{"start":{"line":7,"column":17},"end":{"line":7,"column":null}},"4":{"start":{"line":11,"column":21},"end":{"line":11,"column":null}},"5":{"start":{"line":12,"column":26},"end":{"line":12,"column":null}}},"fnMap":{"0":{"name":"HomePage","decl":{"start":{"line":6,"column":24},"end":{"line":6,"column":null}},"loc":{"start":{"line":6,"column":24},"end":{"line":15,"column":null}}},"1":{"name":"(anonymous_2)","decl":{"start":{"line":11,"column":15},"end":{"line":11,"column":21}},"loc":{"start":{"line":11,"column":21},"end":{"line":11,"column":null}}},"2":{"name":"(anonymous_3)","decl":{"start":{"line":12,"column":20},"end":{"line":12,"column":26}},"loc":{"start":{"line":12,"column":26},"end":{"line":12,"column":null}}}},"branchMap":{},"s":{"0":0,"1":0,"2":0,"3":0,"4":0,"5":0},"f":{"0":0,"1":0,"2":0},"b":{}}
,"/home/jr/Projetos/MestrAi/app/api/character-infer/route.ts": {"path":"/home/jr/Projetos/MestrAi/app/api/character-infer/route.ts","statementMap":{"0":{"start":{"line":86,"column":22},"end":{"line":86,"column":27}},"1":{"start":{"line":1,"column":29},"end":{"line":1,"column":null}},"2":{"start":{"line":2,"column":17},"end":{"line":2,"column":null}},"3":{"start":{"line":3,"column":18},"end":{"line":3,"column":null}},"4":{"start":{"line":4,"column":27},"end":{"line":4,"column":null}},"5":{"start":{"line":5,"column":30},"end":{"line":5,"column":null}},"6":{"start":{"line":6,"column":34},"end":{"line":6,"column":null}},"7":{"start":{"line":7,"column":35},"end":{"line":7,"column":null}},"8":{"start":{"line":10,"column":19},"end":{"line":19,"column":null}},"9":{"start":{"line":21,"column":24},"end":{"line":25,"column":null}},"10":{"start":{"line":27,"column":39},"end":{"line":27,"column":null}},"11":{"start":{"line":29,"column":21},"end":{"line":36,"column":null}},"12":{"start":{"line":30,"column":2},"end":{"line":30,"column":null}},"13":{"start":{"line":30,"column":59},"end":{"line":30,"column":null}},"14":{"start":{"line":31,"column":2},"end":{"line":34,"column":null}},"15":{"start":{"line":32,"column":19},"end":{"line":32,"column":null}},"16":{"start":{"line":33,"column":4},"end":{"line":33,"column":null}},"17":{"start":{"line":35,"column":2},"end":{"line":35,"column":null}},"18":{"start":{"line":38,"column":28},"end":{"line":53,"column":null}},"19":{"start":{"line":39,"column":46},"end":{"line":44,"column":null}},"20":{"start":{"line":46,"column":2},"end":{"line":50,"column":null}},"21":{"start":{"line":47,"column":16},"end":{"line":47,"column":58}},"22":{"start":{"line":48,"column":20},"end":{"line":48,"column":null}},"23":{"start":{"line":49,"column":4},"end":{"line":49,"column":null}},"24":{"start":{"line":52,"column":2},"end":{"line":52,"column":null}},"25":{"start":{"line":55,"column":27},"end":{"line":84,"column":null}},"26":{"start":{"line":56,"column":2},"end":{"line":56,"column":null}},"27":{"start":{"line":56,"column":29},"end":{"line":56,"column":null}},"28":{"start":{"line":57,"column":2},"end":{"line":83,"column":null}},"29":{"start":{"line":59,"column":6},"end":{"line":66,"column":null}},"30":{"start":{"line":60,"column":8},"end":{"line":65,"column":null}},"31":{"start":{"line":67,"column":6},"end":{"line":80,"column":null}},"32":{"start":{"line":68,"column":21},"end":{"line":68,"column":null}},"33":{"start":{"line":69,"column":8},"end":{"line":69,"column":null}},"34":{"start":{"line":69,"column":19},"end":{"line":69,"column":null}},"35":{"start":{"line":70,"column":21},"end":{"line":70,"column":null}},"36":{"start":{"line":71,"column":25},"end":{"line":71,"column":null}},"37":{"start":{"line":72,"column":8},"end":{"line":79,"column":null}},"38":{"start":{"line":81,"column":6},"end":{"line":81,"column":null}},"39":{"start":{"line":87,"column":2},"end":{"line":193,"column":null}},"40":{"start":{"line":88,"column":20},"end":{"line":88,"column":null}},"41":{"start":{"line":90,"column":15},"end":{"line":90,"column":null}},"42":{"start":{"line":91,"column":20},"end":{"line":91,"column":33}},"43":{"start":{"line":92,"column":4},"end":{"line":94,"column":null}},"44":{"start":{"line":93,"column":6},"end":{"line":93,"column":null}},"45":{"start":{"line":96,"column":17},"end":{"line":96,"column":null}},"46":{"start":{"line":97,"column":19},"end":{"line":97,"column":null}},"47":{"start":{"line":98,"column":4},"end":{"line":100,"column":null}},"48":{"start":{"line":99,"column":6},"end":{"line":99,"column":null}},"49":{"start":{"line":103,"column":4},"end":{"line":107,"column":null}},"50":{"start":{"line":104,"column":6},"end":{"line":104,"column":null}},"51":{"start":{"line":106,"column":6},"end":{"line":106,"column":null}},"52":{"start":{"line":109,"column":82},"end":{"line":109,"column":93}},"53":{"start":{"line":110,"column":15},"end":{"line":110,"column":null}},"54":{"start":{"line":112,"column":19},"end":{"line":145,"column":40}},"55":{"start":{"line":147,"column":19},"end":{"line":154,"column":null}},"56":{"start":{"line":149,"column":8},"end":{"line":153,"column":null}},"57":{"start":{"line":157,"column":16},"end":{"line":157,"column":null}},"58":{"start":{"line":158,"column":22},"end":{"line":158,"column":null}},"59":{"start":{"line":159,"column":4},"end":{"line":161,"column":null}},"60":{"start":{"line":160,"column":6},"end":{"line":160,"column":null}},"61":{"start":{"line":163,"column":26},"end":{"line":163,"column":null}},"62":{"start":{"line":164,"column":4},"end":{"line":168,"column":null}},"63":{"start":{"line":165,"column":6},"end":{"line":165,"column":null}},"64":{"start":{"line":167,"column":6},"end":{"line":167,"column":null}},"65":{"start":{"line":170,"column":22},"end":{"line":170,"column":null}},"66":{"start":{"line":171,"column":4},"end":{"line":173,"column":null}},"67":{"start":{"line":172,"column":6},"end":{"line":172,"column":null}},"68":{"start":{"line":175,"column":33},"end":{"line":175,"column":null}},"69":{"start":{"line":176,"column":32},"end":{"line":176,"column":null}},"70":{"start":{"line":177,"column":28},"end":{"line":177,"column":null}},"71":{"start":{"line":179,"column":38},"end":{"line":187,"column":null}},"72":{"start":{"line":189,"column":4},"end":{"line":189,"column":null}},"73":{"start":{"line":191,"column":4},"end":{"line":191,"column":null}},"74":{"start":{"line":192,"column":4},"end":{"line":192,"column":null}}},"fnMap":{"0":{"name":"(anonymous_2)","decl":{"start":{"line":29,"column":21},"end":{"line":29,"column":22}},"loc":{"start":{"line":29,"column":22},"end":{"line":36,"column":null}}},"1":{"name":"(anonymous_3)","decl":{"start":{"line":38,"column":28},"end":{"line":38,"column":29}},"loc":{"start":{"line":38,"column":29},"end":{"line":53,"column":null}}},"2":{"name":"(anonymous_4)","decl":{"start":{"line":46,"column":24},"end":{"line":46,"column":25}},"loc":{"start":{"line":46,"column":25},"end":{"line":50,"column":null}}},"3":{"name":"(anonymous_5)","decl":{"start":{"line":55,"column":27},"end":{"line":55,"column":28}},"loc":{"start":{"line":55,"column":28},"end":{"line":84,"column":null}}},"4":{"name":"(anonymous_6)","decl":{"start":{"line":58,"column":9},"end":{"line":58,"column":10}},"loc":{"start":{"line":58,"column":10},"end":{"line":82,"column":null}}},"5":{"name":"POST","decl":{"start":{"line":86,"column":22},"end":{"line":86,"column":27}},"loc":{"start":{"line":86,"column":39},"end":{"line":194,"column":null}}},"6":{"name":"(anonymous_8)","decl":{"start":{"line":148,"column":6},"end":{"line":148,"column":7}},"loc":{"start":{"line":149,"column":8},"end":{"line":153,"column":null}}}},"branchMap":{"0":{"loc":{"start":{"line":30,"column":2},"end":{"line":30,"column":null}},"type":"if","locations":[{"start":{"line":30,"column":2},"end":{"line":30,"column":null}},{"start":{},"end":{}}]},"1":{"loc":{"start":{"line":30,"column":6},"end":{"line":30,"column":59}},"type":"binary-expr","locations":[{"start":{"line":30,"column":6},"end":{"line":30,"column":35}},{"start":{"line":30,"column":35},"end":{"line":30,"column":59}}]},"2":{"loc":{"start":{"line":31,"column":2},"end":{"line":34,"column":null}},"type":"if","locations":[{"start":{"line":31,"column":2},"end":{"line":34,"column":null}},{"start":{},"end":{}}]},"3":{"loc":{"start":{"line":33,"column":11},"end":{"line":33,"column":null}},"type":"cond-expr","locations":[{"start":{"line":33,"column":37},"end":{"line":33,"column":46}},{"start":{"line":33,"column":46},"end":{"line":33,"column":null}}]},"4":{"loc":{"start":{"line":47,"column":16},"end":{"line":47,"column":58}},"type":"binary-expr","locations":[{"start":{"line":47,"column":16},"end":{"line":47,"column":28}},{"start":{"line":47,"column":32},"end":{"line":47,"column":58}}]},"5":{"loc":{"start":{"line":49,"column":16},"end":{"line":49,"column":null}},"type":"cond-expr","locations":[{"start":{"line":49,"column":35},"end":{"line":49,"column":39}},{"start":{"line":49,"column":39},"end":{"line":49,"column":null}}]},"6":{"loc":{"start":{"line":56,"column":2},"end":{"line":56,"column":null}},"type":"if","locations":[{"start":{"line":56,"column":2},"end":{"line":56,"column":null}},{"start":{},"end":{}}]},"7":{"loc":{"start":{"line":59,"column":6},"end":{"line":66,"column":null}},"type":"if","locations":[{"start":{"line":59,"column":6},"end":{"line":66,"column":null}},{"start":{},"end":{}}]},"8":{"loc":{"start":{"line":67,"column":6},"end":{"line":80,"column":null}},"type":"if","locations":[{"start":{"line":67,"column":6},"end":{"line":80,"column":null}},{"start":{},"end":{}}]},"9":{"loc":{"start":{"line":67,"column":10},"end":{"line":67,"column":46}},"type":"binary-expr","locations":[{"start":{"line":67,"column":10},"end":{"line":67,"column":19}},{"start":{"line":67,"column":19},"end":{"line":67,"column":46}}]},"10":{"loc":{"start":{"line":68,"column":21},"end":{"line":68,"column":null}},"type":"cond-expr","locations":[{"start":{"line":68,"column":63},"end":{"line":68,"column":92}},{"start":{"line":68,"column":92},"end":{"line":68,"column":null}}]},"11":{"loc":{"start":{"line":69,"column":8},"end":{"line":69,"column":null}},"type":"if","locations":[{"start":{"line":69,"column":8},"end":{"line":69,"column":null}},{"start":{},"end":{}}]},"12":{"loc":{"start":{"line":70,"column":21},"end":{"line":70,"column":null}},"type":"cond-expr","locations":[{"start":{"line":70,"column":60},"end":{"line":70,"column":75}},{"start":{"line":70,"column":75},"end":{"line":70,"column":null}}]},"13":{"loc":{"start":{"line":71,"column":25},"end":{"line":71,"column":null}},"type":"binary-expr","locations":[{"start":{"line":71,"column":25},"end":{"line":71,"column":66}},{"start":{"line":71,"column":66},"end":{"line":71,"column":null}}]},"14":{"loc":{"start":{"line":73,"column":14},"end":{"line":75,"column":null}},"type":"cond-expr","locations":[{"start":{"line":74,"column":14},"end":{"line":74,"column":31}},{"start":{"line":75,"column":14},"end":{"line":75,"column":null}}]},"15":{"loc":{"start":{"line":73,"column":14},"end":{"line":73,"column":null}},"type":"binary-expr","locations":[{"start":{"line":73,"column":14},"end":{"line":73,"column":55}},{"start":{"line":73,"column":55},"end":{"line":73,"column":null}}]},"16":{"loc":{"start":{"line":88,"column":20},"end":{"line":88,"column":null}},"type":"binary-expr","locations":[{"start":{"line":88,"column":20},"end":{"line":88,"column":59}},{"start":{"line":88,"column":59},"end":{"line":88,"column":null}}]},"17":{"loc":{"start":{"line":90,"column":16},"end":{"line":90,"column":62}},"type":"binary-expr","locations":[{"start":{"line":90,"column":16},"end":{"line":90,"column":54}},{"start":{"line":90,"column":54},"end":{"line":90,"column":62}}]},"18":{"loc":{"start":{"line":92,"column":4},"end":{"line":94,"column":null}},"type":"if","locations":[{"start":{"line":92,"column":4},"end":{"line":94,"column":null}},{"start":{},"end":{}}]},"19":{"loc":{"start":{"line":98,"column":4},"end":{"line":100,"column":null}},"type":"if","locations":[{"start":{"line":98,"column":4},"end":{"line":100,"column":null}},{"start":{},"end":{}}]},"20":{"loc":{"start":{"line":124,"column":26},"end":{"line":124,"column":43}},"type":"binary-expr","locations":[{"start":{"line":124,"column":26},"end":{"line":124,"column":40}},{"start":{"line":124,"column":40},"end":{"line":124,"column":43}}]},"21":{"loc":{"start":{"line":157,"column":16},"end":{"line":157,"column":null}},"type":"binary-expr","locations":[{"start":{"line":157,"column":16},"end":{"line":157,"column":57}},{"start":{"line":157,"column":57},"end":{"line":157,"column":null}}]},"22":{"loc":{"start":{"line":159,"column":4},"end":{"line":161,"column":null}},"type":"if","locations":[{"start":{"line":159,"column":4},"end":{"line":161,"column":null}},{"start":{},"end":{}}]},"23":{"loc":{"start":{"line":171,"column":4},"end":{"line":173,"column":null}},"type":"if","locations":[{"start":{"line":171,"column":4},"end":{"line":173,"column":null}},{"start":{},"end":{}}]},"24":{"loc":{"start":{"line":172,"column":44},"end":{"line":172,"column":62}},"type":"binary-expr","locations":[{"start":{"line":172,"column":44},"end":{"line":172,"column":58}},{"start":{"line":172,"column":58},"end":{"line":172,"column":62}}]},"25":{"loc":{"start":{"line":175,"column":53},"end":{"line":175,"column":null}},"type":"binary-expr","locations":[{"start":{"line":175,"column":53},"end":{"line":175,"column":78}},{"start":{"line":175,"column":82},"end":{"line":175,"column":null}}]},"26":{"loc":{"start":{"line":176,"column":51},"end":{"line":176,"column":81}},"type":"binary-expr","locations":[{"start":{"line":176,"column":51},"end":{"line":176,"column":75}},{"start":{"line":176,"column":79},"end":{"line":176,"column":81}}]},"27":{"loc":{"start":{"line":177,"column":29},"end":{"line":177,"column":86}},"type":"binary-expr","locations":[{"start":{"line":177,"column":29},"end":{"line":177,"column":43}},{"start":{"line":177,"column":43},"end":{"line":177,"column":68}},{"start":{"line":177,"column":72},"end":{"line":177,"column":86}}]}},"s":{"0":0,"1":0,"2":0,"3":0,"4":0,"5":0,"6":0,"7":0,"8":0,"9":0,"10":0,"11":0,"12":0,"13":0,"14":0,"15":0,"16":0,"17":0,"18":0,"19":0,"20":0,"21":0,"22":0,"23":0,"24":0,"25":0,"26":0,"27":0,"28":0,"29":0,"30":0,"31":0,"32":0,"33":0,"34":0,"35":0,"36":0,"37":0,"38":0,"39":0,"40":0,"41":0,"42":0,"43":0,"44":0,"45":0,"46":0,"47":0,"48":0,"49":0,"50":0,"51":0,"52":0,"53":0,"54":0,"55":0,"56":0,"57":0,"58":0,"59":0,"60":0,"61":0,"62":0,"63":0,"64":0,"65":0,"66":0,"67":0,"68":0,"69":0,"70":0,"71":0,"72":0,"73":0,"74":0},"f":{"0":0,"1":0,"2":0,"3":0,"4":0,"5":0,"6":0},"b":{"0":[0,0],"1":[0,0],"2":[0,0],"3":[0,0],"4":[0,0],"5":[0,0],"6":[0,0],"7":[0,0],"8":[0,0],"9":[0,0],"10":[0,0],"11":[0,0],"12":[0,0],"13":[0,0],"14":[0,0],"15":[0,0],"16":[0,0],"17":[0,0],"18":[0,0],"19":[0,0],"20":[0,0],"21":[0,0],"22":[0,0],"23":[0,0],"24":[0,0],"25":[0,0],"26":[0,0],"27":[0,0,0]}}
,"/home/jr/Projetos/MestrAi/app/api/chat/route.ts": {"path":"/home/jr/Projetos/MestrAi/app/api/chat/route.ts","statementMap":{"0":{"start":{"line":186,"column":22},"end":{"line":186,"column":27}},"1":{"start":{"line":1,"column":29},"end":{"line":1,"column":null}},"2":{"start":{"line":2,"column":17},"end":{"line":2,"column":null}},"3":{"start":{"line":4,"column":18},"end":{"line":4,"column":null}},"4":{"start":{"line":5,"column":27},"end":{"line":5,"column":null}},"5":{"start":{"line":6,"column":34},"end":{"line":6,"column":null}},"6":{"start":{"line":7,"column":30},"end":{"line":7,"column":null}},"7":{"start":{"line":8,"column":34},"end":{"line":8,"column":null}},"8":{"start":{"line":9,"column":40},"end":{"line":9,"column":null}},"9":{"start":{"line":10,"column":54},"end":{"line":10,"column":null}},"10":{"start":{"line":13,"column":26},"end":{"line":13,"column":null}},"11":{"start":{"line":15,"column":26},"end":{"line":23,"column":null}},"12":{"start":{"line":25,"column":26},"end":{"line":31,"column":null}},"13":{"start":{"line":33,"column":24},"end":{"line":39,"column":null}},"14":{"start":{"line":41,"column":29},"end":{"line":45,"column":null}},"15":{"start":{"line":47,"column":28},"end":{"line":53,"column":null}},"16":{"start":{"line":55,"column":30},"end":{"line":62,"column":null}},"17":{"start":{"line":64,"column":30},"end":{"line":89,"column":null}},"18":{"start":{"line":91,"column":30},"end":{"line":117,"column":null}},"19":{"start":{"line":120,"column":2},"end":{"line":120,"column":null}},"20":{"start":{"line":120,"column":13},"end":{"line":120,"column":null}},"21":{"start":{"line":121,"column":2},"end":{"line":121,"column":null}},"22":{"start":{"line":121,"column":32},"end":{"line":121,"column":null}},"23":{"start":{"line":122,"column":2},"end":{"line":128,"column":null}},"24":{"start":{"line":123,"column":4},"end":{"line":127,"column":null}},"25":{"start":{"line":124,"column":6},"end":{"line":124,"column":null}},"26":{"start":{"line":126,"column":6},"end":{"line":126,"column":null}},"27":{"start":{"line":129,"column":2},"end":{"line":129,"column":null}},"28":{"start":{"line":133,"column":16},"end":{"line":133,"column":55}},"29":{"start":{"line":134,"column":2},"end":{"line":138,"column":null}},"30":{"start":{"line":134,"column":30},"end":{"line":138,"column":null}},"31":{"start":{"line":142,"column":2},"end":{"line":142,"column":null}},"32":{"start":{"line":142,"column":14},"end":{"line":142,"column":null}},"33":{"start":{"line":144,"column":4},"end":{"line":146,"column":35}},"34":{"start":{"line":147,"column":2},"end":{"line":150,"column":null}},"35":{"start":{"line":148,"column":19},"end":{"line":148,"column":null}},"36":{"start":{"line":149,"column":4},"end":{"line":149,"column":null}},"37":{"start":{"line":149,"column":33},"end":{"line":149,"column":null}},"38":{"start":{"line":151,"column":18},"end":{"line":151,"column":null}},"39":{"start":{"line":152,"column":2},"end":{"line":159,"column":null}},"40":{"start":{"line":153,"column":18},"end":{"line":153,"column":null}},"41":{"start":{"line":153,"column":38},"end":{"line":153,"column":null}},"42":{"start":{"line":154,"column":18},"end":{"line":154,"column":60}},"43":{"start":{"line":155,"column":4},"end":{"line":158,"column":null}},"44":{"start":{"line":156,"column":20},"end":{"line":156,"column":null}},"45":{"start":{"line":157,"column":6},"end":{"line":157,"column":null}},"46":{"start":{"line":157,"column":17},"end":{"line":157,"column":null}},"47":{"start":{"line":160,"column":14},"end":{"line":160,"column":null}},"48":{"start":{"line":161,"column":19},"end":{"line":161,"column":null}},"49":{"start":{"line":162,"column":2},"end":{"line":162,"column":null}},"50":{"start":{"line":162,"column":16},"end":{"line":162,"column":null}},"51":{"start":{"line":163,"column":2},"end":{"line":163,"column":null}},"52":{"start":{"line":166,"column":19},"end":{"line":178,"column":null}},"53":{"start":{"line":181,"column":2},"end":{"line":181,"column":null}},"54":{"start":{"line":181,"column":26},"end":{"line":181,"column":null}},"55":{"start":{"line":182,"column":2},"end":{"line":182,"column":null}},"56":{"start":{"line":182,"column":27},"end":{"line":182,"column":null}},"57":{"start":{"line":183,"column":2},"end":{"line":183,"column":null}},"58":{"start":{"line":187,"column":2},"end":{"line":536,"column":null}},"59":{"start":{"line":188,"column":17},"end":{"line":188,"column":null}},"60":{"start":{"line":189,"column":19},"end":{"line":189,"column":null}},"61":{"start":{"line":190,"column":4},"end":{"line":192,"column":null}},"62":{"start":{"line":191,"column":6},"end":{"line":191,"column":null}},"63":{"start":{"line":194,"column":56},"end":{"line":194,"column":67}},"64":{"start":{"line":195,"column":20},"end":{"line":195,"column":null}},"65":{"start":{"line":197,"column":4},"end":{"line":201,"column":null}},"66":{"start":{"line":198,"column":6},"end":{"line":198,"column":null}},"67":{"start":{"line":200,"column":6},"end":{"line":200,"column":null}},"68":{"start":{"line":202,"column":15},"end":{"line":202,"column":null}},"69":{"start":{"line":204,"column":23},"end":{"line":204,"column":null}},"70":{"start":{"line":205,"column":18},"end":{"line":205,"column":null}},"71":{"start":{"line":206,"column":4},"end":{"line":208,"column":null}},"72":{"start":{"line":207,"column":6},"end":{"line":207,"column":null}},"73":{"start":{"line":210,"column":15},"end":{"line":210,"column":null}},"74":{"start":{"line":211,"column":4},"end":{"line":213,"column":null}},"75":{"start":{"line":212,"column":6},"end":{"line":212,"column":null}},"76":{"start":{"line":214,"column":31},"end":{"line":214,"column":null}},"77":{"start":{"line":215,"column":4},"end":{"line":217,"column":null}},"78":{"start":{"line":216,"column":6},"end":{"line":216,"column":null}},"79":{"start":{"line":219,"column":20},"end":{"line":219,"column":61}},"80":{"start":{"line":220,"column":4},"end":{"line":222,"column":null}},"81":{"start":{"line":221,"column":6},"end":{"line":221,"column":null}},"82":{"start":{"line":224,"column":34},"end":{"line":228,"column":null}},"83":{"start":{"line":230,"column":33},"end":{"line":235,"column":null}},"84":{"start":{"line":237,"column":4},"end":{"line":239,"column":null}},"85":{"start":{"line":238,"column":6},"end":{"line":238,"column":null}},"86":{"start":{"line":241,"column":4},"end":{"line":243,"column":null}},"87":{"start":{"line":242,"column":6},"end":{"line":242,"column":null}},"88":{"start":{"line":245,"column":4},"end":{"line":247,"column":null}},"89":{"start":{"line":246,"column":6},"end":{"line":246,"column":null}},"90":{"start":{"line":249,"column":28},"end":{"line":249,"column":65}},"91":{"start":{"line":250,"column":4},"end":{"line":252,"column":null}},"92":{"start":{"line":251,"column":6},"end":{"line":251,"column":null}},"93":{"start":{"line":254,"column":18},"end":{"line":254,"column":null}},"94":{"start":{"line":255,"column":54},"end":{"line":255,"column":56}},"95":{"start":{"line":256,"column":4},"end":{"line":266,"column":null}},"96":{"start":{"line":257,"column":35},"end":{"line":261,"column":null}},"97":{"start":{"line":262,"column":6},"end":{"line":265,"column":null}},"98":{"start":{"line":262,"column":53},"end":{"line":265,"column":null}},"99":{"start":{"line":268,"column":19},"end":{"line":290,"column":null}},"100":{"start":{"line":276,"column":29},"end":{"line":276,"column":null}},"101":{"start":{"line":277,"column":28},"end":{"line":277,"column":null}},"102":{"start":{"line":278,"column":28},"end":{"line":280,"column":null}},"103":{"start":{"line":281,"column":31},"end":{"line":281,"column":null}},"104":{"start":{"line":282,"column":16},"end":{"line":282,"column":null}},"105":{"start":{"line":289,"column":78},"end":{"line":289,"column":84}},"106":{"start":{"line":293,"column":26},"end":{"line":296,"column":null}},"107":{"start":{"line":293,"column":104},"end":{"line":296,"column":null}},"108":{"start":{"line":298,"column":50},"end":{"line":300,"column":null}},"109":{"start":{"line":299,"column":21},"end":{"line":299,"column":43}},"110":{"start":{"line":300,"column":18},"end":{"line":300,"column":null}},"111":{"start":{"line":302,"column":40},"end":{"line":367,"column":null}},"112":{"start":{"line":369,"column":55},"end":{"line":372,"column":null}},"113":{"start":{"line":374,"column":26},"end":{"line":407,"column":null}},"114":{"start":{"line":375,"column":6},"end":{"line":400,"column":null}},"115":{"start":{"line":376,"column":27},"end":{"line":376,"column":77}},"116":{"start":{"line":377,"column":25},"end":{"line":377,"column":null}},"117":{"start":{"line":378,"column":8},"end":{"line":399,"column":null}},"118":{"start":{"line":402,"column":6},"end":{"line":404,"column":null}},"119":{"start":{"line":403,"column":8},"end":{"line":403,"column":null}},"120":{"start":{"line":406,"column":6},"end":{"line":406,"column":null}},"121":{"start":{"line":410,"column":6},"end":{"line":411,"column":null}},"122":{"start":{"line":413,"column":4},"end":{"line":502,"column":null}},"123":{"start":{"line":415,"column":6},"end":{"line":441,"column":null}},"124":{"start":{"line":416,"column":8},"end":{"line":426,"column":null}},"125":{"start":{"line":418,"column":12},"end":{"line":425,"column":null}},"126":{"start":{"line":429,"column":23},"end":{"line":429,"column":null}},"127":{"start":{"line":430,"column":8},"end":{"line":439,"column":null}},"128":{"start":{"line":431,"column":29},"end":{"line":431,"column":null}},"129":{"start":{"line":432,"column":10},"end":{"line":437,"column":null}},"130":{"start":{"line":440,"column":8},"end":{"line":440,"column":null}},"131":{"start":{"line":443,"column":22},"end":{"line":443,"column":null}},"132":{"start":{"line":444,"column":21},"end":{"line":493,"column":null}},"133":{"start":{"line":446,"column":25},"end":{"line":446,"column":null}},"134":{"start":{"line":447,"column":30},"end":{"line":447,"column":null}},"135":{"start":{"line":448,"column":10},"end":{"line":491,"column":null}},"136":{"start":{"line":449,"column":12},"end":{"line":472,"column":null}},"137":{"start":{"line":450,"column":28},"end":{"line":450,"column":null}},"138":{"start":{"line":451,"column":32},"end":{"line":451,"column":null}},"139":{"start":{"line":452,"column":37},"end":{"line":452,"column":93}},"140":{"start":{"line":454,"column":14},"end":{"line":464,"column":null}},"141":{"start":{"line":455,"column":31},"end":{"line":455,"column":98}},"142":{"start":{"line":456,"column":33},"end":{"line":456,"column":null}},"143":{"start":{"line":457,"column":16},"end":{"line":459,"column":null}},"144":{"start":{"line":458,"column":18},"end":{"line":458,"column":null}},"145":{"start":{"line":460,"column":16},"end":{"line":462,"column":null}},"146":{"start":{"line":461,"column":18},"end":{"line":461,"column":null}},"147":{"start":{"line":463,"column":16},"end":{"line":463,"column":null}},"148":{"start":{"line":466,"column":14},"end":{"line":471,"column":null}},"149":{"start":{"line":467,"column":16},"end":{"line":467,"column":null}},"150":{"start":{"line":468,"column":16},"end":{"line":469,"column":null}},"151":{"start":{"line":474,"column":30},"end":{"line":478,"column":null}},"152":{"start":{"line":474,"column":78},"end":{"line":478,"column":null}},"153":{"start":{"line":480,"column":12},"end":{"line":482,"column":null}},"154":{"start":{"line":486,"column":12},"end":{"line":487,"column":null}},"155":{"start":{"line":490,"column":12},"end":{"line":490,"column":null}},"156":{"start":{"line":495,"column":6},"end":{"line":501,"column":null}},"157":{"start":{"line":504,"column":21},"end":{"line":513,"column":null}},"158":{"start":{"line":506,"column":8},"end":{"line":512,"column":null}},"159":{"start":{"line":516,"column":20},"end":{"line":516,"column":null}},"160":{"start":{"line":517,"column":17},"end":{"line":517,"column":null}},"161":{"start":{"line":518,"column":22},"end":{"line":518,"column":null}},"162":{"start":{"line":519,"column":28},"end":{"line":519,"column":null}},"163":{"start":{"line":519,"column":53},"end":{"line":519,"column":null}},"164":{"start":{"line":521,"column":4},"end":{"line":524,"column":null}},"165":{"start":{"line":526,"column":19},"end":{"line":526,"column":null}},"166":{"start":{"line":527,"column":4},"end":{"line":527,"column":null}},"167":{"start":{"line":528,"column":4},"end":{"line":534,"column":null}},"168":{"start":{"line":529,"column":25},"end":{"line":529,"column":null}},"169":{"start":{"line":530,"column":6},"end":{"line":532,"column":null}},"170":{"start":{"line":535,"column":4},"end":{"line":535,"column":null}}},"fnMap":{"0":{"name":"safeParseArgs","decl":{"start":{"line":119,"column":9},"end":{"line":119,"column":23}},"loc":{"start":{"line":119,"column":36},"end":{"line":130,"column":null}}},"1":{"name":"normalizeToolCalls","decl":{"start":{"line":132,"column":9},"end":{"line":132,"column":28}},"loc":{"start":{"line":132,"column":55},"end":{"line":139,"column":null}}},"2":{"name":"(anonymous_4)","decl":{"start":{"line":134,"column":19},"end":{"line":134,"column":20}},"loc":{"start":{"line":134,"column":30},"end":{"line":138,"column":null}}},"3":{"name":"extractRetryAfterSeconds","decl":{"start":{"line":141,"column":9},"end":{"line":141,"column":34}},"loc":{"start":{"line":141,"column":44},"end":{"line":164,"column":null}}},"4":{"name":"(anonymous_6)","decl":{"start":{"line":153,"column":31},"end":{"line":153,"column":32}},"loc":{"start":{"line":153,"column":38},"end":{"line":153,"column":null}}},"5":{"name":"mapRole","decl":{"start":{"line":180,"column":9},"end":{"line":180,"column":17}},"loc":{"start":{"line":180,"column":27},"end":{"line":184,"column":null}}},"6":{"name":"POST","decl":{"start":{"line":186,"column":22},"end":{"line":186,"column":27}},"loc":{"start":{"line":186,"column":39},"end":{"line":537,"column":null}}},"7":{"name":"(anonymous_9)","decl":{"start":{"line":262,"column":38},"end":{"line":262,"column":39}},"loc":{"start":{"line":262,"column":53},"end":{"line":265,"column":null}}},"8":{"name":"(anonymous_10)","decl":{"start":{"line":275,"column":19},"end":{"line":275,"column":20}},"loc":{"start":{"line":275,"column":20},"end":{"line":283,"column":null}}},"9":{"name":"(anonymous_11)","decl":{"start":{"line":289,"column":71},"end":{"line":289,"column":72}},"loc":{"start":{"line":289,"column":78},"end":{"line":289,"column":84}}},"10":{"name":"(anonymous_12)","decl":{"start":{"line":293,"column":26},"end":{"line":293,"column":27}},"loc":{"start":{"line":293,"column":104},"end":{"line":296,"column":null}}},"11":{"name":"(anonymous_13)","decl":{"start":{"line":299,"column":14},"end":{"line":299,"column":15}},"loc":{"start":{"line":299,"column":21},"end":{"line":299,"column":43}}},"12":{"name":"(anonymous_14)","decl":{"start":{"line":300,"column":11},"end":{"line":300,"column":12}},"loc":{"start":{"line":300,"column":18},"end":{"line":300,"column":null}}},"13":{"name":"(anonymous_15)","decl":{"start":{"line":374,"column":26},"end":{"line":374,"column":null}},"loc":{"start":{"line":374,"column":26},"end":{"line":407,"column":null}}},"14":{"name":"(anonymous_16)","decl":{"start":{"line":417,"column":10},"end":{"line":417,"column":11}},"loc":{"start":{"line":418,"column":12},"end":{"line":425,"column":null}}},"15":{"name":"(anonymous_17)","decl":{"start":{"line":445,"column":8},"end":{"line":445,"column":14}},"loc":{"start":{"line":445,"column":30},"end":{"line":492,"column":null}}},"16":{"name":"(anonymous_18)","decl":{"start":{"line":474,"column":67},"end":{"line":474,"column":68}},"loc":{"start":{"line":474,"column":78},"end":{"line":478,"column":null}}},"17":{"name":"(anonymous_19)","decl":{"start":{"line":505,"column":6},"end":{"line":505,"column":7}},"loc":{"start":{"line":506,"column":8},"end":{"line":512,"column":null}}},"18":{"name":"(anonymous_20)","decl":{"start":{"line":519,"column":43},"end":{"line":519,"column":44}},"loc":{"start":{"line":519,"column":53},"end":{"line":519,"column":null}}}},"branchMap":{"0":{"loc":{"start":{"line":120,"column":2},"end":{"line":120,"column":null}},"type":"if","locations":[{"start":{"line":120,"column":2},"end":{"line":120,"column":null}},{"start":{},"end":{}}]},"1":{"loc":{"start":{"line":121,"column":2},"end":{"line":121,"column":null}},"type":"if","locations":[{"start":{"line":121,"column":2},"end":{"line":121,"column":null}},{"start":{},"end":{}}]},"2":{"loc":{"start":{"line":122,"column":2},"end":{"line":128,"column":null}},"type":"if","locations":[{"start":{"line":122,"column":2},"end":{"line":128,"column":null}},{"start":{},"end":{}}]},"3":{"loc":{"start":{"line":133,"column":16},"end":{"line":133,"column":55}},"type":"cond-expr","locations":[{"start":{"line":133,"column":42},"end":{"line":133,"column":53}},{"start":{"line":133,"column":53},"end":{"line":133,"column":55}}]},"4":{"loc":{"start":{"line":136,"column":10},"end":{"line":136,"column":null}},"type":"binary-expr","locations":[{"start":{"line":136,"column":10},"end":{"line":136,"column":34}},{"start":{"line":136,"column":34},"end":{"line":136,"column":null}}]},"5":{"loc":{"start":{"line":137,"column":24},"end":{"line":137,"column":null}},"type":"binary-expr","locations":[{"start":{"line":137,"column":24},"end":{"line":137,"column":53}},{"start":{"line":137,"column":53},"end":{"line":137,"column":null}}]},"6":{"loc":{"start":{"line":142,"column":2},"end":{"line":142,"column":null}},"type":"if","locations":[{"start":{"line":142,"column":2},"end":{"line":142,"column":null}},{"start":{},"end":{}}]},"7":{"loc":{"start":{"line":144,"column":4},"end":{"line":146,"column":35}},"type":"binary-expr","locations":[{"start":{"line":144,"column":4},"end":{"line":144,"column":45}},{"start":{"line":145,"column":4},"end":{"line":145,"column":null}},{"start":{"line":146,"column":4},"end":{"line":146,"column":35}}]},"8":{"loc":{"start":{"line":147,"column":2},"end":{"line":150,"column":null}},"type":"if","locations":[{"start":{"line":147,"column":2},"end":{"line":150,"column":null}},{"start":{},"end":{}}]},"9":{"loc":{"start":{"line":149,"column":4},"end":{"line":149,"column":null}},"type":"if","locations":[{"start":{"line":149,"column":4},"end":{"line":149,"column":null}},{"start":{},"end":{}}]},"10":{"loc":{"start":{"line":151,"column":18},"end":{"line":151,"column":null}},"type":"binary-expr","locations":[{"start":{"line":151,"column":18},"end":{"line":151,"column":36}},{"start":{"line":151,"column":36},"end":{"line":151,"column":null}}]},"11":{"loc":{"start":{"line":152,"column":2},"end":{"line":159,"column":null}},"type":"if","locations":[{"start":{"line":152,"column":2},"end":{"line":159,"column":null}},{"start":{},"end":{}}]},"12":{"loc":{"start":{"line":153,"column":45},"end":{"line":153,"column":65}},"type":"binary-expr","locations":[{"start":{"line":153,"column":45},"end":{"line":153,"column":57}},{"start":{"line":153,"column":61},"end":{"line":153,"column":65}}]},"13":{"loc":{"start":{"line":154,"column":18},"end":{"line":154,"column":60}},"type":"binary-expr","locations":[{"start":{"line":154,"column":18},"end":{"line":154,"column":39}},{"start":{"line":154,"column":39},"end":{"line":154,"column":60}}]},"14":{"loc":{"start":{"line":155,"column":4},"end":{"line":158,"column":null}},"type":"if","locations":[{"start":{"line":155,"column":4},"end":{"line":158,"column":null}},{"start":{},"end":{}}]},"15":{"loc":{"start":{"line":157,"column":6},"end":{"line":157,"column":null}},"type":"if","locations":[{"start":{"line":157,"column":6},"end":{"line":157,"column":null}},{"start":{},"end":{}}]},"16":{"loc":{"start":{"line":160,"column":14},"end":{"line":160,"column":null}},"type":"cond-expr","locations":[{"start":{"line":160,"column":51},"end":{"line":160,"column":64}},{"start":{"line":160,"column":67},"end":{"line":160,"column":null}}]},"17":{"loc":{"start":{"line":162,"column":2},"end":{"line":162,"column":null}},"type":"if","locations":[{"start":{"line":162,"column":2},"end":{"line":162,"column":null}},{"start":{},"end":{}}]},"18":{"loc":{"start":{"line":181,"column":2},"end":{"line":181,"column":null}},"type":"if","locations":[{"start":{"line":181,"column":2},"end":{"line":181,"column":null}},{"start":{},"end":{}}]},"19":{"loc":{"start":{"line":182,"column":2},"end":{"line":182,"column":null}},"type":"if","locations":[{"start":{"line":182,"column":2},"end":{"line":182,"column":null}},{"start":{},"end":{}}]},"20":{"loc":{"start":{"line":190,"column":4},"end":{"line":192,"column":null}},"type":"if","locations":[{"start":{"line":190,"column":4},"end":{"line":192,"column":null}},{"start":{},"end":{}}]},"21":{"loc":{"start":{"line":195,"column":20},"end":{"line":195,"column":null}},"type":"binary-expr","locations":[{"start":{"line":195,"column":20},"end":{"line":195,"column":59}},{"start":{"line":195,"column":59},"end":{"line":195,"column":null}}]},"22":{"loc":{"start":{"line":204,"column":23},"end":{"line":204,"column":null}},"type":"binary-expr","locations":[{"start":{"line":204,"column":23},"end":{"line":204,"column":59}},{"start":{"line":204,"column":59},"end":{"line":204,"column":null}}]},"23":{"loc":{"start":{"line":205,"column":18},"end":{"line":205,"column":null}},"type":"cond-expr","locations":[{"start":{"line":205,"column":53},"end":{"line":205,"column":75}},{"start":{"line":205,"column":75},"end":{"line":205,"column":null}}]},"24":{"loc":{"start":{"line":206,"column":4},"end":{"line":208,"column":null}},"type":"if","locations":[{"start":{"line":206,"column":4},"end":{"line":208,"column":null}},{"start":{},"end":{}}]},"25":{"loc":{"start":{"line":211,"column":4},"end":{"line":213,"column":null}},"type":"if","locations":[{"start":{"line":211,"column":4},"end":{"line":213,"column":null}},{"start":{},"end":{}}]},"26":{"loc":{"start":{"line":215,"column":4},"end":{"line":217,"column":null}},"type":"if","locations":[{"start":{"line":215,"column":4},"end":{"line":217,"column":null}},{"start":{},"end":{}}]},"27":{"loc":{"start":{"line":220,"column":4},"end":{"line":222,"column":null}},"type":"if","locations":[{"start":{"line":220,"column":4},"end":{"line":222,"column":null}},{"start":{},"end":{}}]},"28":{"loc":{"start":{"line":237,"column":4},"end":{"line":239,"column":null}},"type":"if","locations":[{"start":{"line":237,"column":4},"end":{"line":239,"column":null}},{"start":{},"end":{}}]},"29":{"loc":{"start":{"line":237,"column":8},"end":{"line":237,"column":65}},"type":"binary-expr","locations":[{"start":{"line":237,"column":8},"end":{"line":237,"column":23}},{"start":{"line":237,"column":23},"end":{"line":237,"column":65}}]},"30":{"loc":{"start":{"line":241,"column":4},"end":{"line":243,"column":null}},"type":"if","locations":[{"start":{"line":241,"column":4},"end":{"line":243,"column":null}},{"start":{},"end":{}}]},"31":{"loc":{"start":{"line":245,"column":4},"end":{"line":247,"column":null}},"type":"if","locations":[{"start":{"line":245,"column":4},"end":{"line":247,"column":null}},{"start":{},"end":{}}]},"32":{"loc":{"start":{"line":249,"column":28},"end":{"line":249,"column":65}},"type":"binary-expr","locations":[{"start":{"line":249,"column":28},"end":{"line":249,"column":46}},{"start":{"line":249,"column":50},"end":{"line":249,"column":65}}]},"33":{"loc":{"start":{"line":250,"column":4},"end":{"line":252,"column":null}},"type":"if","locations":[{"start":{"line":250,"column":4},"end":{"line":252,"column":null}},{"start":{},"end":{}}]},"34":{"loc":{"start":{"line":250,"column":8},"end":{"line":250,"column":83}},"type":"binary-expr","locations":[{"start":{"line":250,"column":8},"end":{"line":250,"column":53}},{"start":{"line":250,"column":53},"end":{"line":250,"column":83}}]},"35":{"loc":{"start":{"line":256,"column":4},"end":{"line":266,"column":null}},"type":"if","locations":[{"start":{"line":256,"column":4},"end":{"line":266,"column":null}},{"start":{},"end":{}}]},"36":{"loc":{"start":{"line":262,"column":16},"end":{"line":262,"column":32}},"type":"binary-expr","locations":[{"start":{"line":262,"column":16},"end":{"line":262,"column":30}},{"start":{"line":262,"column":30},"end":{"line":262,"column":32}}]},"37":{"loc":{"start":{"line":264,"column":14},"end":{"line":264,"column":null}},"type":"binary-expr","locations":[{"start":{"line":264,"column":14},"end":{"line":264,"column":32}},{"start":{"line":264,"column":36},"end":{"line":264,"column":null}}]},"38":{"loc":{"start":{"line":271,"column":28},"end":{"line":271,"column":142}},"type":"binary-expr","locations":[{"start":{"line":271,"column":28},"end":{"line":271,"column":85}},{"start":{"line":271,"column":85},"end":{"line":271,"column":113}},{"start":{"line":271,"column":117},"end":{"line":271,"column":142}}]},"39":{"loc":{"start":{"line":272,"column":18},"end":{"line":272,"column":87}},"type":"binary-expr","locations":[{"start":{"line":272,"column":18},"end":{"line":272,"column":77}},{"start":{"line":272,"column":77},"end":{"line":272,"column":87}}]},"40":{"loc":{"start":{"line":273,"column":30},"end":{"line":285,"column":34}},"type":"cond-expr","locations":[{"start":{"line":274,"column":12},"end":{"line":284,"column":null}},{"start":{"line":285,"column":12},"end":{"line":285,"column":34}}]},"41":{"loc":{"start":{"line":273,"column":30},"end":{"line":273,"column":null}},"type":"binary-expr","locations":[{"start":{"line":273,"column":30},"end":{"line":273,"column":101}},{"start":{"line":273,"column":101},"end":{"line":273,"column":null}}]},"42":{"loc":{"start":{"line":276,"column":29},"end":{"line":276,"column":null}},"type":"cond-expr","locations":[{"start":{"line":276,"column":58},"end":{"line":276,"column":74}},{"start":{"line":276,"column":74},"end":{"line":276,"column":null}}]},"43":{"loc":{"start":{"line":277,"column":28},"end":{"line":277,"column":null}},"type":"cond-expr","locations":[{"start":{"line":277,"column":58},"end":{"line":277,"column":92}},{"start":{"line":277,"column":95},"end":{"line":277,"column":null}}]},"44":{"loc":{"start":{"line":277,"column":70},"end":{"line":277,"column":91}},"type":"binary-expr","locations":[{"start":{"line":277,"column":70},"end":{"line":277,"column":88}},{"start":{"line":277,"column":88},"end":{"line":277,"column":91}}]},"45":{"loc":{"start":{"line":278,"column":28},"end":{"line":280,"column":null}},"type":"cond-expr","locations":[{"start":{"line":279,"column":20},"end":{"line":279,"column":100}},{"start":{"line":280,"column":20},"end":{"line":280,"column":null}}]},"46":{"loc":{"start":{"line":278,"column":28},"end":{"line":278,"column":null}},"type":"binary-expr","locations":[{"start":{"line":278,"column":28},"end":{"line":278,"column":72}},{"start":{"line":278,"column":72},"end":{"line":278,"column":null}}]},"47":{"loc":{"start":{"line":281,"column":31},"end":{"line":281,"column":null}},"type":"cond-expr","locations":[{"start":{"line":281,"column":46},"end":{"line":281,"column":61}},{"start":{"line":281,"column":61},"end":{"line":281,"column":null}}]},"48":{"loc":{"start":{"line":282,"column":35},"end":{"line":282,"column":57}},"type":"binary-expr","locations":[{"start":{"line":282,"column":35},"end":{"line":282,"column":49}},{"start":{"line":282,"column":49},"end":{"line":282,"column":57}}]},"49":{"loc":{"start":{"line":288,"column":8},"end":{"line":290,"column":null}},"type":"cond-expr","locations":[{"start":{"line":289,"column":12},"end":{"line":289,"column":352}},{"start":{"line":290,"column":12},"end":{"line":290,"column":null}}]},"50":{"loc":{"start":{"line":300,"column":32},"end":{"line":300,"column":77}},"type":"cond-expr","locations":[{"start":{"line":300,"column":55},"end":{"line":300,"column":64}},{"start":{"line":300,"column":64},"end":{"line":300,"column":77}}]},"51":{"loc":{"start":{"line":300,"column":77},"end":{"line":300,"column":null}},"type":"binary-expr","locations":[{"start":{"line":300,"column":77},"end":{"line":300,"column":86}},{"start":{"line":300,"column":90},"end":{"line":300,"column":null}}]},"52":{"loc":{"start":{"line":375,"column":6},"end":{"line":400,"column":null}},"type":"if","locations":[{"start":{"line":375,"column":6},"end":{"line":400,"column":null}},{"start":{},"end":{}}]},"53":{"loc":{"start":{"line":376,"column":27},"end":{"line":376,"column":77}},"type":"binary-expr","locations":[{"start":{"line":376,"column":27},"end":{"line":376,"column":46}},{"start":{"line":376,"column":50},"end":{"line":376,"column":77}}]},"54":{"loc":{"start":{"line":377,"column":25},"end":{"line":377,"column":null}},"type":"binary-expr","locations":[{"start":{"line":377,"column":25},"end":{"line":377,"column":42}},{"start":{"line":377,"column":46},"end":{"line":377,"column":null}}]},"55":{"loc":{"start":{"line":397,"column":36},"end":{"line":397,"column":null}},"type":"binary-expr","locations":[{"start":{"line":397,"column":36},"end":{"line":397,"column":55}},{"start":{"line":397,"column":59},"end":{"line":397,"column":null}}]},"56":{"loc":{"start":{"line":402,"column":6},"end":{"line":404,"column":null}},"type":"if","locations":[{"start":{"line":402,"column":6},"end":{"line":404,"column":null}},{"start":{},"end":{}}]},"57":{"loc":{"start":{"line":402,"column":10},"end":{"line":402,"column":44}},"type":"binary-expr","locations":[{"start":{"line":402,"column":10},"end":{"line":402,"column":19}},{"start":{"line":402,"column":19},"end":{"line":402,"column":44}}]},"58":{"loc":{"start":{"line":410,"column":6},"end":{"line":411,"column":null}},"type":"binary-expr","locations":[{"start":{"line":410,"column":6},"end":{"line":410,"column":null}},{"start":{"line":411,"column":6},"end":{"line":411,"column":null}}]},"59":{"loc":{"start":{"line":413,"column":4},"end":{"line":502,"column":null}},"type":"if","locations":[{"start":{"line":413,"column":4},"end":{"line":502,"column":null}},{"start":{},"end":{}}]},"60":{"loc":{"start":{"line":413,"column":8},"end":{"line":413,"column":42}},"type":"binary-expr","locations":[{"start":{"line":413,"column":8},"end":{"line":413,"column":23}},{"start":{"line":413,"column":23},"end":{"line":413,"column":42}}]},"61":{"loc":{"start":{"line":429,"column":23},"end":{"line":429,"column":null}},"type":"binary-expr","locations":[{"start":{"line":429,"column":23},"end":{"line":429,"column":38}},{"start":{"line":429,"column":38},"end":{"line":429,"column":51}},{"start":{"line":429,"column":51},"end":{"line":429,"column":null}}]},"62":{"loc":{"start":{"line":430,"column":8},"end":{"line":439,"column":null}},"type":"if","locations":[{"start":{"line":430,"column":8},"end":{"line":439,"column":null}},{"start":{},"end":{}}]},"63":{"loc":{"start":{"line":436,"column":23},"end":{"line":436,"column":null}},"type":"cond-expr","locations":[{"start":{"line":436,"column":36},"end":{"line":436,"column":76}},{"start":{"line":436,"column":76},"end":{"line":436,"column":null}}]},"64":{"loc":{"start":{"line":450,"column":28},"end":{"line":450,"column":null}},"type":"binary-expr","locations":[{"start":{"line":450,"column":28},"end":{"line":450,"column":58}},{"start":{"line":450,"column":58},"end":{"line":450,"column":null}}]},"65":{"loc":{"start":{"line":451,"column":32},"end":{"line":451,"column":null}},"type":"binary-expr","locations":[{"start":{"line":451,"column":32},"end":{"line":451,"column":50}},{"start":{"line":451,"column":50},"end":{"line":451,"column":null}}]},"66":{"loc":{"start":{"line":452,"column":37},"end":{"line":452,"column":93}},"type":"cond-expr","locations":[{"start":{"line":452,"column":72},"end":{"line":452,"column":88}},{"start":{"line":452,"column":91},"end":{"line":452,"column":93}}]},"67":{"loc":{"start":{"line":455,"column":31},"end":{"line":455,"column":98}},"type":"binary-expr","locations":[{"start":{"line":455,"column":31},"end":{"line":455,"column":43}},{"start":{"line":455,"column":43},"end":{"line":455,"column":98}}]},"68":{"loc":{"start":{"line":455,"column":51},"end":{"line":455,"column":97}},"type":"binary-expr","locations":[{"start":{"line":455,"column":51},"end":{"line":455,"column":75}},{"start":{"line":455,"column":75},"end":{"line":455,"column":90}},{"start":{"line":455,"column":90},"end":{"line":455,"column":97}}]},"69":{"loc":{"start":{"line":456,"column":33},"end":{"line":456,"column":null}},"type":"binary-expr","locations":[{"start":{"line":456,"column":33},"end":{"line":456,"column":60}},{"start":{"line":456,"column":60},"end":{"line":456,"column":null}}]},"70":{"loc":{"start":{"line":457,"column":16},"end":{"line":459,"column":null}},"type":"if","locations":[{"start":{"line":457,"column":16},"end":{"line":459,"column":null}},{"start":{},"end":{}}]},"71":{"loc":{"start":{"line":460,"column":16},"end":{"line":462,"column":null}},"type":"if","locations":[{"start":{"line":460,"column":16},"end":{"line":462,"column":null}},{"start":{},"end":{}}]},"72":{"loc":{"start":{"line":466,"column":14},"end":{"line":471,"column":null}},"type":"if","locations":[{"start":{"line":466,"column":14},"end":{"line":471,"column":null}},{"start":{},"end":{}}]},"73":{"loc":{"start":{"line":482,"column":62},"end":{"line":482,"column":78}},"type":"binary-expr","locations":[{"start":{"line":482,"column":62},"end":{"line":482,"column":74}},{"start":{"line":482,"column":74},"end":{"line":482,"column":78}}]},"74":{"loc":{"start":{"line":517,"column":17},"end":{"line":517,"column":null}},"type":"binary-expr","locations":[{"start":{"line":517,"column":17},"end":{"line":517,"column":37}},{"start":{"line":517,"column":37},"end":{"line":517,"column":null}}]},"75":{"loc":{"start":{"line":522,"column":12},"end":{"line":522,"column":null}},"type":"cond-expr","locations":[{"start":{"line":522,"column":30},"end":{"line":522,"column":35}},{"start":{"line":522,"column":35},"end":{"line":522,"column":null}}]},"76":{"loc":{"start":{"line":522,"column":35},"end":{"line":522,"column":null}},"type":"binary-expr","locations":[{"start":{"line":522,"column":35},"end":{"line":522,"column":43}},{"start":{"line":522,"column":43},"end":{"line":522,"column":null}}]},"77":{"loc":{"start":{"line":526,"column":19},"end":{"line":526,"column":null}},"type":"binary-expr","locations":[{"start":{"line":526,"column":19},"end":{"line":526,"column":36}},{"start":{"line":526,"column":36},"end":{"line":526,"column":51}},{"start":{"line":526,"column":51},"end":{"line":526,"column":null}}]},"78":{"loc":{"start":{"line":528,"column":4},"end":{"line":534,"column":null}},"type":"if","locations":[{"start":{"line":528,"column":4},"end":{"line":534,"column":null}},{"start":{},"end":{}}]},"79":{"loc":{"start":{"line":532,"column":32},"end":{"line":532,"column":95}},"type":"cond-expr","locations":[{"start":{"line":532,"column":45},"end":{"line":532,"column":85}},{"start":{"line":532,"column":85},"end":{"line":532,"column":95}}]}},"s":{"0":0,"1":0,"2":0,"3":0,"4":0,"5":0,"6":0,"7":0,"8":0,"9":0,"10":0,"11":0,"12":0,"13":0,"14":0,"15":0,"16":0,"17":0,"18":0,"19":0,"20":0,"21":0,"22":0,"23":0,"24":0,"25":0,"26":0,"27":0,"28":0,"29":0,"30":0,"31":0,"32":0,"33":0,"34":0,"35":0,"36":0,"37":0,"38":0,"39":0,"40":0,"41":0,"42":0,"43":0,"44":0,"45":0,"46":0,"47":0,"48":0,"49":0,"50":0,"51":0,"52":0,"53":0,"54":0,"55":0,"56":0,"57":0,"58":0,"59":0,"60":0,"61":0,"62":0,"63":0,"64":0,"65":0,"66":0,"67":0,"68":0,"69":0,"70":0,"71":0,"72":0,"73":0,"74":0,"75":0,"76":0,"77":0,"78":0,"79":0,"80":0,"81":0,"82":0,"83":0,"84":0,"85":0,"86":0,"87":0,"88":0,"89":0,"90":0,"91":0,"92":0,"93":0,"94":0,"95":0,"96":0,"97":0,"98":0,"99":0,"100":0,"101":0,"102":0,"103":0,"104":0,"105":0,"106":0,"107":0,"108":0,"109":0,"110":0,"111":0,"112":0,"113":0,"114":0,"115":0,"116":0,"117":0,"118":0,"119":0,"120":0,"121":0,"122":0,"123":0,"124":0,"125":0,"126":0,"127":0,"128":0,"129":0,"130":0,"131":0,"132":0,"133":0,"134":0,"135":0,"136":0,"137":0,"138":0,"139":0,"140":0,"141":0,"142":0,"143":0,"144":0,"145":0,"146":0,"147":0,"148":0,"149":0,"150":0,"151":0,"152":0,"153":0,"154":0,"155":0,"156":0,"157":0,"158":0,"159":0,"160":0,"161":0,"162":0,"163":0,"164":0,"165":0,"166":0,"167":0,"168":0,"169":0,"170":0},"f":{"0":0,"1":0,"2":0,"3":0,"4":0,"5":0,"6":0,"7":0,"8":0,"9":0,"10":0,"11":0,"12":0,"13":0,"14":0,"15":0,"16":0,"17":0,"18":0},"b":{"0":[0,0],"1":[0,0],"2":[0,0],"3":[0,0],"4":[0,0],"5":[0,0],"6":[0,0],"7":[0,0,0],"8":[0,0],"9":[0,0],"10":[0,0],"11":[0,0],"12":[0,0],"13":[0,0],"14":[0,0],"15":[0,0],"16":[0,0],"17":[0,0],"18":[0,0],"19":[0,0],"20":[0,0],"21":[0,0],"22":[0,0],"23":[0,0],"24":[0,0],"25":[0,0],"26":[0,0],"27":[0,0],"28":[0,0],"29":[0,0],"30":[0,0],"31":[0,0],"32":[0,0],"33":[0,0],"34":[0,0],"35":[0,0],"36":[0,0],"37":[0,0],"38":[0,0,0],"39":[0,0],"40":[0,0],"41":[0,0],"42":[0,0],"43":[0,0],"44":[0,0],"45":[0,0],"46":[0,0],"47":[0,0],"48":[0,0],"49":[0,0],"50":[0,0],"51":[0,0],"52":[0,0],"53":[0,0],"54":[0,0],"55":[0,0],"56":[0,0],"57":[0,0],"58":[0,0],"59":[0,0],"60":[0,0],"61":[0,0,0],"62":[0,0],"63":[0,0],"64":[0,0],"65":[0,0],"66":[0,0],"67":[0,0],"68":[0,0,0],"69":[0,0],"70":[0,0],"71":[0,0],"72":[0,0],"73":[0,0],"74":[0,0],"75":[0,0],"76":[0,0],"77":[0,0,0],"78":[0,0],"79":[0,0]}}
,"/home/jr/Projetos/MestrAi/app/api/health/route.ts": {"path":"/home/jr/Projetos/MestrAi/app/api/health/route.ts","statementMap":{"0":{"start":{"line":4,"column":22},"end":{"line":4,"column":null}},"1":{"start":{"line":1,"column":29},"end":{"line":1,"column":null}},"2":{"start":{"line":2,"column":30},"end":{"line":2,"column":null}},"3":{"start":{"line":5,"column":18},"end":{"line":5,"column":null}},"4":{"start":{"line":6,"column":2},"end":{"line":8,"column":null}},"5":{"start":{"line":7,"column":4},"end":{"line":7,"column":null}},"6":{"start":{"line":9,"column":2},"end":{"line":9,"column":null}}},"fnMap":{"0":{"name":"GET","decl":{"start":{"line":4,"column":22},"end":{"line":4,"column":null}},"loc":{"start":{"line":4,"column":22},"end":{"line":10,"column":null}}}},"branchMap":{"0":{"loc":{"start":{"line":6,"column":2},"end":{"line":8,"column":null}},"type":"if","locations":[{"start":{"line":6,"column":2},"end":{"line":8,"column":null}},{"start":{},"end":{}}]}},"s":{"0":0,"1":0,"2":0,"3":0,"4":0,"5":0,"6":0},"f":{"0":0},"b":{"0":[0,0]}}
,"/home/jr/Projetos/MestrAi/app/api/image/route.ts": {"path":"/home/jr/Projetos/MestrAi/app/api/image/route.ts","statementMap":{"0":{"start":{"line":27,"column":22},"end":{"line":27,"column":26}},"1":{"start":{"line":1,"column":29},"end":{"line":1,"column":null}},"2":{"start":{"line":2,"column":30},"end":{"line":2,"column":null}},"3":{"start":{"line":4,"column":25},"end":{"line":4,"column":null}},"4":{"start":{"line":9,"column":2},"end":{"line":9,"column":null}},"5":{"start":{"line":9,"column":21},"end":{"line":9,"column":null}},"6":{"start":{"line":10,"column":2},"end":{"line":10,"column":null}},"7":{"start":{"line":10,"column":23},"end":{"line":10,"column":null}},"8":{"start":{"line":11,"column":2},"end":{"line":11,"column":null}},"9":{"start":{"line":11,"column":24},"end":{"line":11,"column":null}},"10":{"start":{"line":12,"column":2},"end":{"line":12,"column":null}},"11":{"start":{"line":12,"column":25},"end":{"line":12,"column":null}},"12":{"start":{"line":13,"column":2},"end":{"line":13,"column":null}},"13":{"start":{"line":17,"column":15},"end":{"line":17,"column":80}},"14":{"start":{"line":18,"column":17},"end":{"line":18,"column":null}},"15":{"start":{"line":19,"column":2},"end":{"line":19,"column":null}},"16":{"start":{"line":20,"column":2},"end":{"line":20,"column":null}},"17":{"start":{"line":20,"column":24},"end":{"line":20,"column":null}},"18":{"start":{"line":21,"column":2},"end":{"line":21,"column":null}},"19":{"start":{"line":21,"column":13},"end":{"line":21,"column":null}},"20":{"start":{"line":22,"column":2},"end":{"line":22,"column":null}},"21":{"start":{"line":22,"column":14},"end":{"line":22,"column":null}},"22":{"start":{"line":23,"column":2},"end":{"line":23,"column":null}},"23":{"start":{"line":23,"column":26},"end":{"line":23,"column":null}},"24":{"start":{"line":24,"column":2},"end":{"line":24,"column":null}},"25":{"start":{"line":28,"column":27},"end":{"line":28,"column":null}},"26":{"start":{"line":29,"column":13},"end":{"line":29,"column":null}},"27":{"start":{"line":30,"column":18},"end":{"line":30,"column":31}},"28":{"start":{"line":31,"column":2},"end":{"line":33,"column":null}},"29":{"start":{"line":32,"column":4},"end":{"line":32,"column":null}},"30":{"start":{"line":34,"column":17},"end":{"line":34,"column":null}},"31":{"start":{"line":35,"column":2},"end":{"line":37,"column":null}},"32":{"start":{"line":36,"column":4},"end":{"line":36,"column":null}},"33":{"start":{"line":39,"column":16},"end":{"line":39,"column":null}},"34":{"start":{"line":40,"column":16},"end":{"line":40,"column":null}},"35":{"start":{"line":41,"column":17},"end":{"line":41,"column":null}},"36":{"start":{"line":42,"column":20},"end":{"line":42,"column":null}},"37":{"start":{"line":43,"column":15},"end":{"line":43,"column":null}},"38":{"start":{"line":45,"column":17},"end":{"line":45,"column":null}},"39":{"start":{"line":47,"column":23},"end":{"line":47,"column":null}},"40":{"start":{"line":48,"column":2},"end":{"line":64,"column":null}},"41":{"start":{"line":49,"column":16},"end":{"line":49,"column":null}},"42":{"start":{"line":50,"column":16},"end":{"line":50,"column":null}},"43":{"start":{"line":52,"column":4},"end":{"line":61,"column":null}},"44":{"start":{"line":53,"column":26},"end":{"line":53,"column":null}},"45":{"start":{"line":54,"column":26},"end":{"line":54,"column":null}},"46":{"start":{"line":55,"column":6},"end":{"line":60,"column":null}},"47":{"start":{"line":63,"column":4},"end":{"line":63,"column":null}},"48":{"start":{"line":66,"column":17},"end":{"line":66,"column":null}},"49":{"start":{"line":67,"column":2},"end":{"line":67,"column":null}}},"fnMap":{"0":{"name":"getModelChain","decl":{"start":{"line":8,"column":9},"end":{"line":8,"column":23}},"loc":{"start":{"line":8,"column":40},"end":{"line":14,"column":null}}},"1":{"name":"buildUrl","decl":{"start":{"line":16,"column":9},"end":{"line":16,"column":18}},"loc":{"start":{"line":16,"column":95},"end":{"line":25,"column":null}}},"2":{"name":"GET","decl":{"start":{"line":27,"column":22},"end":{"line":27,"column":26}},"loc":{"start":{"line":27,"column":38},"end":{"line":68,"column":null}}}},"branchMap":{"0":{"loc":{"start":{"line":4,"column":25},"end":{"line":4,"column":null}},"type":"binary-expr","locations":[{"start":{"line":4,"column":25},"end":{"line":4,"column":53}},{"start":{"line":4,"column":57},"end":{"line":4,"column":null}}]},"1":{"loc":{"start":{"line":9,"column":2},"end":{"line":9,"column":null}},"type":"if","locations":[{"start":{"line":9,"column":2},"end":{"line":9,"column":null}},{"start":{},"end":{}}]},"2":{"loc":{"start":{"line":10,"column":2},"end":{"line":10,"column":null}},"type":"if","locations":[{"start":{"line":10,"column":2},"end":{"line":10,"column":null}},{"start":{},"end":{}}]},"3":{"loc":{"start":{"line":11,"column":2},"end":{"line":11,"column":null}},"type":"if","locations":[{"start":{"line":11,"column":2},"end":{"line":11,"column":null}},{"start":{},"end":{}}]},"4":{"loc":{"start":{"line":12,"column":2},"end":{"line":12,"column":null}},"type":"if","locations":[{"start":{"line":12,"column":2},"end":{"line":12,"column":null}},{"start":{},"end":{}}]},"5":{"loc":{"start":{"line":20,"column":2},"end":{"line":20,"column":null}},"type":"if","locations":[{"start":{"line":20,"column":2},"end":{"line":20,"column":null}},{"start":{},"end":{}}]},"6":{"loc":{"start":{"line":21,"column":2},"end":{"line":21,"column":null}},"type":"if","locations":[{"start":{"line":21,"column":2},"end":{"line":21,"column":null}},{"start":{},"end":{}}]},"7":{"loc":{"start":{"line":22,"column":2},"end":{"line":22,"column":null}},"type":"if","locations":[{"start":{"line":22,"column":2},"end":{"line":22,"column":null}},{"start":{},"end":{}}]},"8":{"loc":{"start":{"line":23,"column":2},"end":{"line":23,"column":null}},"type":"if","locations":[{"start":{"line":23,"column":2},"end":{"line":23,"column":null}},{"start":{},"end":{}}]},"9":{"loc":{"start":{"line":29,"column":14},"end":{"line":29,"column":60}},"type":"binary-expr","locations":[{"start":{"line":29,"column":14},"end":{"line":29,"column":52}},{"start":{"line":29,"column":52},"end":{"line":29,"column":60}}]},"10":{"loc":{"start":{"line":31,"column":2},"end":{"line":33,"column":null}},"type":"if","locations":[{"start":{"line":31,"column":2},"end":{"line":33,"column":null}},{"start":{},"end":{}}]},"11":{"loc":{"start":{"line":34,"column":17},"end":{"line":34,"column":null}},"type":"binary-expr","locations":[{"start":{"line":34,"column":17},"end":{"line":34,"column":47}},{"start":{"line":34,"column":47},"end":{"line":34,"column":null}}]},"12":{"loc":{"start":{"line":35,"column":2},"end":{"line":37,"column":null}},"type":"if","locations":[{"start":{"line":35,"column":2},"end":{"line":37,"column":null}},{"start":{},"end":{}}]},"13":{"loc":{"start":{"line":39,"column":23},"end":{"line":39,"column":null}},"type":"binary-expr","locations":[{"start":{"line":39,"column":23},"end":{"line":39,"column":52}},{"start":{"line":39,"column":52},"end":{"line":39,"column":null}}]},"14":{"loc":{"start":{"line":40,"column":16},"end":{"line":40,"column":null}},"type":"binary-expr","locations":[{"start":{"line":40,"column":16},"end":{"line":40,"column":60}},{"start":{"line":40,"column":60},"end":{"line":40,"column":null}}]},"15":{"loc":{"start":{"line":40,"column":23},"end":{"line":40,"column":60}},"type":"binary-expr","locations":[{"start":{"line":40,"column":23},"end":{"line":40,"column":52}},{"start":{"line":40,"column":52},"end":{"line":40,"column":60}}]},"16":{"loc":{"start":{"line":41,"column":17},"end":{"line":41,"column":null}},"type":"binary-expr","locations":[{"start":{"line":41,"column":17},"end":{"line":41,"column":62}},{"start":{"line":41,"column":62},"end":{"line":41,"column":null}}]},"17":{"loc":{"start":{"line":41,"column":24},"end":{"line":41,"column":62}},"type":"binary-expr","locations":[{"start":{"line":41,"column":24},"end":{"line":41,"column":54}},{"start":{"line":41,"column":54},"end":{"line":41,"column":62}}]},"18":{"loc":{"start":{"line":43,"column":15},"end":{"line":43,"column":null}},"type":"cond-expr","locations":[{"start":{"line":43,"column":36},"end":{"line":43,"column":56}},{"start":{"line":43,"column":56},"end":{"line":43,"column":null}}]},"19":{"loc":{"start":{"line":45,"column":31},"end":{"line":45,"column":null}},"type":"cond-expr","locations":[{"start":{"line":45,"column":56},"end":{"line":45,"column":64}},{"start":{"line":45,"column":64},"end":{"line":45,"column":null}}]},"20":{"loc":{"start":{"line":52,"column":4},"end":{"line":61,"column":null}},"type":"if","locations":[{"start":{"line":52,"column":4},"end":{"line":61,"column":null}},{"start":{},"end":{}}]},"21":{"loc":{"start":{"line":53,"column":26},"end":{"line":53,"column":null}},"type":"binary-expr","locations":[{"start":{"line":53,"column":26},"end":{"line":53,"column":61}},{"start":{"line":53,"column":61},"end":{"line":53,"column":null}}]},"22":{"loc":{"start":{"line":66,"column":17},"end":{"line":66,"column":null}},"type":"binary-expr","locations":[{"start":{"line":66,"column":17},"end":{"line":66,"column":38}},{"start":{"line":66,"column":38},"end":{"line":66,"column":null}}]}},"s":{"0":0,"1":0,"2":0,"3":0,"4":0,"5":0,"6":0,"7":0,"8":0,"9":0,"10":0,"11":0,"12":0,"13":0,"14":0,"15":0,"16":0,"17":0,"18":0,"19":0,"20":0,"21":0,"22":0,"23":0,"24":0,"25":0,"26":0,"27":0,"28":0,"29":0,"30":0,"31":0,"32":0,"33":0,"34":0,"35":0,"36":0,"37":0,"38":0,"39":0,"40":0,"41":0,"42":0,"43":0,"44":0,"45":0,"46":0,"47":0,"48":0,"49":0},"f":{"0":0,"1":0,"2":0},"b":{"0":[0,0],"1":[0,0],"2":[0,0],"3":[0,0],"4":[0,0],"5":[0,0],"6":[0,0],"7":[0,0],"8":[0,0],"9":[0,0],"10":[0,0],"11":[0,0],"12":[0,0],"13":[0,0],"14":[0,0],"15":[0,0],"16":[0,0],"17":[0,0],"18":[0,0],"19":[0,0],"20":[0,0],"21":[0,0],"22":[0,0]}}
,"/home/jr/Projetos/MestrAi/app/api/suggest/route.ts": {"path":"/home/jr/Projetos/MestrAi/app/api/suggest/route.ts","statementMap":{"0":{"start":{"line":49,"column":22},"end":{"line":49,"column":27}},"1":{"start":{"line":1,"column":29},"end":{"line":1,"column":null}},"2":{"start":{"line":2,"column":17},"end":{"line":2,"column":null}},"3":{"start":{"line":3,"column":18},"end":{"line":3,"column":null}},"4":{"start":{"line":4,"column":27},"end":{"line":4,"column":null}},"5":{"start":{"line":5,"column":30},"end":{"line":5,"column":null}},"6":{"start":{"line":6,"column":34},"end":{"line":6,"column":null}},"7":{"start":{"line":8,"column":19},"end":{"line":11,"column":null}},"8":{"start":{"line":14,"column":2},"end":{"line":46,"column":null}},"9":{"start":{"line":16,"column":6},"end":{"line":16,"column":null}},"10":{"start":{"line":18,"column":6},"end":{"line":18,"column":null}},"11":{"start":{"line":20,"column":6},"end":{"line":20,"column":null}},"12":{"start":{"line":22,"column":6},"end":{"line":22,"column":null}},"13":{"start":{"line":24,"column":6},"end":{"line":24,"column":null}},"14":{"start":{"line":27,"column":27},"end":{"line":27,"column":null}},"15":{"start":{"line":28,"column":27},"end":{"line":28,"column":null}},"16":{"start":{"line":29,"column":31},"end":{"line":29,"column":null}},"17":{"start":{"line":30,"column":31},"end":{"line":30,"column":null}},"18":{"start":{"line":31,"column":8},"end":{"line":31,"column":null}},"19":{"start":{"line":35,"column":27},"end":{"line":35,"column":null}},"20":{"start":{"line":36,"column":26},"end":{"line":36,"column":null}},"21":{"start":{"line":37,"column":22},"end":{"line":40,"column":null}},"22":{"start":{"line":41,"column":23},"end":{"line":41,"column":null}},"23":{"start":{"line":42,"column":8},"end":{"line":42,"column":null}},"24":{"start":{"line":45,"column":6},"end":{"line":45,"column":null}},"25":{"start":{"line":50,"column":2},"end":{"line":91,"column":null}},"26":{"start":{"line":51,"column":17},"end":{"line":51,"column":null}},"27":{"start":{"line":52,"column":19},"end":{"line":52,"column":null}},"28":{"start":{"line":53,"column":4},"end":{"line":55,"column":null}},"29":{"start":{"line":54,"column":6},"end":{"line":54,"column":null}},"30":{"start":{"line":57,"column":19},"end":{"line":57,"column":null}},"31":{"start":{"line":58,"column":4},"end":{"line":60,"column":null}},"32":{"start":{"line":59,"column":6},"end":{"line":59,"column":null}},"33":{"start":{"line":62,"column":20},"end":{"line":62,"column":null}},"34":{"start":{"line":64,"column":15},"end":{"line":64,"column":null}},"35":{"start":{"line":65,"column":20},"end":{"line":65,"column":35}},"36":{"start":{"line":66,"column":4},"end":{"line":68,"column":null}},"37":{"start":{"line":67,"column":6},"end":{"line":67,"column":null}},"38":{"start":{"line":70,"column":4},"end":{"line":74,"column":null}},"39":{"start":{"line":71,"column":6},"end":{"line":71,"column":null}},"40":{"start":{"line":73,"column":6},"end":{"line":73,"column":null}},"41":{"start":{"line":75,"column":15},"end":{"line":75,"column":null}},"42":{"start":{"line":76,"column":19},"end":{"line":83,"column":null}},"43":{"start":{"line":78,"column":8},"end":{"line":82,"column":null}},"44":{"start":{"line":86,"column":17},"end":{"line":86,"column":null}},"45":{"start":{"line":87,"column":4},"end":{"line":87,"column":null}},"46":{"start":{"line":89,"column":4},"end":{"line":89,"column":null}},"47":{"start":{"line":90,"column":4},"end":{"line":90,"column":null}}},"fnMap":{"0":{"name":"buildPrompt","decl":{"start":{"line":13,"column":9},"end":{"line":13,"column":21}},"loc":{"start":{"line":13,"column":68},"end":{"line":47,"column":null}}},"1":{"name":"POST","decl":{"start":{"line":49,"column":22},"end":{"line":49,"column":27}},"loc":{"start":{"line":49,"column":39},"end":{"line":92,"column":null}}},"2":{"name":"(anonymous_4)","decl":{"start":{"line":77,"column":6},"end":{"line":77,"column":7}},"loc":{"start":{"line":78,"column":8},"end":{"line":82,"column":null}}}},"branchMap":{"0":{"loc":{"start":{"line":13,"column":35},"end":{"line":13,"column":68}},"type":"default-arg","locations":[{"start":{"line":13,"column":66},"end":{"line":13,"column":68}}]},"1":{"loc":{"start":{"line":14,"column":2},"end":{"line":46,"column":null}},"type":"switch","locations":[{"start":{"line":15,"column":4},"end":{"line":16,"column":null}},{"start":{"line":17,"column":4},"end":{"line":18,"column":null}},{"start":{"line":19,"column":4},"end":{"line":20,"column":null}},{"start":{"line":21,"column":4},"end":{"line":22,"column":null}},{"start":{"line":23,"column":4},"end":{"line":24,"column":null}},{"start":{"line":25,"column":4},"end":{"line":32,"column":null}},{"start":{"line":33,"column":4},"end":{"line":43,"column":null}},{"start":{"line":44,"column":4},"end":{"line":45,"column":null}}]},"2":{"loc":{"start":{"line":27,"column":28},"end":{"line":27,"column":51}},"type":"binary-expr","locations":[{"start":{"line":27,"column":28},"end":{"line":27,"column":46}},{"start":{"line":27,"column":50},"end":{"line":27,"column":51}}]},"3":{"loc":{"start":{"line":28,"column":28},"end":{"line":28,"column":51}},"type":"binary-expr","locations":[{"start":{"line":28,"column":28},"end":{"line":28,"column":46}},{"start":{"line":28,"column":50},"end":{"line":28,"column":51}}]},"4":{"loc":{"start":{"line":29,"column":31},"end":{"line":29,"column":null}},"type":"cond-expr","locations":[{"start":{"line":29,"column":44},"end":{"line":29,"column":73}},{"start":{"line":29,"column":76},"end":{"line":29,"column":null}}]},"5":{"loc":{"start":{"line":30,"column":31},"end":{"line":30,"column":null}},"type":"cond-expr","locations":[{"start":{"line":30,"column":44},"end":{"line":30,"column":84}},{"start":{"line":30,"column":87},"end":{"line":30,"column":null}}]},"6":{"loc":{"start":{"line":35,"column":28},"end":{"line":35,"column":51}},"type":"binary-expr","locations":[{"start":{"line":35,"column":28},"end":{"line":35,"column":46}},{"start":{"line":35,"column":50},"end":{"line":35,"column":51}}]},"7":{"loc":{"start":{"line":36,"column":27},"end":{"line":36,"column":49}},"type":"binary-expr","locations":[{"start":{"line":36,"column":27},"end":{"line":36,"column":44}},{"start":{"line":36,"column":48},"end":{"line":36,"column":49}}]},"8":{"loc":{"start":{"line":38,"column":10},"end":{"line":38,"column":null}},"type":"cond-expr","locations":[{"start":{"line":38,"column":23},"end":{"line":38,"column":49}},{"start":{"line":38,"column":52},"end":{"line":38,"column":null}}]},"9":{"loc":{"start":{"line":39,"column":10},"end":{"line":39,"column":null}},"type":"cond-expr","locations":[{"start":{"line":39,"column":22},"end":{"line":39,"column":48}},{"start":{"line":39,"column":51},"end":{"line":39,"column":null}}]},"10":{"loc":{"start":{"line":41,"column":23},"end":{"line":41,"column":null}},"type":"cond-expr","locations":[{"start":{"line":41,"column":31},"end":{"line":41,"column":43}},{"start":{"line":41,"column":46},"end":{"line":41,"column":null}}]},"11":{"loc":{"start":{"line":53,"column":4},"end":{"line":55,"column":null}},"type":"if","locations":[{"start":{"line":53,"column":4},"end":{"line":55,"column":null}},{"start":{},"end":{}}]},"12":{"loc":{"start":{"line":57,"column":49},"end":{"line":57,"column":null}},"type":"binary-expr","locations":[{"start":{"line":57,"column":49},"end":{"line":57,"column":68}},{"start":{"line":57,"column":72},"end":{"line":57,"column":null}}]},"13":{"loc":{"start":{"line":58,"column":4},"end":{"line":60,"column":null}},"type":"if","locations":[{"start":{"line":58,"column":4},"end":{"line":60,"column":null}},{"start":{},"end":{}}]},"14":{"loc":{"start":{"line":62,"column":20},"end":{"line":62,"column":null}},"type":"binary-expr","locations":[{"start":{"line":62,"column":20},"end":{"line":62,"column":59}},{"start":{"line":62,"column":59},"end":{"line":62,"column":null}}]},"15":{"loc":{"start":{"line":64,"column":16},"end":{"line":64,"column":62}},"type":"binary-expr","locations":[{"start":{"line":64,"column":16},"end":{"line":64,"column":54}},{"start":{"line":64,"column":54},"end":{"line":64,"column":62}}]},"16":{"loc":{"start":{"line":66,"column":4},"end":{"line":68,"column":null}},"type":"if","locations":[{"start":{"line":66,"column":4},"end":{"line":68,"column":null}},{"start":{},"end":{}}]},"17":{"loc":{"start":{"line":86,"column":17},"end":{"line":86,"column":null}},"type":"binary-expr","locations":[{"start":{"line":86,"column":17},"end":{"line":86,"column":58}},{"start":{"line":86,"column":58},"end":{"line":86,"column":null}}]}},"s":{"0":0,"1":0,"2":0,"3":0,"4":0,"5":0,"6":0,"7":0,"8":0,"9":0,"10":0,"11":0,"12":0,"13":0,"14":0,"15":0,"16":0,"17":0,"18":0,"19":0,"20":0,"21":0,"22":0,"23":0,"24":0,"25":0,"26":0,"27":0,"28":0,"29":0,"30":0,"31":0,"32":0,"33":0,"34":0,"35":0,"36":0,"37":0,"38":0,"39":0,"40":0,"41":0,"42":0,"43":0,"44":0,"45":0,"46":0,"47":0},"f":{"0":0,"1":0,"2":0},"b":{"0":[0],"1":[0,0,0,0,0,0,0,0],"2":[0,0],"3":[0,0],"4":[0,0],"5":[0,0],"6":[0,0],"7":[0,0],"8":[0,0],"9":[0,0],"10":[0,0],"11":[0,0],"12":[0,0],"13":[0,0],"14":[0,0],"15":[0,0],"16":[0,0],"17":[0,0]}}
,"/home/jr/Projetos/MestrAi/app/api/validate-key/route.ts": {"path":"/home/jr/Projetos/MestrAi/app/api/validate-key/route.ts","statementMap":{"0":{"start":{"line":7,"column":22},"end":{"line":7,"column":27}},"1":{"start":{"line":1,"column":29},"end":{"line":1,"column":null}},"2":{"start":{"line":2,"column":17},"end":{"line":2,"column":null}},"3":{"start":{"line":3,"column":27},"end":{"line":3,"column":null}},"4":{"start":{"line":4,"column":30},"end":{"line":4,"column":null}},"5":{"start":{"line":5,"column":23},"end":{"line":5,"column":null}},"6":{"start":{"line":8,"column":2},"end":{"line":47,"column":null}},"7":{"start":{"line":9,"column":20},"end":{"line":9,"column":null}},"8":{"start":{"line":10,"column":4},"end":{"line":12,"column":null}},"9":{"start":{"line":11,"column":6},"end":{"line":11,"column":null}},"10":{"start":{"line":14,"column":15},"end":{"line":14,"column":null}},"11":{"start":{"line":15,"column":20},"end":{"line":15,"column":36}},"12":{"start":{"line":16,"column":6},"end":{"line":18,"column":null}},"13":{"start":{"line":17,"column":6},"end":{"line":17,"column":null}},"14":{"start":{"line":19,"column":19},"end":{"line":19,"column":null}},"15":{"start":{"line":20,"column":15},"end":{"line":20,"column":null}},"16":{"start":{"line":21,"column":18},"end":{"line":21,"column":27}},"17":{"start":{"line":22,"column":4},"end":{"line":41,"column":null}},"18":{"start":{"line":23,"column":6},"end":{"line":28,"column":null}},"19":{"start":{"line":30,"column":21},"end":{"line":30,"column":null}},"20":{"start":{"line":31,"column":6},"end":{"line":36,"column":null}},"21":{"start":{"line":32,"column":8},"end":{"line":34,"column":null}},"22":{"start":{"line":37,"column":6},"end":{"line":39,"column":null}},"23":{"start":{"line":43,"column":4},"end":{"line":43,"column":null}},"24":{"start":{"line":45,"column":20},"end":{"line":45,"column":null}},"25":{"start":{"line":46,"column":4},"end":{"line":46,"column":null}}},"fnMap":{"0":{"name":"POST","decl":{"start":{"line":7,"column":22},"end":{"line":7,"column":27}},"loc":{"start":{"line":7,"column":39},"end":{"line":48,"column":null}}}},"branchMap":{"0":{"loc":{"start":{"line":9,"column":20},"end":{"line":9,"column":null}},"type":"binary-expr","locations":[{"start":{"line":9,"column":20},"end":{"line":9,"column":59}},{"start":{"line":9,"column":59},"end":{"line":9,"column":null}}]},"1":{"loc":{"start":{"line":10,"column":4},"end":{"line":12,"column":null}},"type":"if","locations":[{"start":{"line":10,"column":4},"end":{"line":12,"column":null}},{"start":{},"end":{}}]},"2":{"loc":{"start":{"line":14,"column":16},"end":{"line":14,"column":62}},"type":"binary-expr","locations":[{"start":{"line":14,"column":16},"end":{"line":14,"column":54}},{"start":{"line":14,"column":54},"end":{"line":14,"column":62}}]},"3":{"loc":{"start":{"line":16,"column":6},"end":{"line":18,"column":null}},"type":"if","locations":[{"start":{"line":16,"column":6},"end":{"line":18,"column":null}},{"start":{},"end":{}}]},"4":{"loc":{"start":{"line":30,"column":21},"end":{"line":30,"column":null}},"type":"binary-expr","locations":[{"start":{"line":30,"column":21},"end":{"line":30,"column":36}},{"start":{"line":30,"column":36},"end":{"line":30,"column":61}},{"start":{"line":30,"column":61},"end":{"line":30,"column":null}}]},"5":{"loc":{"start":{"line":31,"column":6},"end":{"line":36,"column":null}},"type":"if","locations":[{"start":{"line":31,"column":6},"end":{"line":36,"column":null}},{"start":{},"end":{}}]},"6":{"loc":{"start":{"line":45,"column":20},"end":{"line":45,"column":null}},"type":"binary-expr","locations":[{"start":{"line":45,"column":20},"end":{"line":45,"column":38}},{"start":{"line":45,"column":38},"end":{"line":45,"column":null}}]}},"s":{"0":0,"1":0,"2":0,"3":0,"4":0,"5":0,"6":0,"7":0,"8":0,"9":0,"10":0,"11":0,"12":0,"13":0,"14":0,"15":0,"16":0,"17":0,"18":0,"19":0,"20":0,"21":0,"22":0,"23":0,"24":0,"25":0},"f":{"0":0},"b":{"0":[0,0],"1":[0,0],"2":[0,0],"3":[0,0],"4":[0,0,0],"5":[0,0],"6":[0,0]}}
,"/home/jr/Projetos/MestrAi/app/auth/page.tsx": {"path":"/home/jr/Projetos/MestrAi/app/auth/page.tsx","statementMap":{"0":{"start":{"line":10,"column":24},"end":{"line":10,"column":null}},"1":{"start":{"line":3,"column":43},"end":{"line":3,"column":null}},"2":{"start":{"line":4,"column":26},"end":{"line":4,"column":null}},"3":{"start":{"line":5,"column":23},"end":{"line":5,"column":null}},"4":{"start":{"line":6,"column":22},"end":{"line":6,"column":null}},"5":{"start":{"line":7,"column":22},"end":{"line":7,"column":null}},"6":{"start":{"line":8,"column":25},"end":{"line":8,"column":null}},"7":{"start":{"line":11,"column":17},"end":{"line":11,"column":null}},"8":{"start":{"line":12,"column":34},"end":{"line":12,"column":null}},"9":{"start":{"line":13,"column":28},"end":{"line":13,"column":null}},"10":{"start":{"line":14,"column":34},"end":{"line":14,"column":null}},"11":{"start":{"line":15,"column":34},"end":{"line":15,"column":null}},"12":{"start":{"line":16,"column":48},"end":{"line":16,"column":null}},"13":{"start":{"line":17,"column":42},"end":{"line":17,"column":null}},"14":{"start":{"line":18,"column":32},"end":{"line":18,"column":null}},"15":{"start":{"line":19,"column":28},"end":{"line":19,"column":null}},"16":{"start":{"line":21,"column":2},"end":{"line":27,"column":null}},"17":{"start":{"line":22,"column":4},"end":{"line":26,"column":null}},"18":{"start":{"line":23,"column":6},"end":{"line":25,"column":null}},"19":{"start":{"line":24,"column":8},"end":{"line":24,"column":null}},"20":{"start":{"line":29,"column":20},"end":{"line":31,"column":null}},"21":{"start":{"line":30,"column":4},"end":{"line":30,"column":null}},"22":{"start":{"line":33,"column":21},"end":{"line":83,"column":null}},"23":{"start":{"line":34,"column":4},"end":{"line":37,"column":null}},"24":{"start":{"line":35,"column":6},"end":{"line":35,"column":null}},"25":{"start":{"line":36,"column":6},"end":{"line":36,"column":null}},"26":{"start":{"line":39,"column":4},"end":{"line":82,"column":null}},"27":{"start":{"line":40,"column":6},"end":{"line":40,"column":null}},"28":{"start":{"line":42,"column":6},"end":{"line":71,"column":null}},"29":{"start":{"line":43,"column":8},"end":{"line":46,"column":null}},"30":{"start":{"line":44,"column":10},"end":{"line":44,"column":null}},"31":{"start":{"line":45,"column":10},"end":{"line":45,"column":null}},"32":{"start":{"line":47,"column":8},"end":{"line":50,"column":null}},"33":{"start":{"line":48,"column":10},"end":{"line":48,"column":null}},"34":{"start":{"line":49,"column":10},"end":{"line":49,"column":null}},"35":{"start":{"line":52,"column":32},"end":{"line":56,"column":null}},"36":{"start":{"line":57,"column":8},"end":{"line":57,"column":null}},"37":{"start":{"line":57,"column":19},"end":{"line":57,"column":null}},"38":{"start":{"line":59,"column":8},"end":{"line":64,"column":null}},"39":{"start":{"line":60,"column":10},"end":{"line":63,"column":null}},"40":{"start":{"line":66,"column":8},"end":{"line":66,"column":null}},"41":{"start":{"line":67,"column":8},"end":{"line":67,"column":null}},"42":{"start":{"line":68,"column":8},"end":{"line":68,"column":null}},"43":{"start":{"line":69,"column":8},"end":{"line":69,"column":n
[...]
"375":0,"376":0,"377":0,"378":0,"379":0,"380":0,"381":0,"382":0,"383":0,"384":0,"385":0,"386":0,"387":0,"388":0,"389":0,"390":0,"391":0,"392":0,"393":0,"394":0,"395":0,"396":0,"397":0,"398":0,"399":0,"400":0,"401":0,"402":0,"403":0,"404":0,"405":0,"406":0,"407":0,"408":0,"409":0,"410":0,"411":0,"412":0,"413":0,"414":0,"415":0,"416":0,"417":0,"418":0,"419":0,"420":0,"421":0,"422":0,"423":0,"424":0,"425":0,"426":0,"427":0,"428":0,"429":0,"430":0,"431":0,"432":0,"433":0,"434":0,"435":0,"436":0,"437":0,"438":0,"439":0,"440":0,"441":0,"442":0,"443":0,"444":0,"445":0,"446":0,"447":0,"448":0,"449":0,"450":0,"451":0,"452":0,"453":0,"454":0,"455":0,"456":0,"457":0,"458":0,"459":0,"460":0,"461":0,"462":0,"463":0,"464":0,"465":0,"466":0,"467":0,"468":0,"469":0,"470":0,"471":0,"472":0,"473":0,"474":0,"475":0,"476":0,"477":0,"478":0,"479":0,"480":0,"481":0,"482":0,"483":0,"484":0,"485":0,"486":0,"487":0,"488":0,"489":0,"490":0,"491":0,"492":0,"493":0,"494":0,"495":0,"496":0,"497":0,"498":0,"499":0,"500":0,"501":0,"502":0,"503":0,"504":0,"505":0,"506":0,"507":0,"508":0,"509":0,"510":0,"511":0,"512":0,"513":0,"514":0,"515":0,"516":0,"517":0,"518":0,"519":0,"520":0,"521":0,"522":0,"523":0,"524":0,"525":0,"526":0,"527":0,"528":0,"529":0,"530":0,"531":0,"532":0,"533":0,"534":0,"535":0,"536":0,"537":0,"538":0,"539":0,"540":0,"541":0,"542":0,"543":0,"544":0,"545":0,"546":0,"547":0,"548":0,"549":0,"550":0,"551":0,"552":0,"553":0,"554":0,"555":0,"556":0,"557":0,"558":0,"559":0,"560":0,"561":0,"562":0,"563":0,"564":0,"565":0,"566":0,"567":0,"568":0,"569":0,"570":0,"571":0,"572":0,"573":0,"574":0,"575":0,"576":0,"577":0,"578":0,"579":0,"580":0,"581":0,"582":0,"583":0,"584":0,"585":0,"586":0,"587":0,"588":0,"589":0,"590":0,"591":0,"592":0,"593":0,"594":0,"595":0,"596":0,"597":0,"598":0,"599":0,"600":0,"601":0,"602":0,"603":0,"604":0,"605":0,"606":0,"607":0,"608":0,"609":0,"610":0,"611":0,"612":0,"613":0,"614":0,"615":0,"616":0,"617":0,"618":0,"619":0,"620":0,"621":0,"622":0,"623":0,"624":0,"625":0,"626":0,"627":0,"628":0,"629":0,"630":0,"631":0,"632":0,"633":0,"634":0,"635":0,"636":0,"637":0,"638":0,"639":0,"640":0,"641":0,"642":0,"643":0,"644":0,"645":0,"646":0,"647":0,"648":0,"649":0,"650":0,"651":0,"652":0,"653":0,"654":0,"655":0,"656":0,"657":0,"658":0,"659":0,"660":0,"661":0,"662":0,"663":0,"664":0,"665":0,"666":0,"667":0,"668":0,"669":0,"670":0,"671":0,"672":0,"673":0,"674":0,"675":0,"676":0,"677":0,"678":0,"679":0,"680":0,"681":0,"682":0,"683":0,"684":0,"685":0,"686":0,"687":0,"688":0,"689":0,"690":0,"691":0,"692":0,"693":0,"694":0,"695":0,"696":0,"697":0,"698":0,"699":0,"700":0,"701":0,"702":0,"703":0,"704":0,"705":0,"706":0,"707":0,"708":0,"709":0,"710":0,"711":0,"712":0,"713":0,"714":0,"715":0,"716":0,"717":0,"718":0,"719":0,"720":0,"721":0,"722":0,"723":0,"724":0,"725":0,"726":0,"727":0,"728":0,"729":0,"730":0,"731":0,"732":0,"733":0,"734":0,"735":0,"736":0,"737":0,"738":0,"739":0,"740":0,"741":0,"742":0,"743":0,"744":0,"745":0,"746":0,"747":0,"748":0,"749":0,"750":0,"751":0,"752":0,"753":0,"754":0,"755":0,"756":0,"757":0,"758":0,"759":0,"760":0,"761":0,"762":0,"763":0,"764":0,"765":0,"766":0,"767":0,"768":0,"769":0,"770":0,"771":0,"772":0,"773":0,"774":0,"775":0,"776":0,"777":0,"778":0,"779":0,"780":0,"781":0,"782":0,"783":0,"784":0,"785":0,"786":0,"787":0,"788":0,"789":0,"790":0,"791":0,"792":0,"793":0,"794":0,"795":0,"796":0,"797":0,"798":0,"799":0,"800":0,"801":0,"802":0,"803":0,"804":0,"805":0,"806":0,"807":0,"808":0,"809":0,"810":0,"811":0,"812":0,"813":0,"814":0,"815":0,"816":0,"817":0,"818":0,"819":0,"820":0,"821":0,"822":0,"823":0,"824":0,"825":0,"826":0,"827":0,"828":0,"829":0,"830":0,"831":0,"832":0,"833":0,"834":0,"835":0,"836":0,"837":0,"838":0,"839":0,"840":0,"841":0,"842":0,"843":0,"844":0,"845":0,"846":0,"847":0,"848":0,"849":0,"850":0,"851":0,"852":0,"853":0,"854":0,"855":0,"856":0,"857":0,"858":0,"859":0,"860":0,"861":0,"862":0,"863":0,"864":0,"865":0,"866":0,"867":0,"868":0,"869":0,"870":0,"871":0,"872":0,"873":0,"874":0,"875":0,"876":0,"877":0,"878":0,"879":0,"880":0,"881":0,"882":0,"883":0,"884":0,"885":0,"886":0,"887":0,"888":0,"889":0,"890":0,"891":0,"892":0,"893":0,"894":0,"895":0,"896":0,"897":0,"898":0,"899":0,"900":0,"901":0,"902":0,"903":0,"904":0,"905":0,"906":0,"907":0,"908":0,"909":0,"910":0,"911":0,"912":0,"913":0,"914":0,"915":0,"916":0,"917":0,"918":0,"919":0,"920":0,"921":0,"922":0,"923":0,"924":0,"925":0,"926":0,"927":0,"928":0,"929":0,"930":0,"931":0,"932":0,"933":0,"934":0,"935":0,"936":0,"937":0,"938":0,"939":0,"940":0,"941":0,"942":0,"943":0,"944":0,"945":0,"946":0,"947":0,"948":0,"949":0,"950":0,"951":0,"952":0,"953":0,"954":0,"955":0,"956":0,"957":0,"958":0,"959":0,"960":0,"961":0,"962":0,"963":0,"964":0,"965":0,"966":0,"967":0,"968":0,"969":0,"970":0,"971":0,"972":0,"973":0,"974":0,"975":0,"976":0,"977":0,"978":0,"979":0,"980":0,"981":0,"982":0,"983":0,"984":0,"985":0,"986":0,"987":0,"988":0,"989":0,"990":0,"991":0,"992":0,"993":0,"994":0,"995":0,"996":0,"997":0,"998":0,"999":0,"1000":0,"1001":0,"1002":0,"1003":0,"1004":0,"1005":0,"1006":0,"1007":0,"1008":0,"1009":0,"1010":0,"1011":0,"1012":0,"1013":0,"1014":0,"1015":0,"1016":0,"1017":0,"1018":0,"1019":0,"1020":0,"1021":0,"1022":0,"1023":0,"1024":0,"1025":0,"1026":0,"1027":0,"1028":0,"1029":0,"1030":0,"1031":0,"1032":0,"1033":0,"1034":0,"1035":0,"1036":0,"1037":0,"1038":0,"1039":0,"1040":0,"1041":0,"1042":0,"1043":0,"1044":0,"1045":0,"1046":0,"1047":0,"1048":0,"1049":0,"1050":0,"1051":0,"1052":0,"1053":0,"1054":0,"1055":0,"1056":0,"1057":0,"1058":0,"1059":0,"1060":0,"1061":0,"1062":0,"1063":0,"1064":0,"1065":0,"1066":0,"1067":0,"1068":0,"1069":0,"1070":0,"1071":0,"1072":0,"1073":0,"1074":0,"1075":0,"1076":0,"1077":0,"1078":0,"1079":0,"1080":0,"1081":0,"1082":0,"1083":0,"1084":0,"1085":0,"1086":0,"1087":0,"1088":0,"1089":0,"1090":0,"1091":0,"1092":0,"1093":0,"1094":0,"1095":0,"1096":0,"1097":0,"1098":0,"1099":0,"1100":0,"1101":0},"f":{"0":0,"1":0,"2":0,"3":0,"4":0,"5":0,"6":0,"7":0,"8":0,"9":0,"10":0,"11":0,"12":0,"13":0,"14":0,"15":0,"16":0,"17":0,"18":0,"19":0,"20":0,"21":0,"22":0,"23":0,"24":0,"25":0,"26":0,"27":0,"28":0,"29":0,"30":0,"31":0,"32":0,"33":0,"34":0,"35":0,"36":0,"37":0,"38":0,"39":0,"40":0,"41":0,"42":0,"43":0,"44":0,"45":0,"46":0,"47":0,"48":0,"49":0,"50":0,"51":0,"52":0,"53":0,"54":0,"55":0,"56":0,"57":0,"58":0,"59":0,"60":0,"61":0,"62":0,"63":0,"64":0,"65":0,"66":0,"67":0,"68":0,"69":0,"70":0,"71":0,"72":0,"73":0,"74":0,"75":0,"76":0,"77":0,"78":0,"79":0,"80":0,"81":0,"82":0,"83":0,"84":0,"85":0,"86":0,"87":0,"88":0,"89":0,"90":0,"91":0,"92":0,"93":0,"94":0,"95":0,"96":0,"97":0,"98":0,"99":0,"100":0,"101":0,"102":0,"103":0,"104":0,"105":0,"106":0,"107":0,"108":0,"109":0,"110":0,"111":0,"112":0,"113":0,"114":0,"115":0,"116":0,"117":0,"118":0,"119":0,"120":0,"121":0,"122":0,"123":0,"124":0,"125":0,"126":0,"127":0,"128":0,"129":0,"130":0,"131":0,"132":0,"133":0,"134":0,"135":0,"136":0,"137":0,"138":0,"139":0,"140":0,"141":0,"142":0,"143":0,"144":0,"145":0,"146":0,"147":0,"148":0,"149":0,"150":0,"151":0,"152":0,"153":0,"154":0,"155":0,"156":0,"157":0,"158":0,"159":0,"160":0,"161":0,"162":0,"163":0,"164":0,"165":0,"166":0,"167":0,"168":0,"169":0,"170":0,"171":0,"172":0,"173":0,"174":0,"175":0,"176":0,"177":0,"178":0},"b":{"0":[0],"1":[0,0],"2":[0,0,0],"3":[0,0,0],"4":[0,0],"5":[0,0],"6":[0,0],"7":[0,0],"8":[0,0],"9":[0,0],"10":[0,0],"11":[0,0],"12":[0,0],"13":[0,0],"14":[0,0],"15":[0,0],"16":[0,0],"17":[0,0],"18":[0,0],"19":[0,0],"20":[0,0],"21":[0,0],"22":[0,0],"23":[0,0],"24":[0,0],"25":[0,0],"26":[0,0],"27":[0,0],"28":[0,0],"29":[0,0],"30":[0,0],"31":[0,0],"32":[0,0],"33":[0,0],"34":[0,0],"35":[0,0],"36":[0,0],"37":[0,0],"38":[0,0],"39":[0,0],"40":[0,0],"41":[0,0],"42":[0,0],"43":[0,0],"44":[0,0,0],"45":[0,0],"46":[0,0],"47":[0,0],"48":[0,0],"49":[0,0,0],"50":[0,0,0,0],"51":[0,0],"52":[0,0],"53":[0,0],"54":[0,0],"55":[0,0],"56":[0,0],"57":[0,0],"58":[0,0],"59":[0,0],"60":[0,0],"61":[0,0],"62":[0,0],"63":[0,0],"64":[0,0],"65":[0,0],"66":[0,0],"67":[0,0],"68":[0,0],"69":[0,0],"70":[0,0],"71":[0,0],"72":[0,0],"73":[0,0],"74":[0,0,0,0],"75":[0,0],"76":[0,0],"77":[0,0],"78":[0,0,0,0],"79":[0,0],"80":[0,0,0],"81":[0,0],"82":[0,0],"83":[0,0],"84":[0,0],"85":[0,0],"86":[0,0],"87":[0,0],"88":[0,0],"89":[0,0],"90":[0,0],"91":[0,0],"92":[0,0],"93":[0,0],"94":[0,0],"95":[0,0],"96":[0,0],"97":[0,0],"98":[0,0],"99":[0,0],"100":[0,0],"101":[0,0],"102":[0,0],"103":[0,0],"104":[0,0],"105":[0,0],"106":[0,0],"107":[0,0],"108":[0,0],"109":[0,0,0],"110":[0,0],"111":[0,0],"112":[0,0],"113":[0,0],"114":[0,0],"115":[0,0],"116":[0,0],"117":[0,0],"118":[0,0],"119":[0,0],"120":[0,0],"121":[0,0],"122":[0,0],"123":[0,0],"124":[0,0],"125":[0,0],"126":[0,0],"127":[0,0],"128":[0,0],"129":[0,0],"130":[0,0],"131":[0,0],"132":[0,0],"133":[0,0],"134":[0,0],"135":[0,0],"136":[0,0],"137":[0,0],"138":[0,0],"139":[0,0],"140":[0,0],"141":[0,0],"142":[0,0],"143":[0,0],"144":[0,0],"145":[0,0],"146":[0,0],"147":[0,0],"148":[0,0,0],"149":[0,0],"150":[0,0],"151":[0,0],"152":[0,0],"153":[0,0],"154":[0,0,0],"155":[0,0],"156":[0,0],"157":[0,0],"158":[0,0],"159":[0,0],"160":[0,0],"161":[0,0],"162":[0,0],"163":[0,0],"164":[0,0],"165":[0,0],"166":[0,0],"167":[0,0],"168":[0,0],"169":[0,0],"170":[0,0],"171":[0,0],"172":[0,0],"173":[0,0],"174":[0,0],"175":[0,0],"176":[0,0],"177":[0,0],"178":[0,0],"179":[0,0],"180":[0,0],"181":[0,0],"182":[0,0],"183":[0,0],"184":[0,0],"185":[0,0],"186":[0,0],"187":[0,0],"188":[0,0],"189":[0,0],"190":[0,0],"191":[0,0],"192":[0,0],"193":[0,0],"194":[0,0],"195":[0,0],"196":[0,0],"197":[0,0],"198":[0,0,0],"199":[0,0],"200":[0,0],"201":[0,0],"202":[0,0],"203":[0,0],"204":[0,0],"205":[0,0],"206":[0,0],"207":[0,0],"208":[0,0],"209":[0,0],"210":[0],"211":[0,0],"212":[0,0,0],"213":[0,0],"214":[0,0],"215":[0,0],"216":[0,0],"217":[0,0],"218":[0,0],"219":[0,0],"220":[0,0],"221":[0,0],"222":[0,0],"223":[0,0],"224":[0,0],"225":[0,0],"226":[0,0],"227":[0,0],"228":[0,0],"229":[0,0],"230":[0,0],"231":[0,0],"232":[0,0],"233":[0,0],"234":[0,0],"235":[0],"236":[0,0],"237":[0,0],"238":[0,0],"239":[0,0],"240":[0,0],"241":[0,0],"242":[0,0],"243":[0,0],"244":[0,0],"245":[0,0],"246":[0,0],"247":[0,0],"248":[0,0],"249":[0,0],"250":[0,0],"251":[0,0],"252":[0,0],"253":[0,0],"254":[0,0],"255":[0,0],"256":[0,0],"257":[0,0],"258":[0,0],"259":[0,0],"260":[0,0],"261":[0,0],"262":[0,0],"263":[0,0],"264":[0,0,0],"265":[0,0],"266":[0,0],"267":[0,0],"268":[0,0],"269":[0,0,0],"270":[0,0],"271":[0,0],"272":[0,0],"273":[0,0],"274":[0,0],"275":[0,0],"276":[0,0],"277":[0,0],"278":[0,0],"279":[0,0],"280":[0,0],"281":[0,0],"282":[0,0],"283":[0,0,0,0],"284":[0,0],"285":[0,0],"286":[0,0],"287":[0,0],"288":[0,0],"289":[0,0,0,0],"290":[0,0],"291":[0,0],"292":[0,0],"293":[0,0],"294":[0,0],"295":[0,0,0,0],"296":[0,0],"297":[0,0],"298":[0,0],"299":[0,0],"300":[0,0],"301":[0,0],"302":[0,0],"303":[0,0],"304":[0,0],"305":[0,0],"306":[0,0],"307":[0,0],"308":[0,0],"309":[0,0],"310":[0,0],"311":[0,0],"312":[0,0],"313":[0,0],"314":[0,0],"315":[0,0],"316":[0,0],"317":[0,0],"318":[0,0],"319":[0,0],"320":[0,0],"321":[0,0],"322":[0,0],"323":[0,0],"324":[0,0],"325":[0,0],"326":[0,0],"327":[0,0],"328":[0,0],"329":[0,0],"330":[0,0],"331":[0,0],"332":[0,0],"333":[0,0],"334":[0,0],"335":[0],"336":[0,0],"337":[0,0],"338":[0,0],"339":[0,0],"340":[0,0,0],"341":[0,0],"342":[0,0],"343":[0,0,0],"344":[0,0],"345":[0,0],"346":[0,0],"347":[0,0],"348":[0,0],"349":[0,0],"350":[0,0],"351":[0,0],"352":[0,0],"353":[0,0],"354":[0,0],"355":[0,0,0],"356":[0,0],"357":[0,0],"358":[0,0],"359":[0,0],"360":[0,0],"361":[0,0],"362":[0,0],"363":[0,0],"364":[0,0],"365":[0,0],"366":[0,0],"367":[0,0,0,0],"368":[0,0],"369":[0,0,0,0],"370":[0,0],"371":[0,0],"372":[0,0],"373":[0,0],"374":[0,0],"375":[0,0],"376":[0,0],"377":[0,0],"378":[0,0],"379":[0,0],"380":[0,0],"381":[0,0],"382":[0,0],"383":[0,0],"384":[0,0],"385":[0,0],"386":[0,0],"387":[0,0],"388":[0,0],"389":[0,0],"390":[0,0],"391":[0,0],"392":[0,0],"393":[0,0],"394":[0,0],"395":[0,0],"396":[0,0],"397":[0,0],"398":[0,0,0,0],"399":[0,0],"400":[0,0,0,0,0],"401":[0,0,0,0,0],"402":[0,0],"403":[0,0],"404":[0,0],"405":[0,0],"406":[0,0],"407":[0,0],"408":[0,0],"409":[0,0],"410":[0,0],"411":[0,0],"412":[0,0],"413":[0,0],"414":[0],"415":[0,0],"416":[0],"417":[0],"418":[0,0],"419":[0,0],"420":[0,0],"421":[0,0],"422":[0,0],"423":[0,0],"424":[0,0],"425":[0,0],"426":[0,0],"427":[0,0],"428":[0,0],"429":[0,0],"430":[0],"431":[0],"432":[0],"433":[0],"434":[0,0],"435":[0,0],"436":[0,0],"437":[0,0],"438":[0],"439":[0,0],"440":[0,0],"441":[0,0],"442":[0,0,0],"443":[0,0],"444":[0,0],"445":[0],"446":[0,0],"447":[0],"448":[0],"449":[0],"450":[0,0],"451":[0],"452":[0],"453":[0,0],"454":[0,0,0],"455":[0,0],"456":[0,0],"457":[0,0],"458":[0,0],"459":[0,0],"460":[0,0],"461":[0,0],"462":[0,0],"463":[0,0],"464":[0,0],"465":[0,0],"466":[0,0],"467":[0],"468":[0,0],"469":[0],"470":[0],"471":[0,0],"472":[0,0,0],"473":[0,0],"474":[0,0],"475":[0,0],"476":[0],"477":[0],"478":[0],"479":[0],"480":[0],"481":[0],"482":[0,0],"483":[0,0,0],"484":[0,0]}}
,"/home/jr/Projetos/MestrAi/pages/HowItWorks.tsx": {"path":"/home/jr/Projetos/MestrAi/pages/HowItWorks.tsx","statementMap":{"0":{"start":{"line":8,"column":13},"end":{"line":8,"column":23}},"1":{"start":{"line":60,"column":24},"end":{"line":60,"column":null}},"2":{"start":{"line":1,"column":18},"end":{"line":1,"column":null}},"3":{"start":{"line":2,"column":23},"end":{"line":2,"column":null}},"4":{"start":{"line":8,"column":53},"end":{"line":58,"column":null}},"5":{"start":{"line":61,"column":2},"end":{"line":61,"column":null}}},"fnMap":{"0":{"name":"(anonymous_4)","decl":{"start":{"line":8,"column":53},"end":{"line":8,"column":54}},"loc":{"start":{"line":8,"column":64},"end":{"line":58,"column":null}}},"1":{"name":"HowItWorksPage","decl":{"start":{"line":60,"column":24},"end":{"line":60,"column":null}},"loc":{"start":{"line":60,"column":24},"end":{"line":62,"column":1}}}},"branchMap":{},"s":{"0":0,"1":0,"2":0,"3":0,"4":0,"5":0},"f":{"0":0,"1":0},"b":{}}
,"/home/jr/Projetos/MestrAi/pages/LandingPage.tsx": {"path":"/home/jr/Projetos/MestrAi/pages/LandingPage.tsx","statementMap":{"0":{"start":{"line":9,"column":13},"end":{"line":9,"column":24}},"1":{"start":{"line":49,"column":24},"end":{"line":49,"column":null}},"2":{"start":{"line":1,"column":18},"end":{"line":1,"column":null}},"3":{"start":{"line":2,"column":23},"end":{"line":2,"column":null}},"4":{"start":{"line":9,"column":55},"end":{"line":47,"column":null}},"5":{"start":{"line":50,"column":2},"end":{"line":50,"column":null}}},"fnMap":{"0":{"name":"(anonymous_4)","decl":{"start":{"line":9,"column":55},"end":{"line":9,"column":56}},"loc":{"start":{"line":9,"column":81},"end":{"line":47,"column":null}}},"1":{"name":"LandingPageRoute","decl":{"start":{"line":49,"column":24},"end":{"line":49,"column":null}},"loc":{"start":{"line":49,"column":24},"end":{"line":51,"column":1}}}},"branchMap":{},"s":{"0":0,"1":0,"2":0,"3":0,"4":0,"5":0},"f":{"0":0,"1":0},"b":{}}
,"/home/jr/Projetos/MestrAi/pages/SetupKey.tsx": {"path":"/home/jr/Projetos/MestrAi/pages/SetupKey.tsx","statementMap":{"0":{"start":{"line":10,"column":13},"end":{"line":10,"column":21}},"1":{"start":{"line":96,"column":24},"end":{"line":96,"column":null}},"2":{"start":{"line":1,"column":43},"end":{"line":1,"column":null}},"3":{"start":{"line":2,"column":23},"end":{"line":2,"column":null}},"4":{"start":{"line":3,"column":22},"end":{"line":3,"column":null}},"5":{"start":{"line":10,"column":49},"end":{"line":94,"column":null}},"6":{"start":{"line":11,"column":24},"end":{"line":11,"column":null}},"7":{"start":{"line":12,"column":38},"end":{"line":12,"column":null}},"8":{"start":{"line":14,"column":2},"end":{"line":17,"column":null}},"9":{"start":{"line":15,"column":19},"end":{"line":15,"column":null}},"10":{"start":{"line":16,"column":4},"end":{"line":16,"column":null}},"11":{"start":{"line":16,"column":16},"end":{"line":16,"column":null}},"12":{"start":{"line":19,"column":21},"end":{"line":52,"column":null}},"13":{"start":{"line":20,"column":23},"end":{"line":20,"column":null}},"14":{"start":{"line":21,"column":4},"end":{"line":24,"column":null}},"15":{"start":{"line":22,"column":8},"end":{"line":22,"column":null}},"16":{"start":{"line":23,"column":8},"end":{"line":23,"column":null}},"17":{"start":{"line":26,"column":4},"end":{"line":26,"column":null}},"18":{"start":{"line":27,"column":18},"end":{"line":27,"column":null}},"19":{"start":{"line":28,"column":23},"end":{"line":28,"column":null}},"20":{"start":{"line":29,"column":4},"end":{"line":42,"column":null}},"21":{"start":{"line":30,"column":18},"end":{"line":36,"column":null}},"22":{"start":{"line":37,"column":19},"end":{"line":37,"column":null}},"23":{"start":{"line":38,"column":6},"end":{"line":38,"column":null}},"24":{"start":{"line":39,"column":6},"end":{"line":39,"column":null}},"25":{"start":{"line":41,"column":6},"end":{"line":41,"column":null}},"26":{"start":{"line":43,"column":4},"end":{"line":43,"column":null}},"27":{"start":{"line":45,"column":4},"end":{"line":51,"column":null}},"28":{"start":{"line":46,"column":8},"end":{"line":46,"column":null}},"29":{"start":{"line":47,"column":8},"end":{"line":47,"column":null}},"30":{"start":{"line":48,"column":8},"end":{"line":48,"column":null}},"31":{"start":{"line":50,"column":6},"end":{"line":50,"column":null}},"32":{"start":{"line":83,"column":29},"end":{"line":83,"column":null}},"33":{"start":{"line":97,"column":2},"end":{"line":97,"column":null}}},"fnMap":{"0":{"name":"(anonymous_6)","decl":{"start":{"line":10,"column":49},"end":{"line":10,"column":50}},"loc":{"start":{"line":10,"column":75},"end":{"line":94,"column":null}}},"1":{"name":"(anonymous_7)","decl":{"start":{"line":14,"column":12},"end":{"line":14,"column":null}},"loc":{"start":{"line":14,"column":12},"end":{"line":17,"column":5}}},"2":{"name":"(anonymous_8)","decl":{"start":{"line":19,"column":21},"end":{"line":19,"column":null}},"loc":{"start":{"line":19,"column":21},"end":{"line":52,"column":null}}},"3":{"name":"(anonymous_9)","decl":{"start":{"line":83,"column":22},"end":{"line":83,"column":23}},"loc":{"start":{"line":83,"column":29},"end":{"line":83,"column":null}}},"4":{"name":"SetupKeyRoute","decl":{"start":{"line":96,"column":24},"end":{"line":96,"column":null}},"loc":{"start":{"line":96,"column":24},"end":{"line":98,"column":1}}}},"branchMap":{"0":{"loc":{"start":{"line":16,"column":4},"end":{"line":16,"column":null}},"type":"if","locations":[{"start":{"line":16,"column":4},"end":{"line":16,"column":null}},{"start":{},"end":{}}]},"1":{"loc":{"start":{"line":21,"column":4},"end":{"line":24,"column":null}},"type":"if","locations":[{"start":{"line":21,"column":4},"end":{"line":24,"column":null}},{"start":{},"end":{}}]},"2":{"loc":{"start":{"line":39,"column":21},"end":{"line":39,"column":null}},"type":"binary-expr","locations":[{"start":{"line":39,"column":21},"end":{"line":39,"column":31}},{"start":{"line":39,"column":35},"end":{"line":39,"column":null}}]},"3":{"loc":{"start":{"line":45,"column":4},"end":{"line":51,"column":null}},"type":"if","locations":[{"start":{"line":45,"column":4},"end":{"line":51,"column":null}},{"start":{"line":49,"column":11},"end":{"line":51,"column":null}}]},"4":{"loc":{"start":{"line":50,"column":16},"end":{"line":50,"column":100}},"type":"binary-expr","locations":[{"start":{"line":50,"column":16},"end":{"line":50,"column":32}},{"start":{"line":50,"column":32},"end":{"line":50,"column":100}}]},"5":{"loc":{"start":{"line":88,"column":13},"end":{"line":88,"column":null}},"type":"cond-expr","locations":[{"start":{"line":88,"column":26},"end":{"line":88,"column":43}},{"start":{"line":88,"column":43},"end":{"line":88,"column":null}}]}},"s":{"0":0,"1":0,"2":0,"3":0,"4":0,"5":0,"6":0,"7":0,"8":0,"9":0,"10":0,"11":0,"12":0,"13":0,"14":0,"15":0,"16":0,"17":0,"18":0,"19":0,"20":0,"21":0,"22":0,"23":0,"24":0,"25":0,"26":0,"27":0,"28":0,"29":0,"30":0,"31":0,"32":0,"33":0},"f":{"0":0,"1":0,"2":0,"3":0,"4":0},"b":{"0":[0,0],"1":[0,0],"2":[0,0],"3":[0,0],"4":[0,0],"5":[0,0]}}
}
