TN:
SF:app/layout.tsx
FN:12,RootLayout
FNF:1
FNH:0
FNDA:0,RootLayout
DA:1,0
DA:2,0
DA:4,0
DA:12,0
LF:4
LH:0
BRF:0
BRH:0
end_of_record
TN:
SF:app/not-found.tsx
FN:1,NotFound
FNF:1
FNH:0
FNDA:0,NotFound
DA:1,0
LF:1
LH:0
BRF:0
BRH:0
end_of_record
TN:
SF:app/page.tsx
FN:6,HomePage
FN:11,(anonymous_2)
FN:12,(anonymous_3)
FNF:3
FNH:0
FNDA:0,HomePage
FNDA:0,(anonymous_2)
FNDA:0,(anonymous_3)
DA:3,0
DA:4,0
DA:6,0
DA:7,0
DA:11,0
DA:12,0
LF:6
LH:0
BRF:0
BRH:0
end_of_record
TN:
SF:app/api/character-infer/route.ts
FN:29,(anonymous_2)
FN:38,(anonymous_3)
FN:46,(anonymous_4)
FN:55,(anonymous_5)
FN:58,(anonymous_6)
FN:86,POST
FN:148,(anonymous_8)
FNF:7
FNH:0
FNDA:0,(anonymous_2)
FNDA:0,(anonymous_3)
FNDA:0,(anonymous_4)
FNDA:0,(anonymous_5)
FNDA:0,(anonymous_6)
FNDA:0,POST
FNDA:0,(anonymous_8)
DA:1,0
DA:2,0
DA:3,0
DA:4,0
DA:5,0
DA:6,0
DA:7,0
DA:10,0
DA:21,0
DA:27,0
DA:29,0
DA:30,0
DA:31,0
DA:32,0
DA:33,0
DA:35,0
DA:38,0
DA:39,0
DA:46,0
DA:47,0
DA:48,0
DA:49,0
DA:52,0
DA:55,0
DA:56,0
DA:57,0
DA:59,0
DA:60,0
DA:67,0
DA:68,0
DA:69,0
DA:70,0
DA:71,0
DA:72,0
DA:81,0
DA:86,0
DA:87,0
DA:88,0
DA:90,0
DA:91,0
DA:92,0
DA:93,0
DA:96,0
DA:97,0
DA:98,0
DA:99,0
DA:103,0
DA:104,0
DA:106,0
DA:109,0
DA:110,0
DA:112,0
DA:147,0
DA:149,0
DA:157,0
DA:158,0
DA:159,0
DA:160,0
DA:163,0
DA:164,0
DA:165,0
DA:167,0
DA:170,0
DA:171,0
DA:172,0
DA:175,0
DA:176,0
DA:177,0
DA:179,0
DA:189,0
DA:191,0
DA:192,0
LF:72
LH:0
BRDA:30,0,0,0
BRDA:30,0,1,0
BRDA:30,1,0,0
BRDA:30,1,1,0
BRDA:31,2,0,0
BRDA:31,2,1,0
BRDA:33,3,0,0
BRDA:33,3,1,0
BRDA:47,4,0,0
BRDA:47,4,1,0
BRDA:49,5,0,0
BRDA:49,5,1,0
BRDA:56,6,0,0
BRDA:56,6,1,0
BRDA:59,7,0,0
BRDA:59,7,1,0
BRDA:67,8,0,0
BRDA:67,8,1,0
BRDA:67,9,0,0
BRDA:67,9,1,0
BRDA:68,10,0,0
BRDA:68,10,1,0
BRDA:69,11,0,0
BRDA:69,11,1,0
BRDA:70,12,0,0
BRDA:70,12,1,0
BRDA:71,13,0,0
BRDA:71,13,1,0
BRDA:73,14,0,0
BRDA:73,14,1,0
BRDA:73,15,0,0
BRDA:73,15,1,0
BRDA:88,16,0,0
BRDA:88,16,1,0
BRDA:90,17,0,0
BRDA:90,17,1,0
BRDA:92,18,0,0
BRDA:92,18,1,0
BRDA:98,19,0,0
BRDA:98,19,1,0
BRDA:124,20,0,0
BRDA:124,20,1,0
BRDA:157,21,0,0
BRDA:157,21,1,0
BRDA:159,22,0,0
BRDA:159,22,1,0
BRDA:171,23,0,0
BRDA:171,23,1,0
BRDA:172,24,0,0
BRDA:172,24,1,0
BRDA:175,25,0,0
BRDA:175,25,1,0
BRDA:176,26,0,0
BRDA:176,26,1,0
BRDA:177,27,0,0
BRDA:177,27,1,0
BRDA:177,27,2,0
BRF:57
BRH:0
end_of_record
TN:
SF:app/api/chat/route.ts
FN:119,safeParseArgs
FN:132,normalizeToolCalls
FN:134,(anonymous_4)
FN:141,extractRetryAfterSeconds
FN:153,(anonymous_6)
FN:180,mapRole
FN:186,POST
FN:262,(anonymous_9)
FN:275,(anonymous_10)
FN:289,(anonymous_11)
FN:293,(anonymous_12)
FN:299,(anonymous_13)
FN:300,(anonymous_14)
FN:374,(anonymous_15)
FN:417,(anonymous_16)
FN:445,(anonymous_17)
FN:474,(anonymous_18)
FN:505,(anonymous_19)
FN:519,(anonymous_20)
FNF:19
FNH:0
FNDA:0,safeParseArgs
FNDA:0,normalizeToolCalls
FNDA:0,(anonymous_4)
FNDA:0,extractRetryAfterSeconds
FNDA:0,(anonymous_6)
FNDA:0,mapRole
FNDA:0,POST
FNDA:0,(anonymous_9)
FNDA:0,(anonymous_10)
FNDA:0,(anonymous_11)
FNDA:0,(anonymous_12)
FNDA:0,(anonymous_13)
FNDA:0,(anonymous_14)
FNDA:0,(anonymous_15)
FNDA:0,(anonymous_16)
FNDA:0,(anonymous_17)
FNDA:0,(anonymous_18)
FNDA:0,(anonymous_19)
FNDA:0,(anonymous_20)
DA:1,0
DA:2,0
DA:4,0
DA:5,0
DA:6,0
DA:7,0
DA:8,0
DA:9,0
DA:10,0
DA:13,0
DA:15,0
DA:25,0
DA:33,0
DA:41,0
DA:47,0
DA:55,0
DA:64,0
DA:91,0
DA:120,0
DA:121,0
DA:122,0
DA:123,0
DA:124,0
DA:126,0
DA:129,0
DA:133,0
DA:134,0
DA:142,0
DA:144,0
DA:147,0
DA:148,0
DA:149,0
DA:151,0
DA:152,0
DA:153,0
DA:154,0
DA:155,0
DA:156,0
DA:157,0
DA:160,0
DA:161,0
DA:162,0
DA:163,0
DA:166,0
DA:181,0
DA:182,0
DA:183,0
DA:186,0
DA:187,0
DA:188,0
DA:189,0
DA:190,0
DA:191,0
DA:194,0
DA:195,0
DA:197,0
DA:198,0
DA:200,0
DA:202,0
DA:204,0
DA:205,0
DA:206,0
DA:207,0
DA:210,0
DA:211,0
DA:212,0
DA:214,0
DA:215,0
DA:216,0
DA:219,0
DA:220,0
DA:221,0
DA:224,0
DA:230,0
DA:237,0
DA:238,0
DA:241,0
DA:242,0
DA:245,0
DA:246,0
DA:249,0
DA:250,0
DA:251,0
DA:254,0
DA:255,0
DA:256,0
DA:257,0
DA:262,0
DA:268,0
DA:276,0
DA:277,0
DA:278,0
DA:281,0
DA:282,0
DA:289,0
DA:293,0
DA:298,0
DA:299,0
DA:300,0
DA:302,0
DA:369,0
DA:374,0
DA:375,0
DA:376,0
DA:377,0
DA:378,0
DA:402,0
DA:403,0
DA:406,0
DA:410,0
DA:413,0
DA:415,0
DA:416,0
DA:418,0
DA:429,0
DA:430,0
DA:431,0
DA:432,0
DA:440,0
DA:443,0
DA:444,0
DA:446,0
DA:447,0
DA:448,0
DA:449,0
DA:450,0
DA:451,0
DA:452,0
DA:454,0
DA:455,0
DA:456,0
DA:457,0
DA:458,0
DA:460,0
DA:461,0
DA:463,0
DA:466,0
DA:467,0
DA:468,0
DA:474,0
DA:480,0
DA:486,0
DA:490,0
DA:495,0
DA:504,0
DA:506,0
DA:516,0
DA:517,0
DA:518,0
DA:519,0
DA:521,0
DA:526,0
DA:527,0
DA:528,0
DA:529,0
DA:530,0
DA:535,0
LF:157
LH:0
BRDA:120,0,0,0
BRDA:120,0,1,0
BRDA:121,1,0,0
BRDA:121,1,1,0
BRDA:122,2,0,0
BRDA:122,2,1,0
BRDA:133,3,0,0
BRDA:133,3,1,0
BRDA:136,4,0,0
BRDA:136,4,1,0
BRDA:137,5,0,0
BRDA:137,5,1,0
BRDA:142,6,0,0
BRDA:142,6,1,0
BRDA:144,7,0,0
BRDA:144,7,1,0
BRDA:144,7,2,0
BRDA:147,8,0,0
BRDA:147,8,1,0
BRDA:149,9,0,0
BRDA:149,9,1,0
BRDA:151,10,0,0
BRDA:151,10,1,0
BRDA:152,11,0,0
BRDA:152,11,1,0
BRDA:153,12,0,0
BRDA:153,12,1,0
BRDA:154,13,0,0
BRDA:154,13,1,0
BRDA:155,14,0,0
BRDA:155,14,1,0
BRDA:157,15,0,0
BRDA:157,15,1,0
BRDA:160,16,0,0
BRDA:160,16,1,0
BRDA:162,17,0,0
BRDA:162,17,1,0
BRDA:181,18,0,0
BRDA:181,18,1,0
BRDA:182,19,0,0
BRDA:182,19,1,0
BRDA:190,20,0,0
BRDA:190,20,1,0
BRDA:195,21,0,0
BRDA:195,21,1,0
BRDA:204,22,0,0
BRDA:204,22,1,0
BRDA:205,23,0,0
BRDA:205,23,1,0
BRDA:206,24,0,0
BRDA:206,24,1,0
BRDA:211,25,0,0
BRDA:211,25,1,0
BRDA:215,26,0,0
BRDA:215,26,1,0
BRDA:220,27,0,0
BRDA:220,27,1,0
BRDA:237,28,0,0
BRDA:237,28,1,0
BRDA:237,29,0,0
BRDA:237,29,1,0
BRDA:241,30,0,0
BRDA:241,30,1,0
BRDA:245,31,0,0
BRDA:245,31,1,0
BRDA:249,32,0,0
BRDA:249,32,1,0
BRDA:250,33,0,0
BRDA:250,33,1,0
BRDA:250,34,0,0
BRDA:250,34,1,0
BRDA:256,35,0,0
BRDA:256,35,1,0
BRDA:262,36,0,0
BRDA:262,36,1,0
BRDA:264,37,0,0
BRDA:264,37,1,0
BRDA:271,38,0,0
BRDA:271,38,1,0
BRDA:271,38,2,0
BRDA:272,39,0,0
BRDA:272,39,1,0
BRDA:273,40,0,0
BRDA:273,40,1,0
BRDA:273,41,0,0
BRDA:273,41,1,0
BRDA:276,42,0,0
BRDA:276,42,1,0
BRDA:277,43,0,0
BRDA:277,43,1,0
BRDA:277,44,0,0
BRDA:277,44,1,0
BRDA:278,45,0,0
BRDA:278,45,1,0
BRDA:278,46,0,0
BRDA:278,46,1,0
BRDA:281,47,0,0
BRDA:281,47,1,0
BRDA:282,48,0,0
BRDA:282,48,1,0
BRDA:288,49,0,0
BRDA:288,49,1,0
BRDA:300,50,0,0
BRDA:300,50,1,0
BRDA:300,51,0,0
BRDA:300,51,1,0
BRDA:375,52,0,0
BRDA:375,52,1,0
BRDA:376,53,0,0
BRDA:376,53,1,0
BRDA:377,54,0,0
BRDA:377,54,1,0
BRDA:397,55,0,0
BRDA:397,55,1,0
BRDA:402,56,0,0
BRDA:402,56,1,0
BRDA:402,57,0,0
BRDA:402,57,1,0
BRDA:410,58,0,0
BRDA:410,58,1,0
BRDA:413,59,0,0
BRDA:413,59,1,0
BRDA:413,60,0,0
BRDA:413,60,1,0
BRDA:429,61,0,0
BRDA:429,61,1,0
BRDA:429,61,2,0
BRDA:430,62,0,0
BRDA:430,62,1,0
BRDA:436,63,0,0
BRDA:436,63,1,0
BRDA:450,64,0,0
BRDA:450,64,1,0
BRDA:451,65,0,0
BRDA:451,65,1,0
BRDA:452,66,0,0
BRDA:452,66,1,0
BRDA:455,67,0,0
BRDA:455,67,1,0
BRDA:455,68,0,0
BRDA:455,68,1,0
BRDA:455,68,2,0
BRDA:456,69,0,0
BRDA:456,69,1,0
BRDA:457,70,0,0
BRDA:457,70,1,0
BRDA:460,71,0,0
BRDA:460,71,1,0
BRDA:466,72,0,0
BRDA:466,72,1,0
BRDA:482,73,0,0
BRDA:482,73,1,0
BRDA:517,74,0,0
BRDA:517,74,1,0
BRDA:522,75,0,0
BRDA:522,75,1,0
BRDA:522,76,0,0
BRDA:522,76,1,0
BRDA:526,77,0,0
BRDA:526,77,1,0
BRDA:526,77,2,0
BRDA:528,78,0,0
BRDA:528,78,1,0
BRDA:532,79,0,0
BRDA:532,79,1,0
BRF:165
BRH:0
end_of_record
TN:
SF:app/api/health/route.ts
FN:4,GET
FNF:1
FNH:0
FNDA:0,GET
DA:1,0
DA:2,0
DA:4,0
DA:5,0
DA:6,0
DA:7,0
DA:9,0
LF:7
LH:0
BRDA:6,0,0,0
BRDA:6,0,1,0
BRF:2
BRH:0
end_of_record
TN:
SF:app/api/image/route.ts
FN:8,getModelChain
FN:16,buildUrl
FN:27,GET
FNF:3
FNH:0
FNDA:0,getModelChain
FNDA:0,buildUrl
FNDA:0,GET
DA:1,0
DA:2,0
DA:4,0
DA:9,0
DA:10,0
DA:11,0
DA:12,0
DA:13,0
DA:17,0
DA:18,0
DA:19,0
DA:20,0
DA:21,0
DA:22,0
DA:23,0
DA:24,0
DA:27,0
DA:28,0
DA:29,0
DA:30,0
DA:31,0
DA:32,0
DA:34,0
DA:35,0
DA:36,0
DA:39,0
DA:40,0
DA:41,0
DA:42,0
DA:43,0
DA:45,0
DA:47,0
DA:48,0
DA:49,0
DA:50,0
DA:52,0
DA:53,0
DA:54,0
DA:55,0
DA:63,0
DA:66,0
DA:67,0
LF:42
LH:0
BRDA:4,0,0,0
BRDA:4,0,1,0
BRDA:9,1,0,0
BRDA:9,1,1,0
BRDA:10,2,0,0
BRDA:10,2,1,0
BRDA:11,3,0,0
BRDA:11,3,1,0
BRDA:12,4,0,0
BRDA:12,4,1,0
BRDA:20,5,0,0
BRDA:20,5,1,0
BRDA:21,6,0,0
BRDA:21,6,1,0
BRDA:22,7,0,0
BRDA:22,7,1,0
BRDA:23,8,0,0
BRDA:23,8,1,0
BRDA:29,9,0,0
BRDA:29,9,1,0
BRDA:31,10,0,0
BRDA:31,10,1,0
BRDA:34,11,0,0
BRDA:34,11,1,0
BRDA:35,12,0,0
BRDA:35,12,1,0
BRDA:39,13,0,0
BRDA:39,13,1,0
BRDA:40,14,0,0
BRDA:40,14,1,0
BRDA:40,15,0,0
BRDA:40,15,1,0
BRDA:41,16,0,0
BRDA:41,16,1,0
BRDA:41,17,0,0
BRDA:41,17,1,0
BRDA:43,18,0,0
BRDA:43,18,1,0
BRDA:45,19,0,0
BRDA:45,19,1,0
BRDA:52,20,0,0
BRDA:52,20,1,0
BRDA:53,21,0,0
BRDA:53,21,1,0
BRDA:66,22,0,0
BRDA:66,22,1,0
BRF:46
BRH:0
end_of_record
TN:
SF:app/api/suggest/route.ts
FN:13,buildPrompt
FN:49,POST
FN:77,(anonymous_4)
FNF:3
FNH:0
FNDA:0,buildPrompt
FNDA:0,POST
FNDA:0,(anonymous_4)
DA:1,0
DA:2,0
DA:3,0
DA:4,0
DA:5,0
DA:6,0
DA:8,0
DA:14,0
DA:16,0
DA:18,0
DA:20,0
DA:22,0
DA:24,0
DA:27,0
DA:28,0
DA:29,0
DA:30,0
DA:31,0
DA:35,0
DA:36,0
DA:37,0
DA:41,0
DA:42,0
DA:45,0
DA:49,0
DA:50,0
DA:51,0
DA:52,0
DA:53,0
DA:54,0
DA:57,0
DA:58,0
DA:59,0
DA:62,0
DA:64,0
DA:65,0
DA:66,0
DA:67,0
DA:70,0
DA:71,0
DA:73,0
DA:75,0
DA:76,0
DA:78,0
DA:86,0
DA:87,0
DA:89,0
DA:90,0
LF:48
LH:0
BRDA:13,0,0,0
BRDA:14,1,0,0
BRDA:14,1,1,0
BRDA:14,1,2,0
BRDA:14,1,3,0
BRDA:14,1,4,0
BRDA:14,1,5,0
BRDA:14,1,6,0
BRDA:14,1,7,0
BRDA:27,2,0,0
BRDA:27,2,1,0
BRDA:28,3,0,0
BRDA:28,3,1,0
BRDA:29,4,0,0
BRDA:29,4,1,0
BRDA:30,5,0,0
BRDA:30,5,1,0
BRDA:35,6,0,0
BRDA:35,6,1,0
BRDA:36,7,0,0
BRDA:36,7,1,0
BRDA:38,8,0,0
BRDA:38,8,1,0
BRDA:39,9,0,0
BRDA:39,9,1,0
BRDA:41,10,0,0
BRDA:41,10,1,0
BRDA:53,11,0,0
BRDA:53,11,1,0
BRDA:57,12,0,0
BRDA:57,12,1,0
BRDA:58,13,0,0
BRDA:58,13,1,0
BRDA:62,14,0,0
BRDA:62,14,1,0
BRDA:64,15,0,0
BRDA:64,15,1,0
BRDA:66,16,0,0
BRDA:66,16,1,0
BRDA:86,17,0,0
BRDA:86,17,1,0
BRF:41
BRH:0
end_of_record
TN:
SF:app/api/validate-key/route.ts
FN:7,POST
FNF:1
FNH:0
FNDA:0,POST
DA:1,0
DA:2,0
DA:3,0
DA:4,0
DA:5,0
DA:7,0
DA:8,0
DA:9,0
DA:10,0
DA:11,0
DA:14,0
DA:15,0
DA:16,0
DA:17,0
DA:19,0
DA:20,0
DA:21,0
DA:22,0
DA:23,0
DA:30,0
DA:31,0
DA:32,0
DA:37,0
DA:43,0
DA:45,0
DA:46,0
LF:26
LH:0
BRDA:9,0,0,0
BRDA:9,0,1,0
BRDA:10,1,0,0
BRDA:10,1,1,0
BRDA:14,2,0,0
BRDA:14,2,1,0
BRDA:16,3,0,0
BRDA:16,3,1,0
BRDA:30,4,0,0
BRDA:30,4,1,0
BRDA:30,4,2,0
BRDA:31,5,0,0
BRDA:31,5,1,0
BRDA:45,6,0,0
BRDA:45,6,1,0
BRF:15
BRH:0
end_of_record
TN:
SF:app/auth/page.tsx
FN:10,AuthPage
FN:21,(anonymous_5)
FN:22,(anonymous_6)
FN:29,(anonymous_7)
FN:33,(anonymous_8)
FN:87,(anonymous_9)
FN:100,(anonymous_10)
FN:109,(anonymous_11)
FN:118,(anonymous_12)
FN:122,(anonymous_13)
FN:140,(anonymous_14)
FN:151,(anonymous_15)
FN:157,(anonymous_16)
FNF:13
FNH:0
FNDA:0,AuthPage
FNDA:0,(anonymous_5)
FNDA:0,(anonymous_6)
FNDA:0,(anonymous_7)
FNDA:0,(anonymous_8)
FNDA:0,(anonymous_9)
FNDA:0,(anonymous_10)
FNDA:0,(anonymous_11)
FNDA:0,(anonymous_12)
FNDA:0,(anonymous_13)
FNDA:0,(anonymous_14)
FNDA:0,(anonymous_15)
FNDA:0,(anonymous_16)
DA:3,0
DA:4,0
DA:5,0
DA:6,0
DA:7,0
DA:8,0
DA:10,0
DA:11,0
DA:12,0
DA:13,0
DA:14,0
DA:15,0
DA:16,0
DA:17,0
DA:18,0
DA:19,0
DA:21,0
DA:22,0
DA:23,0
DA:24,0
DA:29,0
DA:30,0
DA:33,0
DA:34,0
DA:35,0
DA:36,0
DA:39,0
DA:40,0
DA:42,0
DA:43,0
DA:44,0
DA:45,0
DA:47,0
DA:48,0
DA:49,0
DA:52,0
DA:57,0
DA:59,0
DA:60,0
DA:66,0
DA:67,0
DA:68,0
DA:69,0
DA:70,0
DA:73,0
DA:74,0
DA:76,0
DA:77,0
DA:79,0
DA:81,0
DA:87,0
DA:100,0
DA:109,0
DA:118,0
DA:122,0
DA:140,0
DA:151,0
DA:157,0
LF:58
LH:0
BRDA:23,0,0,0
BRDA:23,0,1,0
BRDA:34,1,0,0
BRDA:34,1,1,0
BRDA:42,2,0,0
BRDA:42,2,1,0
BRDA:43,3,0,0
BRDA:43,3,1,0
BRDA:47,4,0,0
BRDA:47,4,1,0
BRDA:57,5,0,0
BRDA:57,5,1,0
BRDA:59,6,0,0
BRDA:59,6,1,0
BRDA:74,7,0,0
BRDA:74,7,1,0
BRDA:79,8,0,0
BRDA:79,8,1,0
BRDA:87,9,0,0
BRDA:91,10,0,0
BRDA:91,10,1,0
BRDA:94,11,0,0
BRDA:115,12,0,0
BRDA:115,12,1,0
BRDA:127,13,0,0
BRDA:134,14,0,0
BRDA:137,15,0,0
BRDA:137,15,1,0
BRDA:145,16,0,0
BRDA:145,16,1,0
BRDA:151,17,0,0
BRDA:151,17,1,0
BRDA:153,18,0,0
BRDA:153,18,1,0
BRF:34
BRH:0
end_of_record
TN:
SF:app/campaigns/[id]/page.tsx
FN:9,CampaignSessionPage
FN:20,(anonymous_5)
FN:21,(anonymous_6)
FN:78,(anonymous_7)
FN:79,(anonymous_8)
FN:170,(anonymous_9)
FNF:6
FNH:0
FNDA:0,CampaignSessionPage
FNDA:0,(anonymous_5)
FNDA:0,(anonymous_6)
FNDA:0,(anonymous_7)
FNDA:0,(anonymous_8)
FNDA:0,(anonymous_9)
DA:3,0
DA:4,0
DA:5,0
DA:6,0
DA:7,0
DA:9,0
DA:10,0
DA:11,0
DA:12,0
DA:13,0
DA:14,0
DA:15,0
DA:16,0
DA:17,0
DA:18,0
DA:20,0
DA:21,0
DA:22,0
DA:23,0
DA:24,0
DA:26,0
DA:27,0
DA:28,0
DA:29,0
DA:32,0
DA:33,0
DA:42,0
DA:43,0
DA:44,0
DA:45,0
DA:46,0
DA:48,0
DA:69,0
DA:70,0
DA:72,0
DA:75,0
DA:78,0
DA:79,0
DA:80,0
DA:81,0
DA:82,0
DA:83,0
DA:84,0
DA:86,0
DA:87,0
DA:88,0
DA:90,0
DA:91,0
DA:92,0
DA:95,0
DA:96,0
DA:97,0
DA:98,0
DA:115,0
DA:116,0
DA:117,0
DA:118,0
DA:120,0
DA:133,0
DA:134,0
DA:137,0
DA:142,0
DA:146,0
DA:149,0
DA:157,0
DA:170,0
LF:66
LH:0
BRDA:22,0,0,0
BRDA:22,0,1,0
BRDA:23,1,0,0
BRDA:23,1,1,0
BRDA:27,2,0,0
BRDA:27,2,1,0
BRDA:42,3,0,0
BRDA:42,3,1,0
BRDA:42,4,0,0
BRDA:42,4,1,0
BRDA:43,5,0,0
BRDA:43,5,1,0
BRDA:44,6,0,0
BRDA:44,6,1,0
BRDA:45,7,0,0
BRDA:45,7,1,0
BRDA:46,8,0,0
BRDA:46,8,1,0
BRDA:52,9,0,0
BRDA:52,9,1,0
BRDA:54,10,0,0
BRDA:54,10,1,0
BRDA:55,11,0,0
BRDA:55,11,1,0
BRDA:56,12,0,0
BRDA:56,12,1,0
BRDA:57,13,0,0
BRDA:57,13,1,0
BRDA:58,14,0,0
BRDA:58,14,1,0
BRDA:59,15,0,0
BRDA:59,15,1,0
BRDA:60,16,0,0
BRDA:60,16,1,0
BRDA:61,17,0,0
BRDA:61,17,1,0
BRDA:62,18,0,0
BRDA:62,18,1,0
BRDA:63,19,0,0
BRDA:63,19,1,0
BRDA:64,20,0,0
BRDA:64,20,1,0
BRDA:65,21,0,0
BRDA:65,21,1,0
BRDA:66,22,0,0
BRDA:66,22,1,0
BRDA:67,23,0,0
BRDA:67,23,1,0
BRDA:69,24,0,0
BRDA:69,24,1,0
BRDA:80,25,0,0
BRDA:80,25,1,0
BRDA:80,26,0,0
BRDA:80,26,1,0
BRDA:80,26,2,0
BRDA:81,27,0,0
BRDA:81,27,1,0
BRDA:83,28,0,0
BRDA:83,28,1,0
BRDA:83,29,0,0
BRDA:83,29,1,0
BRDA:84,30,0,0
BRDA:84,30,1,0
BRDA:84,31,0,0
BRDA:84,31,1,0
BRDA:84,31,2,0
BRDA:88,32,0,0
BRDA:88,32,1,0
BRDA:91,33,0,0
BRDA:91,33,1,0
BRDA:91,34,0,0
BRDA:91,34,1,0
BRDA:102,35,0,0
BRDA:102,35,1,0
BRDA:115,36,0,0
BRDA:115,36,1,0
BRDA:117,37,0,0
BRDA:117,37,1,0
BRDA:118,38,0,0
BRDA:118,38,1,0
BRDA:118,39,0,0
BRDA:118,39,1,0
BRDA:126,40,0,0
BRDA:126,40,1,0
BRDA:133,41,0,0
BRDA:133,41,1,0
BRDA:149,42,0,0
BRDA:149,42,1,0
BRDA:157,43,0,0
BRDA:157,43,1,0
BRF:90
BRH:0
end_of_record
TN:
SF:app/campaigns/[id]/admin/page.tsx
FN:9,CampaignAdminPage
FN:27,(anonymous_5)
FN:28,(anonymous_6)
FN:56,(anonymous_7)
FN:81,(anonymous_8)
FN:91,(anonymous_9)
FN:101,(anonymous_10)
FN:111,(anonymous_11)
FN:113,(anonymous_12)
FN:118,(anonymous_13)
FN:132,(anonymous_14)
FN:142,(anonymous_15)
FN:147,(anonymous_16)
FN:151,(anonymous_17)
FN:157,(anonymous_18)
FN:162,(anonymous_19)
FN:194,(anonymous_20)
FN:198,(anonymous_21)
FN:221,(anonymous_22)
FN:228,(anonymous_23)
FN:262,(anonymous_24)
FN:278,(anonymous_25)
FN:299,(anonymous_26)
FN:303,(anonymous_27)
FN:309,(anonymous_28)
FN:327,(anonymous_29)
FN:333,(anonymous_30)
FN:340,(anonymous_31)
FN:355,(anonymous_32)
FN:362,(anonymous_33)
FN:377,(anonymous_34)
FN:384,(anonymous_35)
FN:408,(anonymous_36)
FN:414,(anonymous_37)
FN:421,(anonymous_38)
FN:442,(anonymous_39)
FN:445,(anonymous_40)
FN:448,(anonymous_41)
FN:457,(anonymous_42)
FNF:39
FNH:0
FNDA:0,CampaignAdminPage
FNDA:0,(anonymous_5)
FNDA:0,(anonymous_6)
FNDA:0,(anonymous_7)
FNDA:0,(anonymous_8)
FNDA:0,(anonymous_9)
FNDA:0,(anonymous_10)
FNDA:0,(anonymous_11)
FNDA:0,(anonymous_12)
FNDA:0,(anonymous_13)
FNDA:0,(anonymous_14)
FNDA:0,(anonymous_15)
FNDA:0,(anonymous_16)
FNDA:0,(anonymous_17)
FNDA:0,(anonymous_18)
FNDA:0,(anonymous_19)
FNDA:0,(anonymous_20)
FNDA:0,(anonymous_21)
FNDA:0,(anonymous_22)
FNDA:0,(anonymous_23)
FNDA:0,(anonymous_24)
FNDA:0,(anonymous_25)
FNDA:0,(anonymous_26)
FNDA:0,(anonymous_27)
FNDA:0,(anonymous_28)
FNDA:0,(anonymous_29)
FNDA:0,(anonymous_30)
FNDA:0,(anonymous_31)
FNDA:0,(anonymous_32)
FNDA:0,(anonymous_33)
FNDA:0,(anonymous_34)
FNDA:0,(anonymous_35)
FNDA:0,(anonymous_36)
FNDA:0,(anonymous_37)
FNDA:0,(anonymous_38)
FNDA:0,(anonymous_39)
FNDA:0,(anonymous_40)
FNDA:0,(anonymous_41)
FNDA:0,(anonymous_42)
DA:3,0
DA:4,0
DA:5,0
DA:6,0
DA:7,0
DA:9,0
DA:10,0
DA:11,0
DA:12,0
DA:14,0
DA:15,0
DA:16,0
DA:17,0
DA:18,0
DA:19,0
DA:20,0
DA:21,0
DA:22,0
DA:23,0
DA:24,0
DA:25,0
DA:27,0
DA:28,0
DA:29,0
DA:30,0
DA:31,0
DA:32,0
DA:33,0
DA:35,0
DA:37,0
DA:43,0
DA:44,0
DA:45,0
DA:48,0
DA:49,0
DA:50,0
DA:53,0
DA:56,0
DA:57,0
DA:58,0
DA:64,0
DA:70,0
DA:76,0
DA:77,0
DA:78,0
DA:81,0
DA:82,0
DA:83,0
DA:88,0
DA:91,0
DA:92,0
DA:93,0
DA:98,0
DA:101,0
DA:102,0
DA:103,0
DA:110,0
DA:111,0
DA:113,0
DA:115,0
DA:118,0
DA:119,0
DA:120,0
DA:129,0
DA:132,0
DA:133,0
DA:134,0
DA:135,0
DA:136,0
DA:137,0
DA:138,0
DA:140,0
DA:143,0
DA:144,0
DA:145,0
DA:148,0
DA:149,0
DA:152,0
DA:153,0
DA:157,0
DA:158,0
DA:162,0
DA:163,0
DA:164,0
DA:167,0
DA:175,0
DA:195,0
DA:196,0
DA:197,0
DA:198,0
DA:199,0
DA:200,0
DA:207,0
DA:222,0
DA:223,0
DA:228,0
DA:263,0
DA:264,0
DA:265,0
DA:279,0
DA:300,0
DA:301,0
DA:302,0
DA:303,0
DA:304,0
DA:310,0
DA:328,0
DA:334,0
DA:335,0
DA:341,0
DA:356,0
DA:357,0
DA:363,0
DA:378,0
DA:379,0
DA:385,0
DA:409,0
DA:415,0
DA:416,0
DA:422,0
DA:442,0
DA:445,0
DA:448,0
DA:458,0
LF:124
LH:0
BRDA:29,0,0,0
BRDA:29,0,1,0
BRDA:31,1,0,0
BRDA:31,1,1,0
BRDA:43,2,0,0
BRDA:43,2,1,0
BRDA:43,3,0,0
BRDA:43,3,1,0
BRDA:49,4,0,0
BRDA:49,4,1,0
BRDA:57,5,0,0
BRDA:57,5,1,0
BRDA:76,6,0,0
BRDA:76,6,1,0
BRDA:77,7,0,0
BRDA:77,7,1,0
BRDA:78,8,0,0
BRDA:78,8,1,0
BRDA:82,9,0,0
BRDA:82,9,1,0
BRDA:88,10,0,0
BRDA:88,10,1,0
BRDA:92,11,0,0
BRDA:92,11,1,0
BRDA:98,12,0,0
BRDA:98,12,1,0
BRDA:102,13,0,0
BRDA:102,13,1,0
BRDA:110,14,0,0
BRDA:110,14,1,0
BRDA:111,15,0,0
BRDA:111,15,1,0
BRDA:112,16,0,0
BRDA:112,16,1,0
BRDA:113,17,0,0
BRDA:113,17,1,0
BRDA:114,18,0,0
BRDA:114,18,1,0
BRDA:119,19,0,0
BRDA:119,19,1,0
BRDA:129,20,0,0
BRDA:129,20,1,0
BRDA:133,21,0,0
BRDA:133,21,1,0
BRDA:153,22,0,0
BRDA:153,22,1,0
BRDA:163,23,0,0
BRDA:163,23,1,0
BRDA:163,24,0,0
BRDA:163,24,1,0
BRDA:167,25,0,0
BRDA:167,25,1,0
BRDA:175,26,0,0
BRDA:175,26,1,0
BRDA:195,27,0,0
BRDA:195,27,1,0
BRDA:196,28,0,0
BRDA:196,28,1,0
BRDA:196,29,0,0
BRDA:196,29,1,0
BRDA:197,30,0,0
BRDA:197,30,1,0
BRDA:197,31,0,0
BRDA:197,31,1,0
BRDA:199,32,0,0
BRDA:199,32,1,0
BRDA:203,33,0,0
BRDA:203,33,1,0
BRDA:204,34,0,0
BRDA:204,34,1,0
BRDA:210,35,0,0
BRDA:210,35,1,0
BRDA:211,36,0,0
BRDA:211,36,1,0
BRDA:217,37,0,0
BRDA:217,37,1,0
BRDA:222,38,0,0
BRDA:222,38,1,0
BRDA:256,39,0,0
BRDA:263,40,0,0
BRDA:263,40,1,0
BRDA:264,41,0,0
BRDA:264,41,1,0
BRDA:300,42,0,0
BRDA:300,42,1,0
BRDA:301,43,0,0
BRDA:301,43,1,0
BRDA:314,44,0,0
BRDA:314,44,1,0
BRDA:324,45,0,0
BRDA:334,46,0,0
BRDA:334,46,1,0
BRDA:345,47,0,0
BRDA:345,47,1,0
BRDA:356,48,0,0
BRDA:356,48,1,0
BRDA:367,49,0,0
BRDA:367,49,1,0
BRDA:378,50,0,0
BRDA:378,50,1,0
BRDA:388,51,0,0
BRDA:388,51,1,0
BRDA:389,52,0,0
BRDA:389,52,1,0
BRDA:405,53,0,0
BRDA:415,54,0,0
BRDA:415,54,1,0
BRDA:425,55,0,0
BRDA:425,55,1,0
BRDA:426,56,0,0
BRDA:426,56,1,0
BRDA:442,57,0,0
BRDA:442,57,1,0
BRDA:445,58,0,0
BRDA:445,58,1,0
BRDA:448,59,0,0
BRDA:448,59,1,0
BRDA:454,60,0,0
BRF:118
BRH:0
end_of_record
TN:
SF:app/campaigns/[id]/join/page.tsx
FN:10,JoinCampaignPage
FN:31,(anonymous_5)
FN:36,(anonymous_6)
FN:37,(anonymous_7)
FN:97,(anonymous_8)
FN:112,(anonymous_9)
FN:132,(anonymous_10)
FN:150,(anonymous_11)
FN:175,(anonymous_12)
FN:193,(anonymous_13)
FN:205,(anonymous_14)
FN:209,(anonymous_15)
FN:218,(anonymous_16)
FN:222,(anonymous_17)
FN:232,(anonymous_18)
FN:253,(anonymous_19)
FN:278,(anonymous_20)
FN:284,(anonymous_21)
FN:328,(anonymous_22)
FN:425,(anonymous_23)
FN:441,(anonymous_24)
FN:458,(anonymous_25)
FN:476,(anonymous_26)
FN:509,(anonymous_27)
FN:518,(anonymous_28)
FNF:25
FNH:0
FNDA:0,JoinCampaignPage
FNDA:0,(anonymous_5)
FNDA:0,(anonymous_6)
FNDA:0,(anonymous_7)
FNDA:0,(anonymous_8)
FNDA:0,(anonymous_9)
FNDA:0,(anonymous_10)
FNDA:0,(anonymous_11)
FNDA:0,(anonymous_12)
FNDA:0,(anonymous_13)
FNDA:0,(anonymous_14)
FNDA:0,(anonymous_15)
FNDA:0,(anonymous_16)
FNDA:0,(anonymous_17)
FNDA:0,(anonymous_18)
FNDA:0,(anonymous_19)
FNDA:0,(anonymous_20)
FNDA:0,(anonymous_21)
FNDA:0,(anonymous_22)
FNDA:0,(anonymous_23)
FNDA:0,(anonymous_24)
FNDA:0,(anonymous_25)
FNDA:0,(anonymous_26)
FNDA:0,(anonymous_27)
FNDA:0,(anonymous_28)
DA:3,0
DA:4,0
DA:5,0
DA:6,0
DA:7,0
DA:8,0
DA:10,0
DA:11,0
DA:12,0
DA:13,0
DA:14,0
DA:15,0
DA:16,0
DA:17,0
DA:18,0
DA:19,0
DA:20,0
DA:21,0
DA:22,0
DA:23,0
DA:24,0
DA:26,0
DA:27,0
DA:28,0
DA:29,0
DA:31,0
DA:32,0
DA:33,0
DA:36,0
DA:37,0
DA:38,0
DA:39,0
DA:40,0
DA:42,0
DA:43,0
DA:44,0
DA:45,0
DA:47,0
DA:49,0
DA:56,0
DA:57,0
DA:58,0
DA:59,0
DA:61,0
DA:62,0
DA:63,0
DA:64,0
DA:66,0
DA:70,0
DA:74,0
DA:78,0
DA:79,0
DA:80,0
DA:82,0
DA:83,0
DA:85,0
DA:86,0
DA:88,0
DA:91,0
DA:94,0
DA:97,0
DA:98,0
DA:107,0
DA:108,0
DA:109,0
DA:112,0
DA:113,0
DA:114,0
DA:115,0
DA:117,0
DA:118,0
DA:119,0
DA:125,0
DA:127,0
DA:129,0
DA:132,0
DA:133,0
DA:134,0
DA:135,0
DA:137,0
DA:138,0
DA:139,0
DA:143,0
DA:145,0
DA:147,0
DA:150,0
DA:151,0
DA:152,0
DA:153,0
DA:155,0
DA:156,0
DA:157,0
DA:159,0
DA:160,0
DA:161,0
DA:162,0
DA:168,0
DA:170,0
DA:172,0
DA:175,0
DA:176,0
DA:177,0
DA:178,0
DA:180,0
DA:181,0
DA:182,0
DA:186,0
DA:188,0
DA:190,0
DA:193,0
DA:194,0
DA:195,0
DA:196,0
DA:198,0
DA:199,0
DA:200,0
DA:201,0
DA:202,0
DA:203,0
DA:204,0
DA:205,0
DA:206,0
DA:207,0
DA:209,0
DA:210,0
DA:213,0
DA:214,0
DA:218,0
DA:219,0
DA:220,0
DA:222,0
DA:223,0
DA:224,0
DA:225,0
DA:227,0
DA:233,0
DA:234,0
DA:235,0
DA:236,0
DA:237,0
DA:238,0
DA:239,0
DA:240,0
DA:242,0
DA:248,0
DA:254,0
DA:255,0
DA:256,0
DA:257,0
DA:258,0
DA:259,0
DA:260,0
DA:262,0
DA:263,0
DA:264,0
DA:265,0
DA:267,0
DA:268,0
DA:269,0
DA:276,0
DA:278,0
DA:279,0
DA:280,0
DA:284,0
DA:285,0
DA:286,0
DA:287,0
DA:288,0
DA:289,0
DA:290,0
DA:291,0
DA:293,0
DA:294,0
DA:296,0
DA:297,0
DA:298,0
DA:300,0
DA:301,0
DA:302,0
DA:303,0
DA:305,0
DA:307,0
DA:308,0
DA:309,0
DA:327,0
DA:328,0
DA:329,0
DA:330,0
DA:332,0
DA:334,0
DA:335,0
DA:337,0
DA:339,0
DA:340,0
DA:341,0
DA:342,0
DA:344,0
DA:345,0
DA:346,0
DA:349,0
DA:350,0
DA:351,0
DA:353,0
DA:368,0
DA:375,0
DA:377,0
DA:378,0
DA:380,0
DA:384,0
DA:392,0
DA:425,0
DA:441,0
DA:458,0
DA:476,0
DA:509,0
DA:519,0
LF:216
LH:0
BRDA:32,0,0,0
BRDA:32,0,1,0
BRDA:38,1,0,0
BRDA:38,1,1,0
BRDA:39,2,0,0
BRDA:39,2,1,0
BRDA:43,3,0,0
BRDA:43,3,1,0
BRDA:56,4,0,0
BRDA:56,4,1,0
BRDA:57,5,0,0
BRDA:57,5,1,0
BRDA:61,6,0,0
BRDA:61,6,1,0
BRDA:78,7,0,0
BRDA:78,7,1,0
BRDA:79,8,0,0
BRDA:79,8,1,0
BRDA:79,9,0,0
BRDA:79,9,1,0
BRDA:82,10,0,0
BRDA:82,10,1,0
BRDA:85,11,0,0
BRDA:85,11,1,0
BRDA:97,12,0,0
BRDA:102,13,0,0
BRDA:102,13,1,0
BRDA:107,14,0,0
BRDA:107,14,1,0
BRDA:109,15,0,0
BRDA:109,15,1,0
BRDA:113,16,0,0
BRDA:113,16,1,0
BRDA:133,17,0,0
BRDA:133,17,1,0
BRDA:140,18,0,0
BRDA:140,18,1,0
BRDA:151,19,0,0
BRDA:151,19,1,0
BRDA:155,20,0,0
BRDA:155,20,1,0
BRDA:155,21,0,0
BRDA:155,21,1,0
BRDA:161,22,0,0
BRDA:161,22,1,0
BRDA:176,23,0,0
BRDA:176,23,1,0
BRDA:176,24,0,0
BRDA:176,24,1,0
BRDA:194,25,0,0
BRDA:194,25,1,0
BRDA:194,26,0,0
BRDA:194,26,1,0
BRDA:225,27,0,0
BRDA:225,27,1,0
BRDA:225,28,0,0
BRDA:225,28,1,0
BRDA:234,29,0,0
BRDA:234,29,1,0
BRDA:235,30,0,0
BRDA:235,30,1,0
BRDA:238,31,0,0
BRDA:238,31,1,0
BRDA:255,32,0,0
BRDA:255,32,1,0
BRDA:256,33,0,0
BRDA:256,33,1,0
BRDA:257,34,0,0
BRDA:257,34,1,0
BRDA:262,35,0,0
BRDA:262,35,1,0
BRDA:267,36,0,0
BRDA:267,36,1,0
BRDA:279,37,0,0
BRDA:279,37,1,0
BRDA:280,38,0,0
BRDA:280,38,1,0
BRDA:285,39,0,0
BRDA:285,39,1,0
BRDA:285,40,0,0
BRDA:285,40,1,0
BRDA:285,40,2,0
BRDA:285,40,3,0
BRDA:286,41,0,0
BRDA:286,41,1,0
BRDA:287,42,0,0
BRDA:287,42,1,0
BRDA:288,43,0,0
BRDA:288,43,1,0
BRDA:293,44,0,0
BRDA:293,44,1,0
BRDA:296,45,0,0
BRDA:296,45,1,0
BRDA:296,46,0,0
BRDA:296,46,1,0
BRDA:300,47,0,0
BRDA:300,47,1,0
BRDA:305,48,0,0
BRDA:305,48,1,0
BRDA:313,49,0,0
BRDA:313,49,1,0
BRDA:327,50,0,0
BRDA:327,50,1,0
BRDA:329,51,0,0
BRDA:329,51,1,0
BRDA:337,52,0,0
BRDA:337,52,1,0
BRDA:340,53,0,0
BRDA:340,53,1,0
BRDA:341,54,0,0
BRDA:341,54,1,0
BRDA:344,55,0,0
BRDA:344,55,1,0
BRDA:351,56,0,0
BRDA:351,56,1,0
BRDA:362,57,0,0
BRDA:362,57,1,0
BRDA:384,58,0,0
BRDA:384,58,1,0
BRDA:392,59,0,0
BRDA:392,59,1,0
BRDA:412,60,0,0
BRDA:418,61,0,0
BRDA:429,62,0,0
BRDA:429,62,1,0
BRDA:432,63,0,0
BRDA:432,63,1,0
BRDA:447,64,0,0
BRDA:447,64,1,0
BRDA:450,65,0,0
BRDA:450,65,1,0
BRDA:464,66,0,0
BRDA:464,66,1,0
BRDA:467,67,0,0
BRDA:467,67,1,0
BRDA:482,68,0,0
BRDA:482,68,1,0
BRDA:485,69,0,0
BRDA:485,69,1,0
BRDA:492,70,0,0
BRDA:502,71,0,0
BRDA:502,71,1,0
BRDA:510,72,0,0
BRDA:510,72,1,0
BRDA:510,72,2,0
BRDA:510,72,3,0
BRDA:510,72,4,0
BRDA:514,73,0,0
BRF:148
BRH:0
end_of_record
TN:
SF:app/campaigns/new/page.tsx
FN:9,NewCampaignPage
FN:14,(anonymous_5)
FN:15,(anonymous_6)
FN:29,(anonymous_7)
FN:63,(anonymous_8)
FN:135,(anonymous_9)
FNF:6
FNH:0
FNDA:0,NewCampaignPage
FNDA:0,(anonymous_5)
FNDA:0,(anonymous_6)
FNDA:0,(anonymous_7)
FNDA:0,(anonymous_8)
FNDA:0,(anonymous_9)
DA:3,0
DA:4,0
DA:5,0
DA:6,0
DA:7,0
DA:9,0
DA:10,0
DA:11,0
DA:12,0
DA:14,0
DA:15,0
DA:16,0
DA:17,0
DA:19,0
DA:20,0
DA:21,0
DA:22,0
DA:24,0
DA:26,0
DA:29,0
DA:30,0
DA:31,0
DA:32,0
DA:33,0
DA:34,0
DA:35,0
DA:36,0
DA:38,0
DA:39,0
DA:42,0
DA:43,0
DA:44,0
DA:62,0
DA:63,0
DA:64,0
DA:65,0
DA:67,0
DA:69,0
DA:70,0
DA:72,0
DA:73,0
DA:74,0
DA:77,0
DA:80,0
DA:81,0
DA:82,0
DA:85,0
DA:103,0
DA:104,0
DA:105,0
DA:106,0
DA:108,0
DA:110,0
DA:113,0
DA:128,0
DA:135,0
LF:56
LH:0
BRDA:16,0,0,0
BRDA:16,0,1,0
BRDA:20,1,0,0
BRDA:20,1,1,0
BRDA:30,2,0,0
BRDA:30,2,1,0
BRDA:31,3,0,0
BRDA:31,3,1,0
BRDA:32,4,0,0
BRDA:32,4,1,0
BRDA:33,5,0,0
BRDA:33,5,1,0
BRDA:38,6,0,0
BRDA:38,6,1,0
BRDA:48,7,0,0
BRDA:48,7,1,0
BRDA:58,8,0,0
BRDA:58,8,1,0
BRDA:62,9,0,0
BRDA:62,9,1,0
BRDA:64,10,0,0
BRDA:64,10,1,0
BRDA:72,11,0,0
BRDA:72,11,1,0
BRDA:74,12,0,0
BRDA:74,12,1,0
BRDA:80,13,0,0
BRDA:80,13,1,0
BRDA:103,14,0,0
BRDA:103,14,1,0
BRDA:103,15,0,0
BRDA:103,15,1,0
BRDA:105,16,0,0
BRDA:105,16,1,0
BRDA:105,17,0,0
BRDA:105,17,1,0
BRDA:120,18,0,0
BRDA:120,18,1,0
BRDA:121,19,0,0
BRDA:121,19,1,0
BRDA:122,20,0,0
BRDA:122,20,1,0
BRF:42
BRH:0
end_of_record
TN:
SF:app/dashboard/page.tsx
FN:10,DashboardClient
FN:17,(anonymous_5)
FN:31,(anonymous_6)
FN:55,(anonymous_7)
FN:87,(anonymous_8)
FN:92,(anonymous_9)
FN:95,(anonymous_10)
FN:100,(anonymous_11)
FN:115,(anonymous_12)
FN:118,(anonymous_13)
FN:119,(anonymous_14)
FN:120,(anonymous_15)
FN:134,(anonymous_16)
FN:142,(anonymous_17)
FN:142,(anonymous_18)
FN:144,(anonymous_19)
FN:145,(anonymous_20)
FN:154,DashboardPage
FNF:18
FNH:0
FNDA:0,DashboardClient
FNDA:0,(anonymous_5)
FNDA:0,(anonymous_6)
FNDA:0,(anonymous_7)
FNDA:0,(anonymous_8)
FNDA:0,(anonymous_9)
FNDA:0,(anonymous_10)
FNDA:0,(anonymous_11)
FNDA:0,(anonymous_12)
FNDA:0,(anonymous_13)
FNDA:0,(anonymous_14)
FNDA:0,(anonymous_15)
FNDA:0,(anonymous_16)
FNDA:0,(anonymous_17)
FNDA:0,(anonymous_18)
FNDA:0,(anonymous_19)
FNDA:0,(anonymous_20)
FNDA:0,DashboardPage
DA:3,0
DA:4,0
DA:5,0
DA:6,0
DA:7,0
DA:8,0
DA:11,0
DA:12,0
DA:13,0
DA:14,0
DA:15,0
DA:17,0
DA:18,0
DA:19,0
DA:20,0
DA:21,0
DA:23,0
DA:24,0
DA:26,0
DA:27,0
DA:31,0
DA:32,0
DA:33,0
DA:34,0
DA:35,0
DA:38,0
DA:39,0
DA:46,0
DA:47,0
DA:48,0
DA:49,0
DA:53,0
DA:54,0
DA:56,0
DA:57,0
DA:58,0
DA:59,0
DA:61,0
DA:82,0
DA:84,0
DA:87,0
DA:88,0
DA:90,0
DA:93,0
DA:96,0
DA:100,0
DA:101,0
DA:105,0
DA:115,0
DA:118,0
DA:119,0
DA:121,0
DA:122,0
DA:123,0
DA:124,0
DA:128,0
DA:129,0
DA:130,0
DA:132,0
DA:135,0
DA:136,0
DA:137,0
DA:138,0
DA:139,0
DA:140,0
DA:142,0
DA:144,0
DA:146,0
DA:147,0
DA:154,0
LF:70
LH:0
BRDA:19,0,0,0
BRDA:19,0,1,0
BRDA:20,1,0,0
BRDA:20,1,1,0
BRDA:23,2,0,0
BRDA:23,2,1,0
BRDA:26,3,0,0
BRDA:26,3,1,0
BRDA:33,4,0,0
BRDA:33,4,1,0
BRDA:46,5,0,0
BRDA:46,5,1,0
BRDA:48,6,0,0
BRDA:48,6,1,0
BRDA:48,7,0,0
BRDA:48,7,1,0
BRDA:53,8,0,0
BRDA:53,8,1,0
BRDA:53,9,0,0
BRDA:53,9,1,0
BRDA:56,10,0,0
BRDA:56,10,1,0
BRDA:57,11,0,0
BRDA:57,11,1,0
BRDA:58,12,0,0
BRDA:58,12,1,0
BRDA:59,13,0,0
BRDA:59,13,1,0
BRDA:65,14,0,0
BRDA:65,14,1,0
BRDA:67,15,0,0
BRDA:67,15,1,0
BRDA:68,16,0,0
BRDA:68,16,1,0
BRDA:69,17,0,0
BRDA:69,17,1,0
BRDA:70,18,0,0
BRDA:70,18,1,0
BRDA:71,19,0,0
BRDA:71,19,1,0
BRDA:72,20,0,0
BRDA:72,20,1,0
BRDA:73,21,0,0
BRDA:73,21,1,0
BRDA:74,22,0,0
BRDA:74,22,1,0
BRDA:75,23,0,0
BRDA:75,23,1,0
BRDA:76,24,0,0
BRDA:76,24,1,0
BRDA:77,25,0,0
BRDA:77,25,1,0
BRDA:78,26,0,0
BRDA:78,26,1,0
BRDA:105,27,0,0
BRDA:105,27,1,0
BRDA:115,28,0,0
BRDA:122,29,0,0
BRDA:122,29,1,0
BRDA:123,30,0,0
BRDA:123,30,1,0
BRDA:128,31,0,0
BRDA:128,31,1,0
BRDA:136,32,0,0
BRDA:136,32,1,0
BRDA:138,33,0,0
BRDA:138,33,1,0
BRF:67
BRH:0
end_of_record
TN:
SF:app/how-it-works/page.tsx
FN:6,HowItWorksPage
FN:8,(anonymous_2)
FNF:2
FNH:0
FNDA:0,HowItWorksPage
FNDA:0,(anonymous_2)
DA:3,0
DA:4,0
DA:6,0
DA:7,0
DA:8,0
LF:5
LH:0
BRF:0
BRH:0
end_of_record
TN:
SF:app/setup-key/page.tsx
FN:9,SetupKeyPage
FN:14,(anonymous_5)
FN:15,(anonymous_6)
FN:37,(anonymous_7)
FN:40,(anonymous_8)
FN:41,(anonymous_9)
FNF:6
FNH:0
FNDA:0,SetupKeyPage
FNDA:0,(anonymous_5)
FNDA:0,(anonymous_6)
FNDA:0,(anonymous_7)
FNDA:0,(anonymous_8)
FNDA:0,(anonymous_9)
DA:3,0
DA:4,0
DA:5,0
DA:6,0
DA:7,0
DA:9,0
DA:10,0
DA:11,0
DA:12,0
DA:14,0
DA:15,0
DA:16,0
DA:17,0
DA:18,0
DA:19,0
DA:21,0
DA:23,0
DA:26,0
DA:37,0
DA:40,0
DA:41,0
LF:21
LH:0
BRDA:17,0,0,0
BRDA:17,0,1,0
BRDA:26,1,0,0
BRDA:26,1,1,0
BRDA:36,2,0,0
BRF:5
BRH:0
end_of_record
TN:
SF:components/DiceRoller.tsx
FN:12,(anonymous_4)
FN:19,(anonymous_5)
FN:35,(anonymous_6)
FN:36,(anonymous_7)
FN:42,(anonymous_8)
FN:46,(anonymous_9)
FN:52,(anonymous_10)
FN:61,(anonymous_11)
FN:118,(anonymous_12)
FNF:9
FNH:0
FNDA:0,(anonymous_4)
FNDA:0,(anonymous_5)
FNDA:0,(anonymous_6)
FNDA:0,(anonymous_7)
FNDA:0,(anonymous_8)
FNDA:0,(anonymous_9)
FNDA:0,(anonymous_10)
FNDA:0,(anonymous_11)
FNDA:0,(anonymous_12)
DA:1,0
DA:2,0
DA:4,0
DA:12,0
DA:13,0
DA:14,0
DA:15,0
DA:16,0
DA:17,0
DA:19,0
DA:20,0
DA:21,0
DA:22,0
DA:23,0
DA:24,0
DA:25,0
DA:26,0
DA:28,0
DA:29,0
DA:30,0
DA:35,0
DA:36,0
DA:37,0
DA:38,0
DA:42,0
DA:43,0
DA:44,0
DA:46,0
DA:47,0
DA:48,0
DA:49,0
DA:52,0
DA:53,0
DA:54,0
DA:55,0
DA:56,0
DA:61,0
DA:62,0
DA:63,0
DA:64,0
DA:65,0
DA:66,0
DA:69,0
DA:71,0
DA:119,0
DA:120,0
LF:46
LH:0
BRDA:20,0,0,0
BRDA:20,0,1,0
BRDA:24,1,0,0
BRDA:24,1,1,0
BRDA:28,2,0,0
BRDA:28,2,1,0
BRDA:37,3,0,0
BRDA:37,3,1,0
BRDA:38,4,0,0
BRDA:38,4,1,0
BRDA:43,5,0,0
BRDA:43,5,1,0
BRDA:43,6,0,0
BRDA:43,6,1,0
BRDA:53,7,0,0
BRDA:53,7,1,0
BRDA:62,8,0,0
BRDA:62,8,1,0
BRDA:62,9,0,0
BRDA:62,9,1,0
BRDA:64,10,0,0
BRDA:64,10,1,0
BRDA:69,11,0,0
BRDA:69,11,1,0
BRDA:69,12,0,0
BRDA:69,12,1,0
BRDA:71,13,0,0
BRDA:71,13,1,0
BRDA:92,14,0,0
BRDA:92,14,1,0
BRDA:93,15,0,0
BRDA:93,15,1,0
BRDA:97,16,0,0
BRDA:108,17,0,0
BRDA:108,17,1,0
BRDA:117,18,0,0
BRDA:117,18,1,0
BRDA:119,19,0,0
BRDA:119,19,1,0
BRF:39
BRH:0
end_of_record
TN:
SF:components/screens/CampaignWizard.tsx
FN:15,(anonymous_4)
FN:382,(anonymous_5)
FN:406,(anonymous_6)
FN:409,(anonymous_7)
FN:424,(anonymous_8)
FN:433,(anonymous_9)
FN:438,(anonymous_10)
FN:452,(anonymous_11)
FN:457,(anonymous_12)
FN:513,(anonymous_13)
FN:516,(anonymous_14)
FN:518,(anonymous_15)
FN:521,(anonymous_16)
FN:523,(anonymous_17)
FN:533,(anonymous_18)
FN:535,(anonymous_19)
FN:542,(anonymous_20)
FN:554,(anonymous_21)
FN:569,(anonymous_22)
FN:574,(anonymous_23)
FN:579,(anonymous_24)
FN:584,(anonymous_25)
FN:589,(anonymous_26)
FN:594,(anonymous_27)
FN:608,(anonymous_28)
FN:613,(anonymous_29)
FN:624,(anonymous_30)
FN:629,(anonymous_31)
FN:642,(anonymous_32)
FN:643,(anonymous_33)
FN:646,(anonymous_34)
FN:655,(anonymous_35)
FN:694,(anonymous_38)
FN:706,(anonymous_39)
FN:711,(anonymous_40)
FN:713,(anonymous_41)
FN:718,(anonymous_42)
FN:728,(anonymous_43)
FN:730,(anonymous_44)
FN:743,(anonymous_45)
FN:748,(anonymous_46)
FN:750,(anonymous_47)
FN:755,(anonymous_48)
FN:765,(anonymous_49)
FN:767,(anonymous_50)
FN:780,(anonymous_51)
FN:785,(anonymous_52)
FN:787,(anonymous_53)
FN:792,(anonymous_54)
FN:802,(anonymous_55)
FN:804,(anonymous_56)
FN:817,(anonymous_57)
FN:822,(anonymous_58)
FN:824,(anonymous_59)
FN:829,(anonymous_60)
FN:839,(anonymous_61)
FN:841,(anonymous_62)
FN:855,(anonymous_63)
FN:866,(anonymous_64)
FN:875,(anonymous_65)
FN:894,(anonymous_67)
FN:904,(anonymous_68)
FN:913,(anonymous_69)
FN:954,(anonymous_70)
FN:961,(anonymous_71)
FNF:65
FNH:0
FNDA:0,(anonymous_4)
FNDA:0,(anonymous_5)
FNDA:0,(anonymous_6)
FNDA:0,(anonymous_7)
FNDA:0,(anonymous_8)
FNDA:0,(anonymous_9)
FNDA:0,(anonymous_10)
FNDA:0,(anonymous_11)
FNDA:0,(anonymous_12)
FNDA:0,(anonymous_13)
FNDA:0,(anonymous_14)
FNDA:0,(anonymous_15)
FNDA:0,(anonymous_16)
FNDA:0,(anonymous_17)
FNDA:0,(anonymous_18)
FNDA:0,(anonymous_19)
FNDA:0,(anonymous_20)
FNDA:0,(anonymous_21)
FNDA:0,(anonymous_22)
FNDA:0,(anonymous_23)
FNDA:0,(anonymous_24)
FNDA:0,(anonymous_25)
FNDA:0,(anonymous_26)
FNDA:0,(anonymous_27)
FNDA:0,(anonymous_28)
FNDA:0,(anonymous_29)
FNDA:0,(anonymous_30)
FNDA:0,(anonymous_31)
FNDA:0,(anonymous_32)
FNDA:0,(anonymous_33)
FNDA:0,(anonymous_34)
FNDA:0,(anonymous_35)
FNDA:0,(anonymous_38)
FNDA:0,(anonymous_39)
FNDA:0,(anonymous_40)
FNDA:0,(anonymous_41)
FNDA:0,(anonymous_42)
FNDA:0,(anonymous_43)
FNDA:0,(anonymous_44)
FNDA:0,(anonymous_45)
FNDA:0,(anonymous_46)
FNDA:0,(anonymous_47)
FNDA:0,(anonymous_48)
FNDA:0,(anonymous_49)
FNDA:0,(anonymous_50)
FNDA:0,(anonymous_51)
FNDA:0,(anonymous_52)
FNDA:0,(anonymous_53)
FNDA:0,(anonymous_54)
FNDA:0,(anonymous_55)
FNDA:0,(anonymous_56)
FNDA:0,(anonymous_57)
FNDA:0,(anonymous_58)
FNDA:0,(anonymous_59)
FNDA:0,(anonymous_60)
FNDA:0,(anonymous_61)
FNDA:0,(anonymous_62)
FNDA:0,(anonymous_63)
FNDA:0,(anonymous_64)
FNDA:0,(anonymous_65)
FNDA:0,(anonymous_67)
FNDA:0,(anonymous_68)
FNDA:0,(anonymous_69)
FNDA:0,(anonymous_70)
FNDA:0,(anonymous_71)
DA:1,0
DA:2,0
DA:3,0
DA:4,0
DA:5,0
DA:15,0
DA:16,0
DA:17,0
DA:18,0
DA:19,0
DA:20,0
DA:21,0
DA:22,0
DA:23,0
DA:24,0
DA:25,0
DA:26,0
DA:27,0
DA:29,0
DA:46,0
DA:60,0
DA:69,0
DA:78,0
DA:91,0
DA:376,0
DA:377,0
DA:378,0
DA:379,0
DA:380,0
DA:382,0
DA:383,0
DA:384,0
DA:386,0
DA:387,0
DA:388,0
DA:389,0
DA:390,0
DA:391,0
DA:393,0
DA:394,0
DA:395,0
DA:396,0
DA:397,0
DA:400,0
DA:401,0
DA:402,0
DA:403,0
DA:404,0
DA:405,0
DA:406,0
DA:409,0
DA:410,0
DA:419,0
DA:420,0
DA:421,0
DA:424,0
DA:425,0
DA:426,0
DA:427,0
DA:433,0
DA:434,0
DA:435,0
DA:438,0
DA:439,0
DA:440,0
DA:441,0
DA:443,0
DA:444,0
DA:445,0
DA:452,0
DA:453,0
DA:454,0
DA:457,0
DA:458,0
DA:463,0
DA:497,0
DA:511,0
DA:513,0
DA:516,0
DA:517,0
DA:518,0
DA:521,0
DA:522,0
DA:523,0
DA:526,0
DA:530,0
DA:533,0
DA:535,0
DA:543,0
DA:544,0
DA:545,0
DA:547,0
DA:551,0
DA:554,0
DA:555,0
DA:556,0
DA:557,0
DA:559,0
DA:560,0
DA:561,0
DA:569,0
DA:570,0
DA:571,0
DA:574,0
DA:575,0
DA:576,0
DA:577,0
DA:578,0
DA:579,0
DA:580,0
DA:581,0
DA:584,0
DA:585,0
DA:586,0
DA:587,0
DA:588,0
DA:589,0
DA:590,0
DA:591,0
DA:594,0
DA:595,0
DA:596,0
DA:597,0
DA:598,0
DA:600,0
DA:601,0
DA:602,0
DA:608,0
DA:609,0
DA:610,0
DA:613,0
DA:614,0
DA:615,0
DA:616,0
DA:618,0
DA:619,0
DA:620,0
DA:624,0
DA:625,0
DA:626,0
DA:629,0
DA:630,0
DA:631,0
DA:632,0
DA:634,0
DA:635,0
DA:636,0
DA:637,0
DA:638,0
DA:640,0
DA:641,0
DA:642,0
DA:643,0
DA:644,0
DA:646,0
DA:647,0
DA:650,0
DA:651,0
DA:655,0
DA:656,0
DA:657,0
DA:658,0
DA:660,0
DA:667,0
DA:668,0
DA:670,0
DA:694,0
DA:707,0
DA:708,0
DA:709,0
DA:710,0
DA:711,0
DA:713,0
DA:719,0
DA:729,0
DA:730,0
DA:744,0
DA:745,0
DA:746,0
DA:747,0
DA:748,0
DA:750,0
DA:756,0
DA:766,0
DA:767,0
DA:781,0
DA:782,0
DA:783,0
DA:784,0
DA:785,0
DA:787,0
DA:793,0
DA:803,0
DA:804,0
DA:818,0
DA:819,0
DA:820,0
DA:821,0
DA:822,0
DA:824,0
DA:830,0
DA:840,0
DA:841,0
DA:855,0
DA:866,0
DA:875,0
DA:894,0
DA:904,0
DA:913,0
DA:954,0
DA:961,0
LF:211
LH:0
BRDA:383,0,0,0
BRDA:383,0,1,0
BRDA:384,1,0,0
BRDA:384,1,1,0
BRDA:386,2,0,0
BRDA:386,2,1,0
BRDA:409,3,0,0
BRDA:414,4,0,0
BRDA:414,4,1,0
BRDA:419,5,0,0
BRDA:419,5,1,0
BRDA:421,6,0,0
BRDA:421,6,1,0
BRDA:439,7,0,0
BRDA:439,7,1,0
BRDA:439,8,0,0
BRDA:439,8,1,0
BRDA:439,8,2,0
BRDA:439,8,3,0
BRDA:526,9,0,0
BRDA:526,9,1,0
BRDA:528,10,0,0
BRDA:528,10,1,0
BRDA:544,11,0,0
BRDA:544,11,1,0
BRDA:551,12,0,0
BRDA:551,12,1,0
BRDA:555,13,0,0
BRDA:555,13,1,0
BRDA:555,14,0,0
BRDA:555,14,1,0
BRDA:555,14,2,0
BRDA:555,14,3,0
BRDA:555,14,4,0
BRDA:575,15,0,0
BRDA:575,15,1,0
BRDA:585,16,0,0
BRDA:585,16,1,0
BRDA:595,17,0,0
BRDA:595,17,1,0
BRDA:595,18,0,0
BRDA:595,18,1,0
BRDA:596,19,0,0
BRDA:596,19,1,0
BRDA:596,20,0,0
BRDA:596,20,1,0
BRDA:614,21,0,0
BRDA:614,21,1,0
BRDA:614,22,0,0
BRDA:614,22,1,0
BRDA:630,23,0,0
BRDA:630,23,1,0
BRDA:630,24,0,0
BRDA:630,24,1,0
BRDA:656,25,0,0
BRDA:656,25,1,0
BRDA:656,26,0,0
BRDA:656,26,1,0
BRDA:657,27,0,0
BRDA:657,27,1,0
BRDA:681,28,0,0
BRDA:681,28,1,0
BRDA:709,29,0,0
BRDA:709,29,1,0
BRDA:722,30,0,0
BRDA:746,31,0,0
BRDA:746,31,1,0
BRDA:759,32,0,0
BRDA:783,33,0,0
BRDA:783,33,1,0
BRDA:796,34,0,0
BRDA:820,35,0,0
BRDA:820,35,1,0
BRDA:833,36,0,0
BRDA:874,37,0,0
BRDA:874,37,1,0
BRDA:874,37,2,0
BRDA:874,37,3,0
BRDA:874,37,4,0
BRDA:874,37,5,0
BRDA:925,38,0,0
BRDA:929,39,0,0
BRDA:940,40,0,0
BRDA:940,40,1,0
BRDA:943,41,0,0
BRDA:943,41,1,0
BRDA:945,42,0,0
BRDA:965,43,0,0
BRDA:965,43,1,0
BRDA:965,43,2,0
BRDA:968,44,0,0
BRDA:985,45,0,0
BRDA:985,45,1,0
BRDA:986,46,0,0
BRDA:986,46,1,0
BRDA:990,47,0,0
BRDA:990,47,1,0
BRF:97
BRH:0
end_of_record
TN:
SF:components/screens/Dashboard.tsx
FN:15,(anonymous_2)
FN:38,(anonymous_3)
FN:56,(anonymous_4)
FN:64,(anonymous_5)
FN:88,(anonymous_6)
FN:97,(anonymous_7)
FNF:6
FNH:0
FNDA:0,(anonymous_2)
FNDA:0,(anonymous_3)
FNDA:0,(anonymous_4)
FNDA:0,(anonymous_5)
FNDA:0,(anonymous_6)
FNDA:0,(anonymous_7)
DA:1,0
DA:2,0
DA:3,0
DA:15,0
DA:39,0
DA:40,0
DA:57,0
DA:64,0
DA:88,0
DA:97,0
LF:10
LH:0
BRDA:34,0,0,0
BRDA:40,1,0,0
BRDA:40,1,1,0
BRDA:50,2,0,0
BRDA:50,2,1,0
BRDA:60,3,0,0
BRDA:60,3,1,0
BRDA:72,4,0,0
BRDA:72,4,1,0
BRDA:74,5,0,0
BRDA:74,5,1,0
BRDA:75,6,0,0
BRDA:75,6,1,0
BRDA:78,7,0,0
BRDA:78,7,1,0
BRDA:78,8,0,0
BRDA:78,8,1,0
BRDA:82,9,0,0
BRDA:82,9,1,0
BRDA:84,10,0,0
BRDA:93,11,0,0
BRF:21
BRH:0
end_of_record
TN:
SF:components/screens/HowItWorks.tsx
FN:8,(anonymous_2)
FNF:1
FNH:0
FNDA:0,(anonymous_2)
DA:1,0
DA:2,0
DA:8,0
LF:3
LH:0
BRF:0
BRH:0
end_of_record
TN:
SF:components/screens/LandingPage.tsx
FN:9,(anonymous_2)
FNF:1
FNH:0
FNDA:0,(anonymous_2)
DA:1,0
DA:2,0
DA:9,0
LF:3
LH:0
BRF:0
BRH:0
end_of_record
TN:
SF:components/screens/SetupKey.tsx
FN:10,(anonymous_4)
FN:14,(anonymous_5)
FN:19,(anonymous_6)
FN:83,(anonymous_7)
FNF:4
FNH:0
FNDA:0,(anonymous_4)
FNDA:0,(anonymous_5)
FNDA:0,(anonymous_6)
FNDA:0,(anonymous_7)
DA:1,0
DA:2,0
DA:3,0
DA:10,0
DA:11,0
DA:12,0
DA:14,0
DA:15,0
DA:16,0
DA:19,0
DA:20,0
DA:21,0
DA:22,0
DA:23,0
DA:26,0
DA:27,0
DA:28,0
DA:29,0
DA:30,0
DA:37,0
DA:38,0
DA:39,0
DA:41,0
DA:43,0
DA:45,0
DA:46,0
DA:47,0
DA:48,0
DA:50,0
DA:83,0
LF:30
LH:0
BRDA:16,0,0,0
BRDA:16,0,1,0
BRDA:21,1,0,0
BRDA:21,1,1,0
BRDA:39,2,0,0
BRDA:39,2,1,0
BRDA:45,3,0,0
BRDA:45,3,1,0
BRDA:50,4,0,0
BRDA:50,4,1,0
BRDA:88,5,0,0
BRDA:88,5,1,0
BRF:12
BRH:0
end_of_record
TN:
SF:components/ui/Button.tsx
FN:5,cn
FN:15,(anonymous_3)
FNF:2
FNH:2
FNDA:19,cn
FNDA:19,(anonymous_3)
DA:1,1
DA:2,1
DA:3,1
DA:6,19
DA:15,19
DA:23,19
DA:25,19
DA:33,19
LF:8
LH:8
BRDA:17,0,0,15
BRDA:18,1,0,17
BRDA:42,2,0,19
BRDA:42,2,1,16
BRDA:45,3,0,3
BRDA:45,3,1,16
BRF:6
BRH:6
end_of_record
TN:
SF:components/ui/ErrorBoundary.tsx
FN:17,(anonymous_2)
FN:21,(anonymous_3)
FN:29,(anonymous_4)
FN:25,(anonymous_6)
FNF:4
FNH:0
FNDA:0,(anonymous_2)
FNDA:0,(anonymous_3)
FNDA:0,(anonymous_4)
FNDA:0,(anonymous_6)
DA:1,0
DA:2,0
DA:14,0
DA:15,0
DA:18,0
DA:22,0
DA:25,0
DA:26,0
DA:30,0
DA:46,0
LF:10
LH:0
BRDA:30,0,0,0
BRDA:30,0,1,0
BRDA:33,1,0,0
BRDA:33,1,1,0
BRDA:35,2,0,0
BRDA:35,2,1,0
BRF:6
BRH:0
end_of_record
TN:
SF:components/ui/Input.tsx
FN:7,(anonymous_2)
FNF:1
FNH:1
FNDA:18,(anonymous_2)
DA:1,1
DA:7,18
LF:2
LH:2
BRDA:10,0,0,18
BRDA:12,1,0,18
BRDA:12,1,1,17
BRF:3
BRH:3
end_of_record
TN:
SF:components/ui/LoadingDots.tsx
FNF:0
FNH:0
DA:1,0
DA:3,0
LF:2
LH:0
BRDA:3,0,0,0
BRF:1
BRH:0
end_of_record
TN:
SF:components/ui/Toast.tsx
FN:10,(anonymous_4)
FN:11,(anonymous_5)
FN:12,(anonymous_6)
FN:15,(anonymous_7)
FNF:4
FNH:0
FNDA:0,(anonymous_4)
FNDA:0,(anonymous_5)
FNDA:0,(anonymous_6)
FNDA:0,(anonymous_7)
DA:1,0
DA:10,0
DA:11,0
DA:12,0
DA:13,0
DA:15,0
LF:6
LH:0
BRDA:10,0,0,0
BRDA:20,1,0,0
BRDA:20,1,1,0
BRDA:24,2,0,0
BRDA:24,2,1,0
BRDA:25,3,0,0
BRDA:25,3,1,0
BRF:7
BRH:0
end_of_record
TN:
SF:lib/gameRules.ts
FN:70,sanitizeAttributes
FN:85,(anonymous_7)
FN:96,(anonymous_8)
FN:107,calculateRoll
FN:196,applyDamage
FN:200,applyRest
FN:204,applyHealthStateEvent
FN:256,buildHealthSummary
FN:269,downgradeTier
FN:277,upgradeTier
FN:285,sumAttributes
FN:286,(anonymous_17)
FN:289,getHighestAttribute
FN:310,cloneCharacter
FN:315,(anonymous_20)
FN:319,clamp
FNF:16
FNH:15
FNDA:5,sanitizeAttributes
FNDA:16,(anonymous_7)
FNDA:28,(anonymous_8)
FNDA:14,calculateRoll
FNDA:2,applyDamage
FNDA:2,applyRest
FNDA:28,applyHealthStateEvent
FNDA:28,buildHealthSummary
FNDA:7,downgradeTier
FNDA:5,upgradeTier
FNDA:5,sumAttributes
FNDA:20,(anonymous_17)
FNDA:11,getHighestAttribute
FNDA:28,cloneCharacter
FNDA:0,(anonymous_20)
FNDA:56,clamp
DA:42,1
DA:49,1
DA:55,1
DA:57,1
DA:66,1
DA:68,1
DA:70,5
DA:71,5
DA:78,5
DA:79,5
DA:80,2
DA:83,3
DA:84,1
DA:85,16
DA:86,4
DA:87,0
DA:89,4
DA:90,4
DA:92,1
DA:95,2
DA:96,28
DA:97,7
DA:98,0
DA:100,7
DA:101,7
DA:104,2
DA:107,14
DA:117,14
DA:118,1
DA:128,13
DA:129,13
DA:130,1
DA:139,12
DA:140,1
DA:149,11
DA:150,11
DA:151,11
DA:152,11
DA:155,11
DA:157,11
DA:158,1
DA:167,10
DA:168,4
DA:177,6
DA:178,5
DA:187,1
DA:196,2
DA:197,2
DA:200,2
DA:201,2
DA:204,24
DA:205,28
DA:206,28
DA:207,28
DA:209,28
DA:210,1
DA:211,1
DA:212,27
DA:213,22
DA:214,12
DA:215,12
DA:216,4
DA:217,4
DA:221,22
DA:222,3
DA:223,3
DA:226,22
DA:227,2
DA:230,22
DA:231,5
DA:232,5
DA:236,28
DA:237,28
DA:238,28
DA:239,28
DA:241,28
DA:257,28
DA:265,28
DA:266,28
DA:270,7
DA:271,7
DA:272,0
DA:274,7
DA:278,5
DA:279,5
DA:280,1
DA:282,4
DA:286,20
DA:293,11
DA:294,11
DA:296,11
DA:297,44
DA:298,44
DA:299,4
DA:301,40
DA:302,12
DA:303,12
DA:307,11
DA:311,28
DA:315,0
DA:320,56
LF:101
LH:97
BRDA:79,0,0,2
BRDA:79,0,1,3
BRDA:83,1,0,1
BRDA:83,1,1,2
BRDA:86,2,0,0
BRDA:86,2,1,4
BRDA:97,3,0,0
BRDA:97,3,1,7
BRDA:117,4,0,1
BRDA:117,4,1,13
BRDA:123,5,0,1
BRDA:123,5,1,0
BRDA:129,6,0,1
BRDA:129,6,1,12
BRDA:139,7,0,1
BRDA:139,7,1,11
BRDA:150,8,0,2
BRDA:150,8,1,9
BRDA:151,9,0,11
BRDA:151,9,1,0
BRDA:152,10,0,11
BRDA:152,10,1,0
BRDA:157,11,0,1
BRDA:157,11,1,10
BRDA:167,12,0,4
BRDA:167,12,1,6
BRDA:177,13,0,5
BRDA:177,13,1,1
BRDA:197,14,0,1
BRDA:197,14,1,1
BRDA:201,15,0,1
BRDA:201,15,1,1
BRDA:209,16,0,1
BRDA:209,16,1,27
BRDA:212,17,0,22
BRDA:212,17,1,5
BRDA:213,18,0,12
BRDA:213,18,1,10
BRDA:215,19,0,4
BRDA:215,19,1,8
BRDA:221,20,0,3
BRDA:221,20,1,19
BRDA:226,21,0,2
BRDA:226,21,1,20
BRDA:230,22,0,5
BRDA:230,22,1,17
BRDA:238,23,0,28
BRDA:238,23,1,16
BRDA:239,24,0,28
BRDA:239,24,1,23
BRDA:271,25,0,0
BRDA:271,25,1,7
BRDA:271,26,0,7
BRDA:271,26,1,7
BRDA:279,27,0,1
BRDA:279,27,1,4
BRDA:298,28,0,4
BRDA:298,28,1,40
BRDA:301,29,0,12
BRDA:301,29,1,28
BRF:60
BRH:54
end_of_record
TN:
SF:lib/inventoryRules.ts
FN:19,(anonymous_3)
FN:21,(anonymous_4)
FN:40,(anonymous_5)
FN:42,(anonymous_6)
FN:43,(anonymous_7)
FN:49,(anonymous_8)
FN:53,(anonymous_9)
FN:56,(anonymous_10)
FN:60,(anonymous_11)
FN:64,(anonymous_12)
FN:84,applyInventoryAction
FN:94,(anonymous_14)
FN:95,(anonymous_15)
FN:144,(anonymous_16)
FN:265,inventorySummary
FN:269,(anonymous_18)
FNF:16
FNH:16
FNDA:9,(anonymous_3)
FNDA:42,(anonymous_4)
FNDA:42,(anonymous_5)
FNDA:40,(anonymous_6)
FNDA:40,(anonymous_7)
FNDA:21,(anonymous_8)
FNDA:18,(anonymous_9)
FNDA:17,(anonymous_10)
FNDA:1,(anonymous_11)
FNDA:15,(anonymous_12)
FNDA:21,applyInventoryAction
FNDA:1,(anonymous_14)
FNDA:2,(anonymous_15)
FNDA:16,(anonymous_16)
FNDA:4,inventorySummary
FNDA:5,(anonymous_18)
DA:19,9
DA:21,1
DA:22,42
DA:23,42
DA:24,42
DA:27,42
DA:29,42
DA:40,1
DA:41,42
DA:42,40
DA:44,40
DA:45,17
DA:49,21
DA:53,18
DA:56,1
DA:57,17
DA:58,1
DA:59,1
DA:60,1
DA:61,1
DA:64,1
DA:65,15
DA:66,15
DA:68,4
DA:70,3
DA:72,2
DA:74,2
DA:76,1
DA:78,3
DA:80,0
DA:84,21
DA:85,21
DA:86,21
DA:87,21
DA:89,21
DA:90,4
DA:91,4
DA:92,4
DA:94,4
DA:95,4
DA:96,4
DA:98,4
DA:99,2
DA:100,1
DA:101,1
DA:102,1
DA:103,1
DA:104,1
DA:107,2
DA:108,2
DA:115,2
DA:127,2
DA:128,2
DA:135,17
DA:136,17
DA:137,0
DA:144,17
DA:145,17
DA:146,1
DA:153,16
DA:155,16
DA:156,5
DA:157,3
DA:158,3
DA:159,3
DA:166,2
DA:167,2
DA:168,2
DA:169,2
DA:170,2
DA:171,2
DA:173,2
DA:174,2
DA:183,11
DA:184,2
DA:185,1
DA:186,1
DA:188,1
DA:189,1
DA:192,2
DA:199,9
DA:200,3
DA:201,2
DA:202,2
DA:203,2
DA:204,2
DA:205,2
DA:212,1
DA:219,6
DA:220,2
DA:221,1
DA:222,1
DA:223,1
DA:224,1
DA:225,1
DA:226,1
DA:233,1
DA:240,4
DA:241,4
DA:242,3
DA:243,3
DA:244,3
DA:251,1
DA:258,0
DA:265,4
DA:266,4
DA:267,4
DA:269,3
DA:270,5
DA:271,3
DA:274,2
DA:277,2
DA:278,2
DA:281,3
LF:114
LH:111
BRDA:22,0,0,42
BRDA:22,0,1,0
BRDA:23,1,0,18
BRDA:23,1,1,24
BRDA:24,2,0,18
BRDA:24,2,1,24
BRDA:27,3,0,42
BRDA:27,3,1,36
BRDA:27,3,2,12
BRDA:35,4,0,0
BRDA:35,4,1,42
BRDA:36,5,0,0
BRDA:36,5,1,42
BRDA:44,6,0,23
BRDA:44,6,1,17
BRDA:57,7,0,16
BRDA:57,7,1,1
BRDA:58,8,0,0
BRDA:58,8,1,1
BRDA:59,9,0,0
BRDA:59,9,1,1
BRDA:61,10,0,1
BRDA:61,10,1,0
BRDA:65,11,0,0
BRDA:65,11,1,15
BRDA:66,12,0,4
BRDA:66,12,1,3
BRDA:66,12,2,2
BRDA:66,12,3,2
BRDA:66,12,4,1
BRDA:66,12,5,3
BRDA:66,12,6,0
BRDA:87,13,0,21
BRDA:87,13,1,9
BRDA:89,14,0,4
BRDA:89,14,1,17
BRDA:90,15,0,4
BRDA:90,15,1,0
BRDA:91,16,0,4
BRDA:91,16,1,1
BRDA:92,17,0,4
BRDA:92,17,1,1
BRDA:94,18,0,1
BRDA:94,18,1,3
BRDA:95,19,0,2
BRDA:95,19,1,1
BRDA:96,20,0,4
BRDA:96,20,1,3
BRDA:98,21,0,2
BRDA:98,21,1,2
BRDA:99,22,0,1
BRDA:99,22,1,1
BRDA:101,23,0,1
BRDA:101,23,1,0
BRDA:102,24,0,1
BRDA:102,24,1,0
BRDA:116,25,0,2
BRDA:116,25,1,2
BRDA:119,26,0,1
BRDA:119,26,1,1
BRDA:120,27,0,1
BRDA:120,27,1,1
BRDA:120,28,0,1
BRDA:120,28,1,0
BRDA:121,29,0,1
BRDA:121,29,1,1
BRDA:121,30,0,1
BRDA:121,30,1,1
BRDA:121,30,2,0
BRDA:122,31,0,1
BRDA:122,31,1,1
BRDA:123,32,0,0
BRDA:123,32,1,2
BRDA:124,33,0,0
BRDA:124,33,1,2
BRDA:136,34,0,0
BRDA:136,34,1,17
BRDA:145,35,0,1
BRDA:145,35,1,16
BRDA:155,36,0,5
BRDA:155,36,1,11
BRDA:156,37,0,3
BRDA:156,37,1,2
BRDA:166,38,0,2
BRDA:166,38,1,0
BRDA:167,39,0,2
BRDA:167,39,1,0
BRDA:177,40,0,1
BRDA:177,40,1,1
BRDA:183,41,0,2
BRDA:183,41,1,9
BRDA:184,42,0,1
BRDA:184,42,1,1
BRDA:199,43,0,3
BRDA:199,43,1,6
BRDA:200,44,0,2
BRDA:200,44,1,1
BRDA:203,45,0,2
BRDA:203,45,1,0
BRDA:219,46,0,2
BRDA:219,46,1,4
BRDA:220,47,0,1
BRDA:220,47,1,1
BRDA:221,48,0,1
BRDA:221,48,1,0
BRDA:240,49,0,4
BRDA:240,49,1,0
BRDA:241,50,0,3
BRDA:241,50,1,1
BRDA:242,51,0,3
BRDA:242,51,1,0
BRDA:267,52,0,1
BRDA:267,52,1,3
BRDA:270,53,0,3
BRDA:270,53,1,2
BRDA:274,54,0,2
BRDA:274,54,1,0
BRDA:274,55,0,2
BRDA:274,55,1,2
BRDA:277,56,0,1
BRDA:277,56,1,1
BRF:121
BRH:98
end_of_record
TN:
SF:lib/supabaseClient.ts
FNF:0
FNH:0
DA:1,0
DA:3,0
DA:4,0
DA:6,0
DA:7,0
DA:10,0
LF:6
LH:0
BRDA:6,0,0,0
BRDA:6,0,1,0
BRDA:6,1,0,0
BRDA:6,1,1,0
BRF:4
BRH:0
end_of_record
TN:
SF:lib/ai/keyPool.ts
FN:1,pickApiKey
FNF:1
FNH:0
FNDA:0,pickApiKey
DA:1,0
DA:2,0
DA:3,0
LF:3
LH:0
BRDA:2,0,0,0
BRDA:2,0,1,0
BRDA:2,1,0,0
BRDA:2,1,1,0
BRF:4
BRH:0
end_of_record
TN:
SF:lib/ai/modelPool.ts
FN:12,(anonymous_3)
FN:12,(anonymous_4)
FN:16,clampIndex
FN:22,withModelFallback
FNF:4
FNH:2
FNDA:0,(anonymous_3)
FNDA:0,(anonymous_4)
FNDA:10,clampIndex
FNDA:20,withModelFallback
DA:1,4
DA:12,1
DA:14,1
DA:17,10
DA:18,10
DA:19,10
DA:22,20
DA:27,20
DA:28,20
DA:32,20
DA:33,36
DA:34,36
DA:35,36
DA:36,0
DA:38,36
DA:39,16
DA:40,9
DA:42,16
DA:44,20
DA:45,20
DA:46,2
DA:48,18
DA:52,2
DA:53,1
DA:56,2
LF:25
LH:24
BRDA:17,0,0,0
BRDA:17,0,1,10
BRDA:18,1,0,0
BRDA:18,1,1,10
BRDA:27,2,0,20
BRDA:27,2,1,20
BRDA:28,3,0,10
BRDA:28,3,1,10
BRDA:29,4,0,10
BRDA:29,4,1,5
BRDA:35,5,0,0
BRDA:35,5,1,36
BRDA:35,6,0,36
BRDA:35,6,1,0
BRDA:39,7,0,9
BRDA:39,7,1,7
BRDA:44,8,0,20
BRDA:44,8,1,19
BRDA:45,9,0,2
BRDA:45,9,1,18
BRDA:52,10,0,1
BRDA:52,10,1,1
BRDA:56,11,0,2
BRDA:56,11,1,0
BRF:24
BRH:19
end_of_record
TN:
SF:lib/ai/rateLimit.ts
FN:8,isRateLimitedInMemory
FN:11,(anonymous_2)
FN:23,isRateLimited
FNF:3
FNH:3
FNDA:72,isRateLimitedInMemory
FNDA:710,(anonymous_2)
FNDA:77,isRateLimited
DA:1,1
DA:3,1
DA:4,1
DA:5,1
DA:6,1
DA:9,72
DA:10,72
DA:11,710
DA:13,72
DA:14,7
DA:15,7
DA:18,65
DA:19,65
DA:20,65
DA:23,77
DA:24,77
DA:25,77
DA:26,71
DA:29,6
DA:35,6
DA:36,1
DA:39,5
LF:22
LH:22
BRDA:11,0,0,72
BRDA:11,0,1,8
BRDA:13,1,0,7
BRDA:13,1,1,65
BRDA:25,2,0,71
BRDA:25,2,1,6
BRDA:35,3,0,1
BRDA:35,3,1,5
BRF:8
BRH:8
end_of_record
TN:
SF:lib/ai/systemPrompt.ts
FN:4,buildSystemPrompt
FNF:1
FNH:0
FNDA:0,buildSystemPrompt
DA:2,0
DA:4,0
DA:5,0
LF:3
LH:0
BRDA:13,0,0,0
BRDA:13,0,1,0
BRF:2
BRH:0
end_of_record
TN:
SF:lib/supabase/client.ts
FNF:0
FNH:0
DA:1,0
LF:1
LH:0
BRF:0
BRH:0
end_of_record
TN:
SF:lib/supabase/server.ts
FN:7,createServerClient
FN:16,createAdminClient
FNF:2
FNH:0
FNDA:0,createServerClient
FNDA:0,createAdminClient
DA:1,0
DA:3,0
DA:4,0
DA:5,0
DA:7,0
DA:8,0
DA:9,0
DA:16,0
DA:17,0
DA:18,0
LF:10
LH:0
BRDA:8,0,0,0
BRDA:8,0,1,0
BRDA:8,1,0,0
BRDA:8,1,1,0
BRDA:11,2,0,0
BRDA:11,2,1,0
BRDA:17,3,0,0
BRDA:17,3,1,0
BRDA:17,4,0,0
BRDA:17,4,1,0
BRF:10
BRH:0
end_of_record
TN:
SF:pages/CampaignWizard.tsx
FN:3,CampaignWizardRoute
FNF:1
FNH:0
FNDA:0,CampaignWizardRoute
DA:1,0
DA:3,0
DA:4,0
LF:3
LH:0
BRF:0
BRH:0
end_of_record
TN:
SF:pages/Dashboard.tsx
FN:15,(anonymous_4)
FN:38,(anonymous_5)
FN:56,(anonymous_6)
FN:64,(anonymous_7)
FN:82,(anonymous_8)
FN:94,(anonymous_9)
FN:137,DashboardRoute
FNF:7
FNH:0
FNDA:0,(anonymous_4)
FNDA:0,(anonymous_5)
FNDA:0,(anonymous_6)
FNDA:0,(anonymous_7)
FNDA:0,(anonymous_8)
FNDA:0,(anonymous_9)
FNDA:0,DashboardRoute
DA:1,0
DA:2,0
DA:3,0
DA:15,0
DA:39,0
DA:40,0
DA:57,0
DA:64,0
DA:83,0
DA:84,0
DA:95,0
DA:96,0
DA:137,0
DA:138,0
LF:14
LH:0
BRDA:34,0,0,0
BRDA:40,1,0,0
BRDA:40,1,1,0
BRDA:50,2,0,0
BRDA:50,2,1,0
BRDA:60,3,0,0
BRDA:60,3,1,0
BRDA:66,4,0,0
BRDA:76,5,0,0
BRDA:76,5,1,0
BRDA:78,6,0,0
BRDA:90,7,0,0
BRDA:104,8,0,0
BRDA:110,9,0,0
BRDA:120,10,0,0
BRDA:120,10,1,0
BRDA:125,11,0,0
BRDA:125,11,1,0
BRF:18
BRH:0
end_of_record
TN:
SF:pages/GameSession.tsx
FN:56,(anonymous_7)
FN:67,(anonymous_8)
FN:121,(anonymous_9)
FN:122,(anonymous_10)
FN:148,(anonymous_11)
FN:150,(anonymous_12)
FN:156,(anonymous_13)
FN:171,(anonymous_14)
FN:173,(anonymous_15)
FN:188,(anonymous_16)
FN:199,(anonymous_17)
FN:210,(anonymous_18)
FN:217,(anonymous_19)
FN:218,(anonymous_20)
FN:225,(anonymous_21)
FN:226,(anonymous_22)
FN:234,(anonymous_23)
FN:237,(anonymous_24)
FN:240,(anonymous_25)
FN:258,(anonymous_26)
FN:265,(anonymous_27)
FN:271,(anonymous_28)
FN:276,(anonymous_29)
FN:281,(anonymous_30)
FN:281,(anonymous_31)
FN:283,(anonymous_32)
FN:291,(anonymous_33)
FN:303,(anonymous_34)
FN:332,(anonymous_35)
FN:356,(anonymous_36)
FN:358,(anonymous_37)
FN:372,(anonymous_38)
FN:387,(anonymous_39)
FN:404,(anonymous_40)
FN:411,(anonymous_41)
FN:412,(anonymous_42)
FN:447,(anonymous_43)
FN:468,(anonymous_44)
FN:473,(anonymous_45)
FN:495,(anonymous_46)
FN:523,(anonymous_47)
FN:527,(anonymous_48)
FN:536,(anonymous_49)
FN:537,(anonymous_50)
FN:542,(anonymous_51)
FN:543,(anonymous_52)
FN:579,(anonymous_53)
FN:592,(anonymous_54)
FN:596,(anonymous_55)
FN:601,(anonymous_56)
FN:609,(anonymous_57)
FN:614,(anonymous_58)
FN:619,(anonymous_59)
FN:624,(anonymous_60)
FN:630,(anonymous_61)
FN:635,(anonymous_62)
FN:638,(anonymous_63)
FN:647,(anonymous_64)
FN:653,(anonymous_65)
FN:654,(anonymous_66)
FN:676,(anonymous_67)
FN:692,(anonymous_68)
FN:693,(anonymous_69)
FN:710,(anonymous_70)
FN:711,(anonymous_71)
FN:721,(anonymous_72)
FN:734,(anonymous_73)
FN:745,(anonymous_74)
FN:747,(anonymous_75)
FN:760,(anonymous_76)
FN:768,(anonymous_77)
FN:773,(anonymous_78)
FN:787,(anonymous_79)
FN:791,(anonymous_80)
FN:795,(anonymous_81)
FN:799,(anonymous_82)
FN:803,(anonymous_83)
FN:811,(anonymous_84)
FN:815,(anonymous_85)
FN:819,(anonymous_86)
FN:833,(anonymous_87)
FN:837,(anonymous_88)
FN:841,(anonymous_89)
FN:844,(anonymous_90)
FN:873,(anonymous_91)
FN:885,(anonymous_92)
FN:890,(anonymous_93)
FN:896,(anonymous_94)
FN:908,(anonymous_95)
FN:908,(anonymous_96)
FN:917,(anonymous_97)
FN:922,(anonymous_98)
FN:922,(anonymous_99)
FN:940,(anonymous_100)
FN:947,(anonymous_101)
FN:959,(anonymous_102)
FN:981,(anonymous_103)
FN:990,(anonymous_104)
FN:992,(anonymous_105)
FN:1003,(anonymous_106)
FN:1017,(anonymous_107)
FN:1021,(anonymous_108)
FN:1040,(anonymous_109)
FN:1059,(anonymous_110)
FN:1077,(anonymous_111)
FN:1092,(anonymous_112)
FN:1109,(anonymous_113)
FN:1122,(anonymous_114)
FN:1126,(anonymous_115)
FN:1128,(anonymous_116)
FN:1135,(anonymous_117)
FN:1136,(anonymous_118)
FN:1157,(anonymous_119)
FN:1195,(anonymous_120)
FN:1196,(anonymous_121)
FN:1230,(anonymous_122)
FN:1256,(anonymous_123)
FN:1276,(anonymous_124)
FN:1317,(anonymous_125)
FN:1330,(anonymous_126)
FN:1334,(anonymous_127)
FN:1381,(anonymous_128)
FN:1384,(anonymous_129)
FN:1429,(anonymous_130)
FN:1430,(anonymous_131)
FN:1464,(anonymous_132)
FN:1516,(anonymous_133)
FN:1517,(anonymous_134)
FN:1611,(anonymous_135)
FN:1623,(anonymous_136)
FN:1724,(anonymous_137)
FN:1791,(anonymous_138)
FN:1796,(anonymous_139)
FN:1798,(anonymous_140)
FN:1805,(anonymous_141)
FN:1815,(anonymous_142)
FN:1825,(anonymous_143)
FN:1872,(anonymous_144)
FN:1878,(anonymous_145)
FN:1880,(anonymous_146)
FN:1886,(anonymous_147)
FN:1887,(anonymous_148)
FN:1893,(anonymous_149)
FN:1920,(anonymous_150)
FN:1923,(anonymous_151)
FN:1930,(anonymous_152)
FN:1933,(anonymous_153)
FN:1941,(anonymous_154)
FN:1944,(anonymous_155)
FN:1963,(anonymous_156)
FN:2033,(anonymous_157)
FN:2055,(anonymous_158)
FN:2064,(anonymous_159)
FN:2068,(anonymous_160)
FN:2092,(anonymous_161)
FN:2102,(anonymous_162)
FN:2127,(anonymous_163)
FN:2130,(anonymous_164)
FN:2142,(anonymous_165)
FN:2167,(anonymous_166)
FN:2179,(anonymous_167)
FN:2193,(anonymous_168)
FN:2202,(anonymous_169)
FN:2210,(anonymous_170)
FN:2223,(anonymous_171)
FN:2283,(anonymous_172)
FN:2306,(anonymous_173)
FN:2309,(anonymous_174)
FN:2313,(anonymous_175)
FN:2321,(anonymous_176)
FN:2337,(anonymous_177)
FN:2337,(anonymous_178)
FN:2348,(anonymous_179)
FN:2405,(anonymous_180)
FN:2413,(anonymous_181)
FN:2414,(anonymous_182)
FN:2432,(anonymous_183)
FN:2493,(anonymous_184)
FN:2505,GameSessionRoute
FNF:179
FNH:0
FNDA:0,(anonymous_7)
FNDA:0,(anonymous_8)
FNDA:0,(anonymous_9)
FNDA:0,(anonymous_10)
FNDA:0,(anonymous_11)
FNDA:0,(anonymous_12)
FNDA:0,(anonymous_13)
FNDA:0,(anonymous_14)
FNDA:0,(anonymous_15)
FNDA:0,(anonymous_16)
FNDA:0,(anonymous_17)
FNDA:0,(anonymous_18)
FNDA:0,(anonymous_19)
FNDA:0,(anonymous_20)
FNDA:0,(anonymous_21)
FNDA:0,(anonymous_22)
FNDA:0,(anonymous_23)
FNDA:0,(anonymous_24)
FNDA:0,(anonymous_25)
FNDA:0,(anonymous_26)
FNDA:0,(anonymous_27)
FNDA:0,(anonymous_28)
FNDA:0,(anonymous_29)
FNDA:0,(anonymous_30)
FNDA:0,(anonymous_31)
FNDA:0,(anonymous_32)
FNDA:0,(anonymous_33)
FNDA:0,(anonymous_34)
FNDA:0,(anonymous_35)
FNDA:0,(anonymous_36)
FNDA:0,(anonymous_37)
FNDA:0,(anonymous_38)
FNDA:0,(anonymous_39)
FNDA:0,(anonymous_40)
FNDA:0,(anonymous_41)
FNDA:0,(anonymous_42)
FNDA:0,(anonymous_43)
FNDA:0,(anonymous_44)
FNDA:0,(anonymous_45)
FNDA:0,(anonymous_46)
FNDA:0,(anonymous_47)
FNDA:0,(anonymous_48)
FNDA:0,(anonymous_49)
FNDA:0,(anonymous_50)
FNDA:0,(anonymous_51)
FNDA:0,(anonymous_52)
FNDA:0,(anonymous_53)
FNDA:0,(anonymous_54)
FNDA:0,(anonymous_55)
FNDA:0,(anonymous_56)
FNDA:0,(anonymous_57)
FNDA:0,(anonymous_58)
FNDA:0,(anonymous_59)
FNDA:0,(anonymous_60)
FNDA:0,(anonymous_61)
FNDA:0,(anonymous_62)
FNDA:0,(anonymous_63)
FNDA:0,(anonymous_64)
FNDA:0,(anonymous_65)
FNDA:0,(anonymous_66)
FNDA:0,(anonymous_67)
FNDA:0,(anonymous_68)
FNDA:0,(anonymous_69)
FNDA:0,(anonymous_70)
FNDA:0,(anonymous_71)
FNDA:0,(anonymous_72)
FNDA:0,(anonymous_73)
FNDA:0,(anonymous_74)
FNDA:0,(anonymous_75)
FNDA:0,(anonymous_76)
FNDA:0,(anonymous_77)
FNDA:0,(anonymous_78)
FNDA:0,(anonymous_79)
FNDA:0,(anonymous_80)
FNDA:0,(anonymous_81)
FNDA:0,(anonymous_82)
FNDA:0,(anonymous_83)
FNDA:0,(anonymous_84)
FNDA:0,(anonymous_85)
FNDA:0,(anonymous_86)
FNDA:0,(anonymous_87)
FNDA:0,(anonymous_88)
FNDA:0,(anonymous_89)
FNDA:0,(anonymous_90)
FNDA:0,(anonymous_91)
FNDA:0,(anonymous_92)
FNDA:0,(anonymous_93)
FNDA:0,(anonymous_94)
FNDA:0,(anonymous_95)
FNDA:0,(anonymous_96)
FNDA:0,(anonymous_97)
FNDA:0,(anonymous_98)
FNDA:0,(anonymous_99)
FNDA:0,(anonymous_100)
FNDA:0,(anonymous_101)
FNDA:0,(anonymous_102)
FNDA:0,(anonymous_103)
FNDA:0,(anonymous_104)
FNDA:0,(anonymous_105)
FNDA:0,(anonymous_106)
FNDA:0,(anonymous_107)
FNDA:0,(anonymous_108)
FNDA:0,(anonymous_109)
FNDA:0,(anonymous_110)
FNDA:0,(anonymous_111)
FNDA:0,(anonymous_112)
FNDA:0,(anonymous_113)
FNDA:0,(anonymous_114)
FNDA:0,(anonymous_115)
FNDA:0,(anonymous_116)
FNDA:0,(anonymous_117)
FNDA:0,(anonymous_118)
FNDA:0,(anonymous_119)
FNDA:0,(anonymous_120)
FNDA:0,(anonymous_121)
FNDA:0,(anonymous_122)
FNDA:0,(anonymous_123)
FNDA:0,(anonymous_124)
FNDA:0,(anonymous_125)
FNDA:0,(anonymous_126)
FNDA:0,(anonymous_127)
FNDA:0,(anonymous_128)
FNDA:0,(anonymous_129)
FNDA:0,(anonymous_130)
FNDA:0,(anonymous_131)
FNDA:0,(anonymous_132)
FNDA:0,(anonymous_133)
FNDA:0,(anonymous_134)
FNDA:0,(anonymous_135)
FNDA:0,(anonymous_136)
FNDA:0,(anonymous_137)
FNDA:0,(anonymous_138)
FNDA:0,(anonymous_139)
FNDA:0,(anonymous_140)
FNDA:0,(anonymous_141)
FNDA:0,(anonymous_142)
FNDA:0,(anonymous_143)
FNDA:0,(anonymous_144)
FNDA:0,(anonymous_145)
FNDA:0,(anonymous_146)
FNDA:0,(anonymous_147)
FNDA:0,(anonymous_148)
FNDA:0,(anonymous_149)
FNDA:0,(anonymous_150)
FNDA:0,(anonymous_151)
FNDA:0,(anonymous_152)
FNDA:0,(anonymous_153)
FNDA:0,(anonymous_154)
FNDA:0,(anonymous_155)
FNDA:0,(anonymous_156)
FNDA:0,(anonymous_157)
FNDA:0,(anonymous_158)
FNDA:0,(anonymous_159)
FNDA:0,(anonymous_160)
FNDA:0,(anonymous_161)
FNDA:0,(anonymous_162)
FNDA:0,(anonymous_163)
FNDA:0,(anonymous_164)
FNDA:0,(anonymous_165)
FNDA:0,(anonymous_166)
FNDA:0,(anonymous_167)
FNDA:0,(anonymous_168)
FNDA:0,(anonymous_169)
FNDA:0,(anonymous_170)
FNDA:0,(anonymous_171)
FNDA:0,(anonymous_172)
FNDA:0,(anonymous_173)
FNDA:0,(anonymous_174)
FNDA:0,(anonymous_175)
FNDA:0,(anonymous_176)
FNDA:0,(anonymous_177)
FNDA:0,(anonymous_178)
FNDA:0,(anonymous_179)
FNDA:0,(anonymous_180)
FNDA:0,(anonymous_181)
FNDA:0,(anonymous_182)
FNDA:0,(anonymous_183)
FNDA:0,(anonymous_184)
FNDA:0,GameSessionRoute
DA:1,0
DA:2,0
DA:3,0
DA:4,0
DA:5,0
DA:6,0
DA:7,0
DA:8,0
DA:9,0
DA:10,0
DA:11,0
DA:12,0
DA:13,0
DA:56,0
DA:57,0
DA:67,0
DA:68,0
DA:69,0
DA:70,0
DA:71,0
DA:72,0
DA:73,0
DA:74,0
DA:75,0
DA:76,0
DA:77,0
DA:78,0
DA:79,0
DA:80,0
DA:81,0
DA:82,0
DA:83,0
DA:84,0
DA:85,0
DA:86,0
DA:87,0
DA:88,0
DA:89,0
DA:90,0
DA:91,0
DA:92,0
DA:93,0
DA:102,0
DA:103,0
DA:104,0
DA:105,0
DA:106,0
DA:107,0
DA:108,0
DA:109,0
DA:110,0
DA:111,0
DA:112,0
DA:114,0
DA:121,0
DA:122,0
DA:125,0
DA:126,0
DA:128,0
DA:129,0
DA:130,0
DA:131,0
DA:132,0
DA:133,0
DA:134,0
DA:135,0
DA:136,0
DA:137,0
DA:138,0
DA:139,0
DA:140,0
DA:141,0
DA:142,0
DA:143,0
DA:144,0
DA:145,0
DA:146,0
DA:148,0
DA:150,0
DA:151,0
DA:152,0
DA:153,0
DA:156,0
DA:157,0
DA:158,0
DA:159,0
DA:168,0
DA:170,0
DA:171,0
DA:172,0
DA:173,0
DA:174,0
DA:175,0
DA:185,0
DA:187,0
DA:188,0
DA:189,0
DA:190,0
DA:196,0
DA:198,0
DA:199,0
DA:200,0
DA:201,0
DA:207,0
DA:209,0
DA:210,0
DA:211,0
DA:212,0
DA:217,0
DA:218,0
DA:219,0
DA:220,0
DA:221,0
DA:222,0
DA:223,0
DA:224,0
DA:225,0
DA:226,0
DA:232,0
DA:234,0
DA:235,0
DA:237,0
DA:238,0
DA:240,0
DA:241,0
DA:242,0
DA:247,0
DA:258,0
DA:259,0
DA:260,0
DA:261,0
DA:262,0
DA:265,0
DA:266,0
DA:267,0
DA:268,0
DA:271,0
DA:272,0
DA:273,0
DA:276,0
DA:277,0
DA:278,0
DA:281,0
DA:283,0
DA:284,0
DA:285,0
DA:291,0
DA:292,0
DA:293,0
DA:294,0
DA:295,0
DA:296,0
DA:297,0
DA:299,0
DA:303,0
DA:307,0
DA:308,0
DA:310,0
DA:311,0
DA:312,0
DA:318,0
DA:320,0
DA:321,0
DA:322,0
DA:325,0
DA:326,0
DA:327,0
DA:328,0
DA:329,0
DA:330,0
DA:332,0
DA:333,0
DA:334,0
DA:335,0
DA:340,0
DA:341,0
DA:343,0
DA:344,0
DA:345,0
DA:346,0
DA:350,0
DA:351,0
DA:354,0
DA:356,0
DA:357,0
DA:358,0
DA:359,0
DA:360,0
DA:361,0
DA:362,0
DA:363,0
DA:365,0
DA:367,0
DA:369,0
DA:372,0
DA:373,0
DA:374,0
DA:375,0
DA:376,0
DA:378,0
DA:379,0
DA:381,0
DA:382,0
DA:384,0
DA:387,0
DA:388,0
DA:389,0
DA:390,0
DA:391,0
DA:404,0
DA:405,0
DA:406,0
DA:407,0
DA:411,0
DA:412,0
DA:413,0
DA:414,0
DA:415,0
DA:416,0
DA:417,0
DA:418,0
DA:419,0
DA:420,0
DA:421,0
DA:422,0
DA:425,0
DA:426,0
DA:427,0
DA:428,0
DA:430,0
DA:436,0
DA:437,0
DA:438,0
DA:440,0
DA:441,0
DA:443,0
DA:446,0
DA:448,0
DA:449,0
DA:450,0
DA:451,0
DA:462,0
DA:463,0
DA:465,0
DA:466,0
DA:468,0
DA:469,0
DA:470,0
DA:473,0
DA:474,0
DA:475,0
DA:479,0
DA:480,0
DA:481,0
DA:489,0
DA:491,0
DA:495,0
DA:496,0
DA:497,0
DA:510,0
DA:523,0
DA:524,0
DA:527,0
DA:528,0
DA:529,0
DA:530,0
DA:531,0
DA:532,0
DA:534,0
DA:535,0
DA:536,0
DA:538,0
DA:542,0
DA:543,0
DA:544,0
DA:550,0
DA:556,0
DA:562,0
DA:563,0
DA:564,0
DA:566,0
DA:567,0
DA:568,0
DA:569,0
DA:572,0
DA:574,0
DA:580,0
DA:581,0
DA:582,0
DA:583,0
DA:585,0
DA:586,0
DA:592,0
DA:596,0
DA:597,0
DA:601,0
DA:602,0
DA:604,0
DA:608,0
DA:610,0
DA:611,0
DA:612,0
DA:615,0
DA:616,0
DA:617,0
DA:620,0
DA:621,0
DA:622,0
DA:625,0
DA:626,0
DA:630,0
DA:631,0
DA:635,0
DA:636,0
DA:639,0
DA:640,0
DA:641,0
DA:645,0
DA:647,0
DA:648,0
DA:649,0
DA:653,0
DA:654,0
DA:655,0
DA:656,0
DA:657,0
DA:660,0
DA:670,0
DA:673,0
DA:676,0
DA:677,0
DA:678,0
DA:679,0
DA:681,0
DA:682,0
DA:683,0
DA:685,0
DA:686,0
DA:688,0
DA:692,0
DA:693,0
DA:694,0
DA:704,0
DA:707,0
DA:710,0
DA:711,0
DA:712,0
DA:713,0
DA:718,0
DA:721,0
DA:722,0
DA:723,0
DA:728,0
DA:731,0
DA:732,0
DA:734,0
DA:735,0
DA:736,0
DA:743,0
DA:744,0
DA:745,0
DA:747,0
DA:749,0
DA:753,0
DA:755,0
DA:761,0
DA:762,0
DA:763,0
DA:768,0
DA:769,0
DA:773,0
DA:774,0
DA:775,0
DA:776,0
DA:777,0
DA:787,0
DA:788,0
DA:791,0
DA:792,0
DA:795,0
DA:796,0
DA:799,0
DA:800,0
DA:803,0
DA:804,0
DA:805,0
DA:806,0
DA:807,0
DA:808,0
DA:811,0
DA:812,0
DA:815,0
DA:816,0
DA:817,0
DA:819,0
DA:821,0
DA:822,0
DA:823,0
DA:824,0
DA:827,0
DA:828,0
DA:829,0
DA:833,0
DA:834,0
DA:837,0
DA:838,0
DA:841,0
DA:842,0
DA:844,0
DA:845,0
DA:852,0
DA:853,0
DA:854,0
DA:855,0
DA:857,0
DA:858,0
DA:866,0
DA:868,0
DA:874,0
DA:875,0
DA:876,0
DA:877,0
DA:878,0
DA:880,0
DA:885,0
DA:886,0
DA:890,0
DA:891,0
DA:897,0
DA:898,0
DA:899,0
DA:900,0
DA:908,0
DA:909,0
DA:910,0
DA:918,0
DA:919,0
DA:920,0
DA:921,0
DA:922,0
DA:923,0
DA:933,0
DA:934,0
DA:940,0
DA:941,0
DA:947,0
DA:948,0
DA:949,0
DA:950,0
DA:959,0
DA:960,0
DA:961,0
DA:968,0
DA:969,0
DA:981,0
DA:982,0
DA:990,0
DA:991,0
DA:992,0
DA:1003,0
DA:1004,0
DA:1005,0
DA:1017,0
DA:1018,0
DA:1021,0
DA:1022,0
DA:1023,0
DA:1024,0
DA:1025,0
DA:1026,0
DA:1029,0
DA:1030,0
DA:1031,0
DA:1037,0
DA:1040,0
DA:1045,0
DA:1046,0
DA:1048,0
DA:1049,0
DA:1050,0
DA:1052,0
DA:1053,0
DA:1056,0
DA:1057,0
DA:1058,0
DA:1059,0
DA:1061,0
DA:1063,0
DA:1077,0
DA:1078,0
DA:1080,0
DA:1081,0
DA:1082,0
DA:1086,0
DA:1089,0
DA:1092,0
DA:1093,0
DA:1094,0
DA:1109,0
DA:1110,0
DA:1111,0
DA:1112,0
DA:1114,0
DA:1120,0
DA:1122,0
DA:1126,0
DA:1128,0
DA:1129,0
DA:1130,0
DA:1131,0
DA:1132,0
DA:1135,0
DA:1136,0
DA:1137,0
DA:1139,0
DA:1157,0
DA:1158,0
DA:1159,0
DA:1161,0
DA:1162,0
DA:1163,0
DA:1176,0
DA:1179,0
DA:1190,0
DA:1191,0
DA:1195,0
DA:1196,0
DA:1197,0
DA:1198,0
DA:1199,0
DA:1200,0
DA:1202,0
DA:1203,0
DA:1204,0
DA:1205,0
DA:1206,0
DA:1213,0
DA:1219,0
DA:1220,0
DA:1223,0
DA:1227,0
DA:1230,0
DA:1241,0
DA:1242,0
DA:1243,0
DA:1244,0
DA:1245,0
DA:1246,0
DA:1248,0
DA:1249,0
DA:1250,0
DA:1251,0
DA:1252,0
DA:1253,0
DA:1256,0
DA:1257,0
DA:1264,0
DA:1274,0
DA:1275,0
DA:1276,0
DA:1277,0
DA:1278,0
DA:1281,0
DA:1282,0
DA:1283,0
DA:1285,0
DA:1286,0
DA:1287,0
DA:1288,0
DA:1290,0
DA:1291,0
DA:1292,0
DA:1294,0
DA:1295,0
DA:1296,0
DA:1298,0
DA:1299,0
DA:1302,0
DA:1303,0
DA:1306,0
DA:1307,0
DA:1308,0
DA:1309,0
DA:1310,0
DA:1311,0
DA:1312,0
DA:1313,0
DA:1314,0
DA:1315,0
DA:1317,0
DA:1318,0
DA:1319,0
DA:1325,0
DA:1326,0
DA:1327,0
DA:1328,0
DA:1330,0
DA:1331,0
DA:1334,0
DA:1335,0
DA:1336,0
DA:1337,0
DA:1338,0
DA:1339,0
DA:1340,0
DA:1342,0
DA:1343,0
DA:1344,0
DA:1345,0
DA:1346,0
DA:1347,0
DA:1348,0
DA:1350,0
DA:1351,0
DA:1355,0
DA:1356,0
DA:1360,0
DA:1361,0
DA:1362,0
DA:1363,0
DA:1364,0
DA:1366,0
DA:1367,0
DA:1368,0
DA:1369,0
DA:1370,0
DA:1372,0
DA:1373,0
DA:1374,0
DA:1376,0
DA:1377,0
DA:1379,0
DA:1380,0
DA:1381,0
DA:1382,0
DA:1383,0
DA:1384,0
DA:1385,0
DA:1386,0
DA:1388,0
DA:1389,0
DA:1395,0
DA:1400,0
DA:1401,0
DA:1402,0
DA:1403,0
DA:1404,0
DA:1407,0
DA:1410,0
DA:1411,0
DA:1416,0
DA:1417,0
DA:1418,0
DA:1421,0
DA:1424,0
DA:1425,0
DA:1426,0
DA:1428,0
DA:1429,0
DA:1430,0
DA:1432,0
DA:1433,0
DA:1434,0
DA:1435,0
DA:1441,0
DA:1442,0
DA:1443,0
DA:1444,0
DA:1446,0
DA:1447,0
DA:1450,0
DA:1451,0
DA:1452,0
DA:1453,0
DA:1456,0
DA:1458,0
DA:1459,0
DA:1460,0
DA:1464,0
DA:1465,0
DA:1466,0
DA:1467,0
DA:1468,0
DA:1469,0
DA:1472,0
DA:1473,0
DA:1474,0
DA:1475,0
DA:1476,0
DA:1477,0
DA:1478,0
DA:1481,0
DA:1482,0
DA:1483,0
DA:1490,0
DA:1493,0
DA:1494,0
DA:1495,0
DA:1496,0
DA:1499,0
DA:1500,0
DA:1506,0
DA:1507,0
DA:1508,0
DA:1509,0
DA:1512,0
DA:1513,0
DA:1514,0
DA:1515,0
DA:1516,0
DA:1517,0
DA:1518,0
DA:1519,0
DA:1520,0
DA:1521,0
DA:1522,0
DA:1523,0
DA:1525,0
DA:1534,0
DA:1535,0
DA:1536,0
DA:1538,0
DA:1542,0
DA:1545,0
DA:1546,0
DA:1547,0
DA:1561,0
DA:1562,0
DA:1564,0
DA:1565,0
DA:1566,0
DA:1572,0
DA:1573,0
DA:1574,0
DA:1576,0
DA:1579,0
DA:1580,0
DA:1581,0
DA:1601,0
DA:1602,0
DA:1603,0
DA:1604,0
DA:1611,0
DA:1612,0
DA:1613,0
DA:1614,0
DA:1616,0
DA:1617,0
DA:1618,0
DA:1620,0
DA:1622,0
DA:1623,0
DA:1624,0
DA:1625,0
DA:1626,0
DA:1628,0
DA:1629,0
DA:1630,0
DA:1633,0
DA:1634,0
DA:1635,0
DA:1636,0
DA:1639,0
DA:1640,0
DA:1641,0
DA:1644,0
DA:1645,0
DA:1647,0
DA:1649,0
DA:1650,0
DA:1666,0
DA:1667,0
DA:1668,0
DA:1669,0
DA:1670,0
DA:1672,0
DA:1673,0
DA:1676,0
DA:1677,0
DA:1678,0
DA:1683,0
DA:1684,0
DA:1685,0
DA:1686,0
DA:1689,0
DA:1690,0
DA:1692,0
DA:1695,0
DA:1696,0
DA:1697,0
DA:1703,0
DA:1704,0
DA:1705,0
DA:1706,0
DA:1707,0
DA:1708,0
DA:1709,0
DA:1711,0
DA:1713,0
DA:1716,0
DA:1717,0
DA:1718,0
DA:1720,0
DA:1724,0
DA:1725,0
DA:1726,0
DA:1727,0
DA:1728,0
DA:1729,0
DA:1731,0
DA:1732,0
DA:1733,0
DA:1734,0
DA:1735,0
DA:1744,0
DA:1749,0
DA:1760,0
DA:1766,0
DA:1767,0
DA:1768,0
DA:1769,0
DA:1770,0
DA:1772,0
DA:1773,0
DA:1778,0
DA:1779,0
DA:1780,0
DA:1781,0
DA:1782,0
DA:1785,0
DA:1786,0
DA:1787,0
DA:1791,0
DA:1792,0
DA:1793,0
DA:1796,0
DA:1797,0
DA:1798,0
DA:1799,0
DA:1800,0
DA:1801,0
DA:1803,0
DA:1804,0
DA:1805,0
DA:1806,0
DA:1807,0
DA:1808,0
DA:1809,0
DA:1811,0
DA:1815,0
DA:1816,0
DA:1817,0
DA:1818,0
DA:1825,0
DA:1826,0
DA:1828,0
DA:1829,0
DA:1836,0
DA:1837,0
DA:1842,0
DA:1858,0
DA:1859,0
DA:1860,0
DA:1861,0
DA:1862,0
DA:1864,0
DA:1872,0
DA:1873,0
DA:1875,0
DA:1878,0
DA:1879,0
DA:1880,0
DA:1881,0
DA:1886,0
DA:1887,0
DA:1888,0
DA:1889,0
DA:1893,0
DA:1894,0
DA:1895,0
DA:1897,0
DA:1898,0
DA:1905,0
DA:1906,0
DA:1907,0
DA:1908,0
DA:1909,0
DA:1910,0
DA:1911,0
DA:1913,0
DA:1916,0
DA:1920,0
DA:1921,0
DA:1922,0
DA:1923,0
DA:1924,0
DA:1925,0
DA:1926,0
DA:1927,0
DA:1930,0
DA:1931,0
DA:1932,0
DA:1933,0
DA:1934,0
DA:1935,0
DA:1936,0
DA:1937,0
DA:1941,0
DA:1942,0
DA:1943,0
DA:1944,0
DA:1945,0
DA:1946,0
DA:1947,0
DA:1948,0
DA:1949,0
DA:1953,0
DA:1963,0
DA:1964,0
DA:1966,0
DA:1972,0
DA:1978,0
DA:1984,0
DA:1992,0
DA:1994,0
DA:2000,0
DA:2001,0
DA:2003,0
DA:2010,0
DA:2033,0
DA:2055,0
DA:2065,0
DA:2066,0
DA:2067,0
DA:2068,0
DA:2069,0
DA:2070,0
DA:2071,0
DA:2072,0
DA:2077,0
DA:2093,0
DA:2103,0
DA:2104,0
DA:2127,0
DA:2130,0
DA:2142,0
DA:2168,0
DA:2180,0
DA:2193,0
DA:2202,0
DA:2210,0
DA:2224,0
DA:2284,0
DA:2285,0
DA:2287,0
DA:2307,0
DA:2308,0
DA:2309,0
DA:2313,0
DA:2322,0
DA:2323,0
DA:2337,0
DA:2349,0
DA:2405,0
DA:2413,0
DA:2414,0
DA:2433,0
DA:2434,0
DA:2435,0
DA:2436,0
DA:2440,0
DA:2442,0
DA:2494,0
DA:2495,0
DA:2497,0
DA:2505,0
DA:2506,0
LF:977
LH:0
BRDA:67,0,0,0
BRDA:122,1,0,0
BRDA:122,1,1,0
BRDA:148,2,0,0
BRDA:148,2,1,0
BRDA:148,2,2,0
BRDA:151,3,0,0
BRDA:151,3,1,0
BRDA:151,3,2,0
BRDA:152,4,0,0
BRDA:152,4,1,0
BRDA:153,5,0,0
BRDA:153,5,1,0
BRDA:153,6,0,0
BRDA:153,6,1,0
BRDA:157,7,0,0
BRDA:157,7,1,0
BRDA:158,8,0,0
BRDA:158,8,1,0
BRDA:161,9,0,0
BRDA:161,9,1,0
BRDA:162,10,0,0
BRDA:162,10,1,0
BRDA:162,11,0,0
BRDA:162,11,1,0
BRDA:163,12,0,0
BRDA:163,12,1,0
BRDA:164,13,0,0
BRDA:164,13,1,0
BRDA:165,14,0,0
BRDA:165,14,1,0
BRDA:170,15,0,0
BRDA:170,15,1,0
BRDA:172,16,0,0
BRDA:172,16,1,0
BRDA:172,17,0,0
BRDA:172,17,1,0
BRDA:173,18,0,0
BRDA:173,18,1,0
BRDA:174,19,0,0
BRDA:174,19,1,0
BRDA:179,20,0,0
BRDA:179,20,1,0
BRDA:180,21,0,0
BRDA:180,21,1,0
BRDA:181,22,0,0
BRDA:181,22,1,0
BRDA:187,23,0,0
BRDA:187,23,1,0
BRDA:189,24,0,0
BRDA:189,24,1,0
BRDA:189,25,0,0
BRDA:189,25,1,0
BRDA:192,26,0,0
BRDA:192,26,1,0
BRDA:192,27,0,0
BRDA:192,27,1,0
BRDA:193,28,0,0
BRDA:193,28,1,0
BRDA:198,29,0,0
BRDA:198,29,1,0
BRDA:200,30,0,0
BRDA:200,30,1,0
BRDA:200,31,0,0
BRDA:200,31,1,0
BRDA:203,32,0,0
BRDA:203,32,1,0
BRDA:204,33,0,0
BRDA:204,33,1,0
BRDA:204,34,0,0
BRDA:204,34,1,0
BRDA:209,35,0,0
BRDA:209,35,1,0
BRDA:211,36,0,0
BRDA:211,36,1,0
BRDA:219,37,0,0
BRDA:219,37,1,0
BRDA:221,38,0,0
BRDA:221,38,1,0
BRDA:222,39,0,0
BRDA:222,39,1,0
BRDA:223,40,0,0
BRDA:223,40,1,0
BRDA:225,41,0,0
BRDA:225,41,1,0
BRDA:227,42,0,0
BRDA:227,42,1,0
BRDA:228,43,0,0
BRDA:228,43,1,0
BRDA:229,44,0,0
BRDA:229,44,1,0
BRDA:229,44,2,0
BRDA:230,45,0,0
BRDA:230,45,1,0
BRDA:234,46,0,0
BRDA:234,46,1,0
BRDA:237,47,0,0
BRDA:237,47,1,0
BRDA:240,48,0,0
BRDA:240,48,1,0
BRDA:241,49,0,0
BRDA:241,49,1,0
BRDA:241,49,2,0
BRDA:242,50,0,0
BRDA:242,50,1,0
BRDA:242,50,2,0
BRDA:242,50,3,0
BRDA:245,51,0,0
BRDA:245,51,1,0
BRDA:250,52,0,0
BRDA:250,52,1,0
BRDA:250,53,0,0
BRDA:250,53,1,0
BRDA:259,54,0,0
BRDA:259,54,1,0
BRDA:266,55,0,0
BRDA:266,55,1,0
BRDA:294,56,0,0
BRDA:294,56,1,0
BRDA:296,57,0,0
BRDA:296,57,1,0
BRDA:296,58,0,0
BRDA:296,58,1,0
BRDA:318,59,0,0
BRDA:318,59,1,0
BRDA:320,60,0,0
BRDA:320,60,1,0
BRDA:321,61,0,0
BRDA:321,61,1,0
BRDA:321,62,0,0
BRDA:321,62,1,0
BRDA:326,63,0,0
BRDA:326,63,1,0
BRDA:328,64,0,0
BRDA:328,64,1,0
BRDA:329,65,0,0
BRDA:329,65,1,0
BRDA:329,66,0,0
BRDA:329,66,1,0
BRDA:334,67,0,0
BRDA:334,67,1,0
BRDA:334,68,0,0
BRDA:334,68,1,0
BRDA:340,69,0,0
BRDA:340,69,1,0
BRDA:344,70,0,0
BRDA:344,70,1,0
BRDA:350,71,0,0
BRDA:350,71,1,0
BRDA:359,72,0,0
BRDA:359,72,1,0
BRDA:360,73,0,0
BRDA:360,73,1,0
BRDA:374,74,0,0
BRDA:374,74,1,0
BRDA:374,74,2,0
BRDA:374,74,3,0
BRDA:375,75,0,0
BRDA:375,75,1,0
BRDA:375,76,0,0
BRDA:375,76,1,0
BRDA:378,77,0,0
BRDA:378,77,1,0
BRDA:378,78,0,0
BRDA:378,78,1,0
BRDA:378,78,2,0
BRDA:378,78,3,0
BRDA:381,79,0,0
BRDA:381,79,1,0
BRDA:381,80,0,0
BRDA:381,80,1,0
BRDA:381,80,2,0
BRDA:390,81,0,0
BRDA:390,81,1,0
BRDA:396,82,0,0
BRDA:396,82,1,0
BRDA:405,83,0,0
BRDA:405,83,1,0
BRDA:414,84,0,0
BRDA:414,84,1,0
BRDA:414,85,0,0
BRDA:414,85,1,0
BRDA:416,86,0,0
BRDA:416,86,1,0
BRDA:417,87,0,0
BRDA:417,87,1,0
BRDA:418,88,0,0
BRDA:418,88,1,0
BRDA:420,89,0,0
BRDA:420,89,1,0
BRDA:421,90,0,0
BRDA:421,90,1,0
BRDA:422,91,0,0
BRDA:422,91,1,0
BRDA:427,92,0,0
BRDA:427,92,1,0
BRDA:428,93,0,0
BRDA:428,93,1,0
BRDA:436,94,0,0
BRDA:436,94,1,0
BRDA:437,95,0,0
BRDA:437,95,1,0
BRDA:437,96,0,0
BRDA:437,96,1,0
BRDA:446,97,0,0
BRDA:446,97,1,0
BRDA:446,98,0,0
BRDA:446,98,1,0
BRDA:448,99,0,0
BRDA:448,99,1,0
BRDA:449,100,0,0
BRDA:449,100,1,0
BRDA:450,101,0,0
BRDA:450,101,1,0
BRDA:454,102,0,0
BRDA:454,102,1,0
BRDA:455,103,0,0
BRDA:455,103,1,0
BRDA:456,104,0,0
BRDA:456,104,1,0
BRDA:456,105,0,0
BRDA:456,105,1,0
BRDA:462,106,0,0
BRDA:462,106,1,0
BRDA:463,107,0,0
BRDA:463,107,1,0
BRDA:465,108,0,0
BRDA:465,108,1,0
BRDA:468,109,0,0
BRDA:468,109,1,0
BRDA:468,109,2,0
BRDA:469,110,0,0
BRDA:469,110,1,0
BRDA:474,111,0,0
BRDA:474,111,1,0
BRDA:479,112,0,0
BRDA:479,112,1,0
BRDA:479,113,0,0
BRDA:479,113,1,0
BRDA:496,114,0,0
BRDA:496,114,1,0
BRDA:528,115,0,0
BRDA:528,115,1,0
BRDA:529,116,0,0
BRDA:529,116,1,0
BRDA:530,117,0,0
BRDA:530,117,1,0
BRDA:531,118,0,0
BRDA:531,118,1,0
BRDA:532,119,0,0
BRDA:532,119,1,0
BRDA:562,120,0,0
BRDA:562,120,1,0
BRDA:563,121,0,0
BRDA:563,121,1,0
BRDA:564,122,0,0
BRDA:564,122,1,0
BRDA:580,123,0,0
BRDA:580,123,1,0
BRDA:586,124,0,0
BRDA:586,124,1,0
BRDA:602,125,0,0
BRDA:602,125,1,0
BRDA:625,126,0,0
BRDA:625,126,1,0
BRDA:639,127,0,0
BRDA:639,127,1,0
BRDA:639,128,0,0
BRDA:639,128,1,0
BRDA:640,129,0,0
BRDA:640,129,1,0
BRDA:655,130,0,0
BRDA:655,130,1,0
BRDA:670,131,0,0
BRDA:670,131,1,0
BRDA:677,132,0,0
BRDA:677,132,1,0
BRDA:681,133,0,0
BRDA:681,133,1,0
BRDA:682,134,0,0
BRDA:682,134,1,0
BRDA:685,135,0,0
BRDA:685,135,1,0
BRDA:685,136,0,0
BRDA:685,136,1,0
BRDA:704,137,0,0
BRDA:704,137,1,0
BRDA:712,138,0,0
BRDA:712,138,1,0
BRDA:718,139,0,0
BRDA:718,139,1,0
BRDA:722,140,0,0
BRDA:722,140,1,0
BRDA:728,141,0,0
BRDA:728,141,1,0
BRDA:735,142,0,0
BRDA:735,142,1,0
BRDA:743,143,0,0
BRDA:743,143,1,0
BRDA:744,144,0,0
BRDA:744,144,1,0
BRDA:746,145,0,0
BRDA:746,145,1,0
BRDA:774,146,0,0
BRDA:774,146,1,0
BRDA:775,147,0,0
BRDA:775,147,1,0
BRDA:775,148,0,0
BRDA:775,148,1,0
BRDA:775,148,2,0
BRDA:804,149,0,0
BRDA:804,149,1,0
BRDA:804,150,0,0
BRDA:804,150,1,0
BRDA:805,151,0,0
BRDA:805,151,1,0
BRDA:816,152,0,0
BRDA:816,152,1,0
BRDA:816,153,0,0
BRDA:816,153,1,0
BRDA:819,154,0,0
BRDA:819,154,1,0
BRDA:819,154,2,0
BRDA:821,155,0,0
BRDA:821,155,1,0
BRDA:827,156,0,0
BRDA:827,156,1,0
BRDA:842,157,0,0
BRDA:842,157,1,0
BRDA:852,158,0,0
BRDA:852,158,1,0
BRDA:854,159,0,0
BRDA:854,159,1,0
BRDA:857,160,0,0
BRDA:857,160,1,0
BRDA:860,161,0,0
BRDA:860,161,1,0
BRDA:861,162,0,0
BRDA:861,162,1,0
BRDA:875,163,0,0
BRDA:875,163,1,0
BRDA:876,164,0,0
BRDA:876,164,1,0
BRDA:877,165,0,0
BRDA:877,165,1,0
BRDA:877,166,0,0
BRDA:877,166,1,0
BRDA:898,167,0,0
BRDA:898,167,1,0
BRDA:899,168,0,0
BRDA:899,168,1,0
BRDA:903,169,0,0
BRDA:903,169,1,0
BRDA:904,170,0,0
BRDA:904,170,1,0
BRDA:905,171,0,0
BRDA:905,171,1,0
BRDA:905,172,0,0
BRDA:905,172,1,0
BRDA:908,173,0,0
BRDA:908,173,1,0
BRDA:909,174,0,0
BRDA:909,174,1,0
BRDA:919,175,0,0
BRDA:919,175,1,0
BRDA:920,176,0,0
BRDA:920,176,1,0
BRDA:921,177,0,0
BRDA:921,177,1,0
BRDA:923,178,0,0
BRDA:923,178,1,0
BRDA:927,179,0,0
BRDA:927,179,1,0
BRDA:928,180,0,0
BRDA:928,180,1,0
BRDA:928,181,0,0
BRDA:928,181,1,0
BRDA:933,182,0,0
BRDA:933,182,1,0
BRDA:948,183,0,0
BRDA:948,183,1,0
BRDA:949,184,0,0
BRDA:949,184,1,0
BRDA:955,185,0,0
BRDA:955,185,1,0
BRDA:955,186,0,0
BRDA:955,186,1,0
BRDA:960,187,0,0
BRDA:960,187,1,0
BRDA:968,188,0,0
BRDA:968,188,1,0
BRDA:991,189,0,0
BRDA:991,189,1,0
BRDA:994,190,0,0
BRDA:994,190,1,0
BRDA:996,191,0,0
BRDA:996,191,1,0
BRDA:997,192,0,0
BRDA:997,192,1,0
BRDA:998,193,0,0
BRDA:998,193,1,0
BRDA:999,194,0,0
BRDA:999,194,1,0
BRDA:1014,195,0,0
BRDA:1014,195,1,0
BRDA:1022,196,0,0
BRDA:1022,196,1,0
BRDA:1024,197,0,0
BRDA:1024,197,1,0
BRDA:1032,198,0,0
BRDA:1032,198,1,0
BRDA:1032,198,2,0
BRDA:1033,199,0,0
BRDA:1033,199,1,0
BRDA:1034,200,0,0
BRDA:1034,200,1,0
BRDA:1045,201,0,0
BRDA:1045,201,1,0
BRDA:1046,202,0,0
BRDA:1046,202,1,0
BRDA:1052,203,0,0
BRDA:1052,203,1,0
BRDA:1057,204,0,0
BRDA:1057,204,1,0
BRDA:1080,205,0,0
BRDA:1080,205,1,0
BRDA:1080,206,0,0
BRDA:1080,206,1,0
BRDA:1083,207,0,0
BRDA:1083,207,1,0
BRDA:1084,208,0,0
BRDA:1084,208,1,0
BRDA:1104,209,0,0
BRDA:1104,209,1,0
BRDA:1109,210,0,0
BRDA:1110,211,0,0
BRDA:1110,211,1,0
BRDA:1110,212,0,0
BRDA:1110,212,1,0
BRDA:1110,212,2,0
BRDA:1111,213,0,0
BRDA:1111,213,1,0
BRDA:1111,214,0,0
BRDA:1111,214,1,0
BRDA:1112,215,0,0
BRDA:1112,215,1,0
BRDA:1120,216,0,0
BRDA:1120,216,1,0
BRDA:1120,217,0,0
BRDA:1120,217,1,0
BRDA:1124,218,0,0
BRDA:1124,218,1,0
BRDA:1129,219,0,0
BRDA:1129,219,1,0
BRDA:1131,220,0,0
BRDA:1131,220,1,0
BRDA:1151,221,0,0
BRDA:1151,221,1,0
BRDA:1159,222,0,0
BRDA:1159,222,1,0
BRDA:1159,223,0,0
BRDA:1159,223,1,0
BRDA:1162,224,0,0
BRDA:1162,224,1,0
BRDA:1173,225,0,0
BRDA:1173,225,1,0
BRDA:1190,226,0,0
BRDA:1190,226,1,0
BRDA:1190,227,0,0
BRDA:1190,227,1,0
BRDA:1197,228,0,0
BRDA:1197,228,1,0
BRDA:1197,229,0,0
BRDA:1197,229,1,0
BRDA:1198,230,0,0
BRDA:1198,230,1,0
BRDA:1199,231,0,0
BRDA:1199,231,1,0
BRDA:1200,232,0,0
BRDA:1200,232,1,0
BRDA:1205,233,0,0
BRDA:1205,233,1,0
BRDA:1219,234,0,0
BRDA:1219,234,1,0
BRDA:1234,235,0,0
BRDA:1243,236,0,0
BRDA:1243,236,1,0
BRDA:1245,237,0,0
BRDA:1245,237,1,0
BRDA:1246,238,0,0
BRDA:1246,238,1,0
BRDA:1249,239,0,0
BRDA:1249,239,1,0
BRDA:1250,240,0,0
BRDA:1250,240,1,0
BRDA:1252,241,0,0
BRDA:1252,241,1,0
BRDA:1256,242,0,0
BRDA:1256,242,1,0
BRDA:1259,243,0,0
BRDA:1259,243,1,0
BRDA:1260,244,0,0
BRDA:1260,244,1,0
BRDA:1261,245,0,0
BRDA:1261,245,1,0
BRDA:1274,246,0,0
BRDA:1274,246,1,0
BRDA:1275,247,0,0
BRDA:1275,247,1,0
BRDA:1277,248,0,0
BRDA:1277,248,1,0
BRDA:1278,249,0,0
BRDA:1278,249,1,0
BRDA:1285,250,0,0
BRDA:1285,250,1,0
BRDA:1285,251,0,0
BRDA:1285,251,1,0
BRDA:1290,252,0,0
BRDA:1290,252,1,0
BRDA:1294,253,0,0
BRDA:1294,253,1,0
BRDA:1302,254,0,0
BRDA:1302,254,1,0
BRDA:1306,255,0,0
BRDA:1306,255,1,0
BRDA:1307,256,0,0
BRDA:1307,256,1,0
BRDA:1307,257,0,0
BRDA:1307,257,1,0
BRDA:1318,258,0,0
BRDA:1318,258,1,0
BRDA:1330,259,0,0
BRDA:1330,259,1,0
BRDA:1335,260,0,0
BRDA:1335,260,1,0
BRDA:1336,261,0,0
BRDA:1336,261,1,0
BRDA:1337,262,0,0
BRDA:1337,262,1,0
BRDA:1342,263,0,0
BRDA:1342,263,1,0
BRDA:1343,264,0,0
BRDA:1343,264,1,0
BRDA:1343,264,2,0
BRDA:1344,265,0,0
BRDA:1344,265,1,0
BRDA:1346,266,0,0
BRDA:1346,266,1,0
BRDA:1347,267,0,0
BRDA:1347,267,1,0
BRDA:1350,268,0,0
BRDA:1350,268,1,0
BRDA:1350,269,0,0
BRDA:1350,269,1,0
BRDA:1350,269,2,0
BRDA:1355,270,0,0
BRDA:1355,270,1,0
BRDA:1363,271,0,0
BRDA:1363,271,1,0
BRDA:1372,272,0,0
BRDA:1372,272,1,0
BRDA:1374,273,0,0
BRDA:1374,273,1,0
BRDA:1379,274,0,0
BRDA:1379,274,1,0
BRDA:1380,275,0,0
BRDA:1380,275,1,0
BRDA:1382,276,0,0
BRDA:1382,276,1,0
BRDA:1382,277,0,0
BRDA:1382,277,1,0
BRDA:1383,278,0,0
BRDA:1383,278,1,0
BRDA:1388,279,0,0
BRDA:1388,279,1,0
BRDA:1401,280,0,0
BRDA:1401,280,1,0
BRDA:1402,281,0,0
BRDA:1402,281,1,0
BRDA:1403,282,0,0
BRDA:1403,282,1,0
BRDA:1403,283,0,0
BRDA:1403,283,1,0
BRDA:1403,283,2,0
BRDA:1403,283,3,0
BRDA:1410,284,0,0
BRDA:1410,284,1,0
BRDA:1428,285,0,0
BRDA:1428,285,1,0
BRDA:1429,286,0,0
BRDA:1429,286,1,0
BRDA:1430,287,0,0
BRDA:1430,287,1,0
BRDA:1432,288,0,0
BRDA:1432,288,1,0
BRDA:1432,289,0,0
BRDA:1432,289,1,0
BRDA:1432,289,2,0
BRDA:1432,289,3,0
BRDA:1434,290,0,0
BRDA:1434,290,1,0
BRDA:1446,291,0,0
BRDA:1446,291,1,0
BRDA:1446,292,0,0
BRDA:1446,292,1,0
BRDA:1450,293,0,0
BRDA:1450,293,1,0
BRDA:1452,294,0,0
BRDA:1452,294,1,0
BRDA:1452,295,0,0
BRDA:1452,295,1,0
BRDA:1452,295,2,0
BRDA:1452,295,3,0
BRDA:1466,296,0,0
BRDA:1466,296,1,0
BRDA:1472,297,0,0
BRDA:1472,297,1,0
BRDA:1473,298,0,0
BRDA:1473,298,1,0
BRDA:1474,299,0,0
BRDA:1474,299,1,0
BRDA:1481,300,0,0
BRDA:1481,300,1,0
BRDA:1484,301,0,0
BRDA:1484,301,1,0
BRDA:1493,302,0,0
BRDA:1493,302,1,0
BRDA:1495,303,0,0
BRDA:1495,303,1,0
BRDA:1499,304,0,0
BRDA:1499,304,1,0
BRDA:1512,305,0,0
BRDA:1512,305,1,0
BRDA:1514,306,0,0
BRDA:1514,306,1,0
BRDA:1515,307,0,0
BRDA:1515,307,1,0
BRDA:1516,308,0,0
BRDA:1516,308,1,0
BRDA:1516,309,0,0
BRDA:1516,309,1,0
BRDA:1517,310,0,0
BRDA:1517,310,1,0
BRDA:1517,311,0,0
BRDA:1517,311,1,0
BRDA:1522,312,0,0
BRDA:1522,312,1,0
BRDA:1540,313,0,0
BRDA:1540,313,1,0
BRDA:1545,314,0,0
BRDA:1545,314,1,0
BRDA:1546,315,0,0
BRDA:1546,315,1,0
BRDA:1548,316,0,0
BRDA:1548,316,1,0
BRDA:1551,317,0,0
BRDA:1551,317,1,0
BRDA:1557,318,0,0
BRDA:1557,318,1,0
BRDA:1558,319,0,0
BRDA:1558,319,1,0
BRDA:1565,320,0,0
BRDA:1565,320,1,0
BRDA:1565,321,0,0
BRDA:1565,321,1,0
BRDA:1572,322,0,0
BRDA:1572,322,1,0
BRDA:1579,323,0,0
BRDA:1579,323,1,0
BRDA:1580,324,0,0
BRDA:1580,324,1,0
BRDA:1583,325,0,0
BRDA:1583,325,1,0
BRDA:1584,326,0,0
BRDA:1584,326,1,0
BRDA:1585,327,0,0
BRDA:1585,327,1,0
BRDA:1586,328,0,0
BRDA:1586,328,1,0
BRDA:1591,329,0,0
BRDA:1591,329,1,0
BRDA:1592,330,0,0
BRDA:1592,330,1,0
BRDA:1593,331,0,0
BRDA:1593,331,1,0
BRDA:1595,332,0,0
BRDA:1595,332,1,0
BRDA:1596,333,0,0
BRDA:1596,333,1,0
BRDA:1602,334,0,0
BRDA:1602,334,1,0
BRDA:1611,335,0,0
BRDA:1612,336,0,0
BRDA:1612,336,1,0
BRDA:1612,337,0,0
BRDA:1612,337,1,0
BRDA:1616,338,0,0
BRDA:1616,338,1,0
BRDA:1620,339,0,0
BRDA:1620,339,1,0
BRDA:1620,340,0,0
BRDA:1620,340,1,0
BRDA:1620,340,2,0
BRDA:1625,341,0,0
BRDA:1625,341,1,0
BRDA:1628,342,0,0
BRDA:1628,342,1,0
BRDA:1628,343,0,0
BRDA:1628,343,1,0
BRDA:1628,343,2,0
BRDA:1633,344,0,0
BRDA:1633,344,1,0
BRDA:1633,345,0,0
BRDA:1633,345,1,0
BRDA:1634,346,0,0
BRDA:1634,346,1,0
BRDA:1634,347,0,0
BRDA:1634,347,1,0
BRDA:1639,348,0,0
BRDA:1639,348,1,0
BRDA:1644,349,0,0
BRDA:1644,349,1,0
BRDA:1658,350,0,0
BRDA:1658,350,1,0
BRDA:1672,351,0,0
BRDA:1672,351,1,0
BRDA:1683,352,0,0
BRDA:1683,352,1,0
BRDA:1683,353,0,0
BRDA:1683,353,1,0
BRDA:1685,354,0,0
BRDA:1685,354,1,0
BRDA:1685,355,0,0
BRDA:1685,355,1,0
BRDA:1685,355,2,0
BRDA:1695,356,0,0
BRDA:1695,356,1,0
BRDA:1725,357,0,0
BRDA:1725,357,1,0
BRDA:1725,358,0,0
BRDA:1725,358,1,0
BRDA:1731,359,0,0
BRDA:1731,359,1,0
BRDA:1732,360,0,0
BRDA:1732,360,1,0
BRDA:1733,361,0,0
BRDA:1733,361,1,0
BRDA:1745,362,0,0
BRDA:1745,362,1,0
BRDA:1753,363,0,0
BRDA:1753,363,1,0
BRDA:1766,364,0,0
BRDA:1766,364,1,0
BRDA:1775,365,0,0
BRDA:1775,365,1,0
BRDA:1779,366,0,0
BRDA:1779,366,1,0
BRDA:1779,367,0,0
BRDA:1779,367,1,0
BRDA:1779,367,2,0
BRDA:1779,367,3,0
BRDA:1781,368,0,0
BRDA:1781,368,1,0
BRDA:1781,369,0,0
BRDA:1781,369,1,0
BRDA:1781,369,2,0
BRDA:1781,369,3,0
BRDA:1797,370,0,0
BRDA:1797,370,1,0
BRDA:1799,371,0,0
BRDA:1799,371,1,0
BRDA:1816,372,0,0
BRDA:1816,372,1,0
BRDA:1816,373,0,0
BRDA:1816,373,1,0
BRDA:1828,374,0,0
BRDA:1828,374,1,0
BRDA:1836,375,0,0
BRDA:1836,375,1,0
BRDA:1838,376,0,0
BRDA:1838,376,1,0
BRDA:1861,377,0,0
BRDA:1861,377,1,0
BRDA:1879,378,0,0
BRDA:1879,378,1,0
BRDA:1895,379,0,0
BRDA:1895,379,1,0
BRDA:1906,380,0,0
BRDA:1906,380,1,0
BRDA:1921,381,0,0
BRDA:1921,381,1,0
BRDA:1922,382,0,0
BRDA:1922,382,1,0
BRDA:1924,383,0,0
BRDA:1924,383,1,0
BRDA:1926,384,0,0
BRDA:1926,384,1,0
BRDA:1931,385,0,0
BRDA:1931,385,1,0
BRDA:1932,386,0,0
BRDA:1932,386,1,0
BRDA:1934,387,0,0
BRDA:1934,387,1,0
BRDA:1936,388,0,0
BRDA:1936,388,1,0
BRDA:1942,389,0,0
BRDA:1942,389,1,0
BRDA:1943,390,0,0
BRDA:1943,390,1,0
BRDA:1945,391,0,0
BRDA:1945,391,1,0
BRDA:1945,392,0,0
BRDA:1945,392,1,0
BRDA:1946,393,0,0
BRDA:1946,393,1,0
BRDA:1948,394,0,0
BRDA:1948,394,1,0
BRDA:1949,395,0,0
BRDA:1949,395,1,0
BRDA:1953,396,0,0
BRDA:1953,396,1,0
BRDA:1956,397,0,0
BRDA:1956,397,1,0
BRDA:1964,398,0,0
BRDA:1964,398,1,0
BRDA:1964,398,2,0
BRDA:1964,398,3,0
BRDA:1992,399,0,0
BRDA:1992,399,1,0
BRDA:1994,400,0,0
BRDA:1994,400,1,0
BRDA:1994,400,2,0
BRDA:1994,400,3,0
BRDA:1994,400,4,0
BRDA:2000,401,0,0
BRDA:2000,401,1,0
BRDA:2000,401,2,0
BRDA:2000,401,3,0
BRDA:2000,401,4,0
BRDA:2001,402,0,0
BRDA:2001,402,1,0
BRDA:2003,403,0,0
BRDA:2003,403,1,0
BRDA:2005,404,0,0
BRDA:2005,404,1,0
BRDA:2010,405,0,0
BRDA:2010,405,1,0
BRDA:2012,406,0,0
BRDA:2012,406,1,0
BRDA:2014,407,0,0
BRDA:2014,407,1,0
BRDA:2016,408,0,0
BRDA:2016,408,1,0
BRDA:2018,409,0,0
BRDA:2018,409,1,0
BRDA:2020,410,0,0
BRDA:2020,410,1,0
BRDA:2022,411,0,0
BRDA:2022,411,1,0
BRDA:2024,412,0,0
BRDA:2024,412,1,0
BRDA:2024,413,0,0
BRDA:2024,413,1,0
BRDA:2032,414,0,0
BRDA:2050,415,0,0
BRDA:2050,415,1,0
BRDA:2059,416,0,0
BRDA:2060,417,0,0
BRDA:2065,418,0,0
BRDA:2065,418,1,0
BRDA:2066,419,0,0
BRDA:2066,419,1,0
BRDA:2066,420,0,0
BRDA:2066,420,1,0
BRDA:2067,421,0,0
BRDA:2067,421,1,0
BRDA:2067,422,0,0
BRDA:2067,422,1,0
BRDA:2070,423,0,0
BRDA:2070,423,1,0
BRDA:2071,424,0,0
BRDA:2071,424,1,0
BRDA:2072,425,0,0
BRDA:2072,425,1,0
BRDA:2074,426,0,0
BRDA:2074,426,1,0
BRDA:2077,427,0,0
BRDA:2077,427,1,0
BRDA:2079,428,0,0
BRDA:2079,428,1,0
BRDA:2085,429,0,0
BRDA:2085,429,1,0
BRDA:2088,430,0,0
BRDA:2114,431,0,0
BRDA:2137,432,0,0
BRDA:2147,433,0,0
BRDA:2157,434,0,0
BRDA:2157,434,1,0
BRDA:2158,435,0,0
BRDA:2158,435,1,0
BRDA:2159,436,0,0
BRDA:2159,436,1,0
BRDA:2170,437,0,0
BRDA:2170,437,1,0
BRDA:2178,438,0,0
BRDA:2182,439,0,0
BRDA:2182,439,1,0
BRDA:2182,440,0,0
BRDA:2182,440,1,0
BRDA:2183,441,0,0
BRDA:2183,441,1,0
BRDA:2183,442,0,0
BRDA:2183,442,1,0
BRDA:2183,442,2,0
BRDA:2186,443,0,0
BRDA:2186,443,1,0
BRDA:2186,444,0,0
BRDA:2186,444,1,0
BRDA:2190,445,0,0
BRDA:2204,446,0,0
BRDA:2204,446,1,0
BRDA:2248,447,0,0
BRDA:2254,448,0,0
BRDA:2265,449,0,0
BRDA:2268,450,0,0
BRDA:2268,450,1,0
BRDA:2271,451,0,0
BRDA:2276,452,0,0
BRDA:2284,453,0,0
BRDA:2284,453,1,0
BRDA:2284,454,0,0
BRDA:2284,454,1,0
BRDA:2284,454,2,0
BRDA:2288,455,0,0
BRDA:2288,455,1,0
BRDA:2290,456,0,0
BRDA:2290,456,1,0
BRDA:2292,457,0,0
BRDA:2292,457,1,0
BRDA:2292,458,0,0
BRDA:2292,458,1,0
BRDA:2298,459,0,0
BRDA:2298,459,1,0
BRDA:2298,460,0,0
BRDA:2298,460,1,0
BRDA:2299,461,0,0
BRDA:2299,461,1,0
BRDA:2307,462,0,0
BRDA:2307,462,1,0
BRDA:2308,463,0,0
BRDA:2308,463,1,0
BRDA:2323,464,0,0
BRDA:2323,464,1,0
BRDA:2344,465,0,0
BRDA:2344,465,1,0
BRDA:2345,466,0,0
BRDA:2345,466,1,0
BRDA:2366,467,0,0
BRDA:2377,468,0,0
BRDA:2377,468,1,0
BRDA:2391,469,0,0
BRDA:2393,470,0,0
BRDA:2396,471,0,0
BRDA:2396,471,1,0
BRDA:2422,472,0,0
BRDA:2422,472,1,0
BRDA:2422,472,2,0
BRDA:2427,473,0,0
BRDA:2427,473,1,0
BRDA:2433,474,0,0
BRDA:2433,474,1,0
BRDA:2446,475,0,0
BRDA:2446,475,1,0
BRDA:2454,476,0,0
BRDA:2460,477,0,0
BRDA:2466,478,0,0
BRDA:2469,479,0,0
BRDA:2477,480,0,0
BRDA:2483,481,0,0
BRDA:2491,482,0,0
BRDA:2491,482,1,0
BRDA:2492,483,0,0
BRDA:2492,483,1,0
BRDA:2492,483,2,0
BRDA:2494,484,0,0
BRDA:2494,484,1,0
BRF:986
BRH:0
end_of_record
TN:
SF:pages/HowItWorks.tsx
FN:8,(anonymous_4)
FN:60,HowItWorksPage
FNF:2
FNH:0
FNDA:0,(anonymous_4)
FNDA:0,HowItWorksPage
DA:1,0
DA:2,0
DA:8,0
DA:60,0
DA:61,0
LF:5
LH:0
BRF:0
BRH:0
end_of_record
TN:
SF:pages/LandingPage.tsx
FN:9,(anonymous_4)
FN:49,LandingPageRoute
FNF:2
FNH:0
FNDA:0,(anonymous_4)
FNDA:0,LandingPageRoute
DA:1,0
DA:2,0
DA:9,0
DA:49,0
DA:50,0
LF:5
LH:0
BRF:0
BRH:0
end_of_record
TN:
SF:pages/SetupKey.tsx
FN:10,(anonymous_6)
FN:14,(anonymous_7)
FN:19,(anonymous_8)
FN:83,(anonymous_9)
FN:96,SetupKeyRoute
FNF:5
FNH:0
FNDA:0,(anonymous_6)
FNDA:0,(anonymous_7)
FNDA:0,(anonymous_8)
FNDA:0,(anonymous_9)
FNDA:0,SetupKeyRoute
DA:1,0
DA:2,0
DA:3,0
DA:10,0
DA:11,0
DA:12,0
DA:14,0
DA:15,0
DA:16,0
DA:19,0
DA:20,0
DA:21,0
DA:22,0
DA:23,0
DA:26,0
DA:27,0
DA:28,0
DA:29,0
DA:30,0
DA:37,0
DA:38,0
DA:39,0
DA:41,0
DA:43,0
DA:45,0
DA:46,0
DA:47,0
DA:48,0
DA:50,0
DA:83,0
DA:96,0
DA:97,0
LF:32
LH:0
BRDA:16,0,0,0
BRDA:16,0,1,0
BRDA:21,1,0,0
BRDA:21,1,1,0
BRDA:39,2,0,0
BRDA:39,2,1,0
BRDA:45,3,0,0
BRDA:45,3,1,0
BRDA:50,4,0,0
BRDA:50,4,1,0
BRDA:88,5,0,0
BRDA:88,5,1,0
BRF:12
BRH:0
end_of_record
